42.0 APEX_CODE,FINEST;APEX_PROFILING,INFO;CALLOUT,INFO;DB,INFO;SYSTEM,DEBUG;VALIDATION,INFO;VISUALFORCE,INFO;WAVE,INFO;WORKFLOW,INFO
11:18:42.0 (281081)|USER_INFO|[EXTERNAL]|0050N000006oSnw|bijays@creation.technology|Greenwich Mean Time|GMTZ
11:18:42.0 (325881)|EXECUTION_STARTED
11:18:42.0 (330638)|CODE_UNIT_STARTED|[EXTERNAL]|VisualForce View State
11:18:42.0 (7713335)|CODE_UNIT_FINISHED|VisualForce View State
11:18:42.0 (8534238)|EXECUTION_FINISHED
11:18:42.23 (23010225)|USER_INFO|[EXTERNAL]|0050N000006oSnw|bijays@creation.technology|Greenwich Mean Time|GMTZ
11:18:42.23 (23028450)|EXECUTION_STARTED
11:18:42.23 (23032498)|CODE_UNIT_STARTED|[EXTERNAL]|VF: /apex/editApexPage.apexp
11:18:42.23 (36073134)|CODE_UNIT_STARTED|[EXTERNAL]|VF Controller Save
11:18:42.23 (36131742)|SYSTEM_MODE_ENTER|false
11:18:42.23 (431528588)|CODE_UNIT_FINISHED|VF Controller Save
11:18:42.23 (468834354)|VF_SERIALIZE_VIEWSTATE_BEGIN|
11:18:42.23 (475692944)|VF_SERIALIZE_VIEWSTATE_END
11:18:42.483 (483733708)|CUMULATIVE_LIMIT_USAGE
11:18:42.483 (483733708)|LIMIT_USAGE_FOR_NS|(default)|
  Number of SOQL queries: 0 out of 100
  Number of query rows: 0 out of 50000
  Number of SOSL queries: 0 out of 20
  Number of DML statements: 0 out of 150
  Number of DML rows: 0 out of 10000
  Maximum CPU time: 0 out of 10000
  Maximum heap size: 0 out of 6000000
  Number of callouts: 0 out of 100
  Number of Email Invocations: 0 out of 10
  Number of future calls: 0 out of 50
  Number of queueable jobs added to the queue: 0 out of 50
  Number of Mobile Apex push calls: 0 out of 10

11:18:42.483 (483733708)|CUMULATIVE_LIMIT_USAGE_END

11:18:42.23 (483775447)|CODE_UNIT_FINISHED|VF: /apex/editApexPage.apexp
11:18:42.23 (484760773)|EXECUTION_FINISHED
