42.0 APEX_CODE,FINEST;APEX_PROFILING,INFO;CALLOUT,INFO;DB,INFO;SYSTEM,DEBUG;VALIDATION,INFO;VISUALFORCE,INFO;WAVE,INFO;WORKFLOW,INFO
11:26:16.0 (318276)|USER_INFO|[EXTERNAL]|0050N000006oSnw|bijays@creation.technology|Greenwich Mean Time|GMTZ
11:26:16.0 (346240)|EXECUTION_STARTED
11:26:16.0 (351297)|CODE_UNIT_STARTED|[EXTERNAL]|VisualForce View State
11:26:16.0 (7776891)|CODE_UNIT_FINISHED|VisualForce View State
11:26:16.0 (8915231)|EXECUTION_FINISHED
11:26:16.23 (23419813)|USER_INFO|[EXTERNAL]|0050N000006oSnw|bijays@creation.technology|Greenwich Mean Time|GMTZ
11:26:16.23 (23436092)|EXECUTION_STARTED
11:26:16.23 (23439711)|CODE_UNIT_STARTED|[EXTERNAL]|VF: /apex/editApexPage.apexp
11:26:16.23 (33069366)|CODE_UNIT_STARTED|[EXTERNAL]|VF Controller Save
11:26:16.23 (33088790)|SYSTEM_MODE_ENTER|false
11:26:16.23 (343797535)|CODE_UNIT_FINISHED|VF Controller Save
11:26:16.23 (382312676)|VF_SERIALIZE_VIEWSTATE_BEGIN|
11:26:16.23 (387839007)|VF_SERIALIZE_VIEWSTATE_END
11:26:16.394 (394859948)|CUMULATIVE_LIMIT_USAGE
11:26:16.394 (394859948)|LIMIT_USAGE_FOR_NS|(default)|
  Number of SOQL queries: 0 out of 100
  Number of query rows: 0 out of 50000
  Number of SOSL queries: 0 out of 20
  Number of DML statements: 0 out of 150
  Number of DML rows: 0 out of 10000
  Maximum CPU time: 0 out of 10000
  Maximum heap size: 0 out of 6000000
  Number of callouts: 0 out of 100
  Number of Email Invocations: 0 out of 10
  Number of future calls: 0 out of 50
  Number of queueable jobs added to the queue: 0 out of 50
  Number of Mobile Apex push calls: 0 out of 10

11:26:16.394 (394859948)|CUMULATIVE_LIMIT_USAGE_END

11:26:16.23 (394895536)|CODE_UNIT_FINISHED|VF: /apex/editApexPage.apexp
11:26:16.23 (395657661)|EXECUTION_FINISHED
