42.0 APEX_CODE,FINEST;APEX_PROFILING,INFO;CALLOUT,INFO;DB,INFO;SYSTEM,DEBUG;VALIDATION,INFO;VISUALFORCE,INFO;WAVE,INFO;WORKFLOW,INFO
15:25:23.0 (327565)|USER_INFO|[EXTERNAL]|0050N000006oSnw|bijays@creation.technology|Greenwich Mean Time|GMTZ
15:25:23.0 (370945)|EXECUTION_STARTED
15:25:23.0 (376265)|CODE_UNIT_STARTED|[EXTERNAL]|VisualForce View State
15:25:23.0 (8787060)|CODE_UNIT_FINISHED|VisualForce View State
15:25:23.0 (9618715)|EXECUTION_FINISHED
15:25:23.25 (25716557)|USER_INFO|[EXTERNAL]|0050N000006oSnw|bijays@creation.technology|Greenwich Mean Time|GMTZ
15:25:23.25 (25734375)|EXECUTION_STARTED
15:25:23.25 (25737723)|CODE_UNIT_STARTED|[EXTERNAL]|VF: /apex/editApexPage.apexp
15:25:23.25 (35086804)|CODE_UNIT_STARTED|[EXTERNAL]|VF Controller Save
15:25:23.25 (35106900)|SYSTEM_MODE_ENTER|false
15:25:23.25 (368070789)|CODE_UNIT_FINISHED|VF Controller Save
15:25:23.25 (403912702)|VF_SERIALIZE_VIEWSTATE_BEGIN|
15:25:23.25 (409645596)|VF_SERIALIZE_VIEWSTATE_END
15:25:23.416 (416112534)|CUMULATIVE_LIMIT_USAGE
15:25:23.416 (416112534)|LIMIT_USAGE_FOR_NS|(default)|
  Number of SOQL queries: 0 out of 100
  Number of query rows: 0 out of 50000
  Number of SOSL queries: 0 out of 20
  Number of DML statements: 0 out of 150
  Number of DML rows: 0 out of 10000
  Maximum CPU time: 0 out of 10000
  Maximum heap size: 0 out of 6000000
  Number of callouts: 0 out of 100
  Number of Email Invocations: 0 out of 10
  Number of future calls: 0 out of 50
  Number of queueable jobs added to the queue: 0 out of 50
  Number of Mobile Apex push calls: 0 out of 10

15:25:23.416 (416112534)|CUMULATIVE_LIMIT_USAGE_END

15:25:23.25 (416152752)|CODE_UNIT_FINISHED|VF: /apex/editApexPage.apexp
15:25:23.25 (416928328)|EXECUTION_FINISHED
