36.0 APEX_CODE,FINEST;APEX_PROFILING,INFO;CALLOUT,INFO;DB,INFO;SYSTEM,DEBUG;VALIDATION,INFO;VISUALFORCE,INFO;WAVE,INFO;WORKFLOW,INFO
12:38:49.0 (319448)|USER_INFO|[EXTERNAL]|0050N000006oSnw|bijays@creation.technology|Greenwich Mean Time|GMTZ
12:38:49.0 (475501)|EXECUTION_STARTED
12:38:49.0 (480281)|CODE_UNIT_STARTED|[EXTERNAL]|01p0N000007Ajm0|BlockRestService.getBlockDetails
12:38:49.0 (673860)|HEAP_ALLOCATE|[72]|Bytes:3
12:38:49.0 (733196)|HEAP_ALLOCATE|[77]|Bytes:152
12:38:49.0 (747926)|HEAP_ALLOCATE|[342]|Bytes:408
12:38:49.0 (765055)|HEAP_ALLOCATE|[355]|Bytes:408
12:38:49.0 (784065)|HEAP_ALLOCATE|[467]|Bytes:48
12:38:49.0 (835932)|HEAP_ALLOCATE|[139]|Bytes:6
12:38:49.0 (880931)|HEAP_ALLOCATE|[EXTERNAL]|Bytes:252
12:38:49.0 (901864)|HEAP_ALLOCATE|[EXTERNAL]|Bytes:25
12:38:49.0 (924838)|SYSTEM_METHOD_ENTRY|[1]|RestRequest.RestRequest()
12:38:49.0 (930768)|STATEMENT_EXECUTE|[1]
12:38:49.0 (950412)|SYSTEM_METHOD_EXIT|[1]|RestRequest
12:38:49.0 (957811)|HEAP_ALLOCATE|[EXTERNAL]|Bytes:32
12:38:49.0 (971708)|HEAP_ALLOCATE|[EXTERNAL]|Bytes:8
12:38:49.0 (974775)|HEAP_ALLOCATE|[EXTERNAL]|Bytes:12
12:38:49.0 (980881)|VARIABLE_SCOPE_BEGIN|[16]|this|System.RestRequest|true|false
12:38:49.0 (1115552)|VARIABLE_ASSIGNMENT|[16]|this|{}|0x1bbed4be
12:38:49.0 (1123608)|VARIABLE_SCOPE_BEGIN|[16]|request|java:com.force.swag.rest.RestRequest|true|false
12:38:49.0 (1251825)|VARIABLE_ASSIGNMENT|[16]|request|"com.force.swag.rest.RestRequestServletImpl@62f44ead"|0x62f44ead
12:38:49.0 (1260223)|VARIABLE_SCOPE_BEGIN|[16]|urlMapping|String|false|false
12:38:49.0 (1270541)|VARIABLE_ASSIGNMENT|[16]|urlMapping|"/BlockList/*"
12:38:49.0 (1715658)|HEAP_ALLOCATE|[EXTERNAL]|Bytes:32
12:38:49.0 (1726887)|HEAP_ALLOCATE|[EXTERNAL]|Bytes:7
12:38:49.0 (1729450)|HEAP_ALLOCATE|[EXTERNAL]|Bytes:2
12:38:49.0 (1734090)|VARIABLE_SCOPE_BEGIN|[24]|this|System.RestRequest|true|false
12:38:49.0 (1766840)|VARIABLE_ASSIGNMENT|[24]|this|{"headers":"0x3f921986","httpMethod":"GET","params":"0x6c0cc887","remoteAddress":"80.87.30.130","requestURI":"/BlockList","resourcePath":"/services/apexrest/B (10 more) ..."}|0x1bbed4be
12:38:49.0 (1774896)|VARIABLE_SCOPE_BEGIN|[24]|name|String|false|false
12:38:49.0 (1782274)|VARIABLE_ASSIGNMENT|[24]|name|"keyWord"
12:38:49.0 (1785791)|VARIABLE_SCOPE_BEGIN|[24]|value|String|false|false
12:38:49.0 (1791706)|VARIABLE_ASSIGNMENT|[24]|value|"hi"
12:38:49.0 (1854714)|HEAP_ALLOCATE|[EXTERNAL]|Bytes:32
12:38:49.0 (1859786)|HEAP_ALLOCATE|[EXTERNAL]|Bytes:11
12:38:49.0 (1862514)|HEAP_ALLOCATE|[EXTERNAL]|Bytes:44
12:38:49.0 (1865880)|VARIABLE_SCOPE_BEGIN|[28]|this|System.RestRequest|true|false
12:38:49.0 (1889985)|VARIABLE_ASSIGNMENT|[28]|this|{"headers":"0x3f921986","httpMethod":"GET","params":"0x6c0cc887","remoteAddress":"80.87.30.130","requestURI":"/BlockList","resourcePath":"/services/apexrest/B (10 more) ..."}|0x1bbed4be
12:38:49.0 (1895896)|VARIABLE_SCOPE_BEGIN|[28]|name|String|false|false
12:38:49.0 (1901910)|VARIABLE_ASSIGNMENT|[28]|name|"CipherSuite"
12:38:49.0 (1904882)|VARIABLE_SCOPE_BEGIN|[28]|value|String|false|false
12:38:49.0 (1910721)|VARIABLE_ASSIGNMENT|[28]|value|"ECDHE-RSA-AES128-GCM (24 more) ..."
12:38:49.0 (1958052)|HEAP_ALLOCATE|[EXTERNAL]|Bytes:32
12:38:49.0 (1962593)|HEAP_ALLOCATE|[EXTERNAL]|Bytes:10
12:38:49.0 (1964614)|HEAP_ALLOCATE|[EXTERNAL]|Bytes:10
12:38:49.0 (1967486)|VARIABLE_SCOPE_BEGIN|[28]|this|System.RestRequest|true|false
12:38:49.0 (1988584)|VARIABLE_ASSIGNMENT|[28]|this|{"headers":"0x3f921986","httpMethod":"GET","params":"0x6c0cc887","remoteAddress":"80.87.30.130","requestURI":"/BlockList","resourcePath":"/services/apexrest/B (10 more) ..."}|0x1bbed4be
12:38:49.0 (1994910)|VARIABLE_SCOPE_BEGIN|[28]|name|String|false|false
12:38:49.0 (2000945)|VARIABLE_ASSIGNMENT|[28]|name|"Connection"
12:38:49.0 (2004457)|VARIABLE_SCOPE_BEGIN|[28]|value|String|false|false
12:38:49.0 (2009770)|VARIABLE_ASSIGNMENT|[28]|value|"keep-alive"
12:38:49.0 (2038674)|HEAP_ALLOCATE|[EXTERNAL]|Bytes:32
12:38:49.0 (2042551)|HEAP_ALLOCATE|[EXTERNAL]|Bytes:10
12:38:49.0 (2044397)|HEAP_ALLOCATE|[EXTERNAL]|Bytes:34
12:38:49.0 (2047550)|VARIABLE_SCOPE_BEGIN|[28]|this|System.RestRequest|true|false
12:38:49.0 (2067343)|VARIABLE_ASSIGNMENT|[28]|this|{"headers":"0x3f921986","httpMethod":"GET","params":"0x6c0cc887","remoteAddress":"80.87.30.130","requestURI":"/BlockList","resourcePath":"/services/apexrest/B (10 more) ..."}|0x1bbed4be
12:38:49.0 (2072636)|VARIABLE_SCOPE_BEGIN|[28]|name|String|false|false
12:38:49.0 (2078006)|VARIABLE_ASSIGNMENT|[28]|name|"User-Agent"
12:38:49.0 (2081331)|VARIABLE_SCOPE_BEGIN|[28]|value|String|false|false
12:38:49.0 (2087336)|VARIABLE_ASSIGNMENT|[28]|value|"Apache-HttpClient/4. (14 more) ..."
12:38:49.0 (2112435)|HEAP_ALLOCATE|[EXTERNAL]|Bytes:32
12:38:49.0 (2115873)|HEAP_ALLOCATE|[EXTERNAL]|Bytes:4
12:38:49.0 (2118170)|HEAP_ALLOCATE|[EXTERNAL]|Bytes:36
12:38:49.0 (2120579)|VARIABLE_SCOPE_BEGIN|[28]|this|System.RestRequest|true|false
12:38:49.0 (2141216)|VARIABLE_ASSIGNMENT|[28]|this|{"headers":"0x3f921986","httpMethod":"GET","params":"0x6c0cc887","remoteAddress":"80.87.30.130","requestURI":"/BlockList","resourcePath":"/services/apexrest/B (10 more) ..."}|0x1bbed4be
12:38:49.0 (2146720)|VARIABLE_SCOPE_BEGIN|[28]|name|String|false|false
12:38:49.0 (2152242)|VARIABLE_ASSIGNMENT|[28]|name|"Host"
12:38:49.0 (2154910)|VARIABLE_SCOPE_BEGIN|[28]|value|String|false|false
12:38:49.0 (2160643)|VARIABLE_ASSIGNMENT|[28]|value|"creationbot-dev-ed.m (16 more) ..."
12:38:49.0 (2185347)|HEAP_ALLOCATE|[EXTERNAL]|Bytes:32
12:38:49.0 (2189404)|HEAP_ALLOCATE|[EXTERNAL]|Bytes:15
12:38:49.0 (2191576)|HEAP_ALLOCATE|[EXTERNAL]|Bytes:12
12:38:49.0 (2193844)|VARIABLE_SCOPE_BEGIN|[28]|this|System.RestRequest|true|false
12:38:49.0 (2212906)|VARIABLE_ASSIGNMENT|[28]|this|{"headers":"0x3f921986","httpMethod":"GET","params":"0x6c0cc887","remoteAddress":"80.87.30.130","requestURI":"/BlockList","resourcePath":"/services/apexrest/B (10 more) ..."}|0x1bbed4be
12:38:49.0 (2218355)|VARIABLE_SCOPE_BEGIN|[28]|name|String|false|false
12:38:49.0 (2224607)|VARIABLE_ASSIGNMENT|[28]|name|"Accept-Encoding"
12:38:49.0 (2227937)|VARIABLE_SCOPE_BEGIN|[28]|value|String|false|false
12:38:49.0 (2233227)|VARIABLE_ASSIGNMENT|[28]|value|"gzip,deflate"
12:38:49.0 (2257249)|HEAP_ALLOCATE|[EXTERNAL]|Bytes:32
12:38:49.0 (2260634)|HEAP_ALLOCATE|[EXTERNAL]|Bytes:16
12:38:49.0 (2262715)|HEAP_ALLOCATE|[EXTERNAL]|Bytes:12
12:38:49.0 (2265046)|VARIABLE_SCOPE_BEGIN|[28]|this|System.RestRequest|true|false
12:38:49.0 (2284794)|VARIABLE_ASSIGNMENT|[28]|this|{"headers":"0x3f921986","httpMethod":"GET","params":"0x6c0cc887","remoteAddress":"80.87.30.130","requestURI":"/BlockList","resourcePath":"/services/apexrest/B (10 more) ..."}|0x1bbed4be
12:38:49.0 (2290649)|VARIABLE_SCOPE_BEGIN|[28]|name|String|false|false
12:38:49.0 (2296286)|VARIABLE_ASSIGNMENT|[28]|name|"X-Salesforce-SIP"
12:38:49.0 (2299296)|VARIABLE_SCOPE_BEGIN|[28]|value|String|false|false
12:38:49.0 (2304744)|VARIABLE_ASSIGNMENT|[28]|value|"80.87.30.130"
12:38:49.0 (2349800)|HEAP_ALLOCATE|[EXTERNAL]|Bytes:4
12:38:49.0 (2354147)|HEAP_ALLOCATE|[EXTERNAL]|Bytes:32
12:38:49.0 (2378873)|VARIABLE_ASSIGNMENT|[EXTERNAL]|this.requestBody|BLOB(0 bytes)|0x1bbed4be
12:38:49.0 (2436854)|HEAP_ALLOCATE|[EXTERNAL]|Bytes:156
12:38:49.0 (2442574)|HEAP_ALLOCATE|[EXTERNAL]|Bytes:10
12:38:49.0 (2451296)|SYSTEM_METHOD_ENTRY|[1]|RestResponse.RestResponse()
12:38:49.0 (2455043)|STATEMENT_EXECUTE|[1]
12:38:49.0 (2460882)|SYSTEM_METHOD_EXIT|[1]|RestResponse
12:38:49.0 (2466143)|HEAP_ALLOCATE|[EXTERNAL]|Bytes:16
12:38:49.0 (2470508)|VARIABLE_SCOPE_BEGIN|[7]|this|System.RestResponse|true|false
12:38:49.0 (2487385)|VARIABLE_ASSIGNMENT|[7]|this|{}|0x17afa9c
12:38:49.0 (2606369)|VARIABLE_SCOPE_BEGIN|[4]|RestContext.request|System.RestRequest|true|true
12:38:49.0 (2614646)|VARIABLE_SCOPE_BEGIN|[5]|RestContext.response|System.RestResponse|true|true
12:38:49.0 (2622761)|HEAP_ALLOCATE|[EXTERNAL]|Bytes:112
12:38:49.0 (2627708)|HEAP_ALLOCATE|[EXTERNAL]|Bytes:5
12:38:49.0 (2634151)|SYSTEM_METHOD_ENTRY|[2]|RestContext.RestContext()
12:38:49.0 (2637241)|STATEMENT_EXECUTE|[2]
12:38:49.0 (2641638)|SYSTEM_METHOD_EXIT|[2]|RestContext
12:38:49.0 (2647100)|HEAP_ALLOCATE|[EXTERNAL]|Bytes:32
12:38:49.0 (2690577)|VARIABLE_ASSIGNMENT|[EXTERNAL]|RestContext.request|{"headers":"0x3f921986","httpMethod":"GET","params":"0x6c0cc887","remoteAddress":"80.87.30.130","requestBody":BLOB(0 bytes),"requestURI":"/BlockList","resourcePath":"/services/apexrest/B (10 more) ..."}|0x1bbed4be
12:38:49.0 (2703728)|HEAP_ALLOCATE|[EXTERNAL]|Bytes:16
12:38:49.0 (2722127)|VARIABLE_ASSIGNMENT|[EXTERNAL]|RestContext.response|{"headers":"0x41bb5d38"}|0x17afa9c
12:38:49.0 (2766010)|HEAP_ALLOCATE|[EXTERNAL]|Bytes:34
12:38:49.0 (2771131)|HEAP_ALLOCATE|[EXTERNAL]|Bytes:2
12:38:49.0 (2774559)|HEAP_ALLOCATE|[EXTERNAL]|Bytes:2
12:38:49.0 (2803233)|METHOD_ENTRY|[2]|01p0N000007Ajm0|BlockRestService.BlockRestService()
12:38:49.0 (2808163)|STATEMENT_EXECUTE|[2]
12:38:49.0 (2810328)|STATEMENT_EXECUTE|[2]
12:38:49.0 (2823484)|HEAP_ALLOCATE|[EXTERNAL]|Bytes:5
12:38:49.0 (2827510)|STATEMENT_EXECUTE|[4]
12:38:49.0 (2828404)|STATEMENT_EXECUTE|[11]
12:38:49.0 (2833831)|METHOD_EXIT|[2]|BlockRestService
12:38:49.0 (2921535)|HEAP_ALLOCATE|[21]|Bytes:5
12:38:49.0 (2926060)|STATEMENT_EXECUTE|[19]
12:38:49.0 (2927133)|STATEMENT_EXECUTE|[21]
12:38:49.0 (2963496)|HEAP_ALLOCATE|[21]|Bytes:7
12:38:49.0 (2977228)|VARIABLE_SCOPE_BEGIN|[21]|keyWord|String|false|false
12:38:49.0 (2986291)|VARIABLE_ASSIGNMENT|[21]|keyWord|"hi"
12:38:49.0 (2990181)|STATEMENT_EXECUTE|[22]
12:38:49.0 (2991970)|HEAP_ALLOCATE|[22]|Bytes:56
12:38:49.0 (3004495)|HEAP_ALLOCATE|[22]|Bytes:4
12:38:49.0 (3199287)|SOQL_EXECUTE_BEGIN|[22]|Aggregations:0|SELECT Id, Name, Title__c, Type__c FROM Block__c LIMIT 1
12:38:49.0 (7455251)|SOQL_EXECUTE_END|[22]|Rows:1
12:38:49.0 (7477834)|HEAP_ALLOCATE|[22]|Bytes:8
12:38:49.0 (7493497)|HEAP_ALLOCATE|[22]|Bytes:84
12:38:49.0 (7577752)|HEAP_ALLOCATE|[22]|Bytes:8
12:38:49.0 (7595179)|HEAP_ALLOCATE|[22]|Bytes:34
12:38:49.0 (7629037)|HEAP_ALLOCATE|[22]|Bytes:20
12:38:49.0 (7637380)|VARIABLE_SCOPE_BEGIN|[22]|block|Block__c|true|false
12:38:49.0 (7659377)|VARIABLE_ASSIGNMENT|[22]|block|{"Id":"a070N000018nNzmQAE","Name":"B-002","Title__c":"View Speakers","Type__c":"Button"}|0x4fb2521e
12:38:49.0 (7666230)|STATEMENT_EXECUTE|[28]
12:38:49.0 (7887672)|HEAP_ALLOCATE|[28]|Bytes:20
12:38:49.0 (7908319)|CONSTRUCTOR_ENTRY|[28]|01p0N000007Ajm0|<init>()
12:38:49.0 (7933996)|VARIABLE_SCOPE_BEGIN|[4]|this|BlockRestService.NodeJsResponseWrapper|true|false
12:38:49.0 (7980890)|VARIABLE_ASSIGNMENT|[4]|this|{}|0x526d65ca
12:38:49.0 (7999344)|STATEMENT_EXECUTE|[4]
12:38:49.0 (8000671)|STATEMENT_EXECUTE|[5]
12:38:49.0 (8002240)|STATEMENT_EXECUTE|[6]
12:38:49.0 (8003057)|STATEMENT_EXECUTE|[7]
12:38:49.0 (8003830)|STATEMENT_EXECUTE|[8]
12:38:49.0 (8007186)|CONSTRUCTOR_EXIT|[28]|01p0N000007Ajm0|<init>()
12:38:49.0 (8013127)|VARIABLE_SCOPE_BEGIN|[28]|resp|BlockRestService.NodeJsResponseWrapper|true|false
12:38:49.0 (8026141)|VARIABLE_ASSIGNMENT|[28]|resp|{}|0x526d65ca
12:38:49.0 (8031369)|STATEMENT_EXECUTE|[29]
12:38:49.0 (8061441)|VARIABLE_ASSIGNMENT|[29]|this.title|"B-002"|0x526d65ca
12:38:49.0 (8066604)|STATEMENT_EXECUTE|[30]
12:38:49.0 (8069518)|HEAP_ALLOCATE|[30]|Bytes:27
12:38:49.0 (8077827)|VARIABLE_ASSIGNMENT|[30]|this.subtitle|"Would you like to vi (7 more) ..."|0x526d65ca
12:38:49.0 (8081916)|STATEMENT_EXECUTE|[31]
12:38:49.0 (8083958)|HEAP_ALLOCATE|[31]|Bytes:14
12:38:49.0 (8088884)|VARIABLE_ASSIGNMENT|[31]|this.image_url|"www.google.com"|0x526d65ca
12:38:49.0 (8093363)|STATEMENT_EXECUTE|[33]
12:38:49.0 (8102956)|HEAP_ALLOCATE|[33]|Bytes:16
12:38:49.0 (8113300)|CONSTRUCTOR_ENTRY|[33]|01p0N000007Ajm0|<init>()
12:38:49.0 (8129629)|VARIABLE_SCOPE_BEGIN|[11]|this|BlockRestService.ButtonsArray|true|false
12:38:49.0 (8160335)|VARIABLE_ASSIGNMENT|[11]|this|{}|0x56872e4a
12:38:49.0 (8173711)|STATEMENT_EXECUTE|[11]
12:38:49.0 (8174845)|STATEMENT_EXECUTE|[12]
12:38:49.0 (8175777)|STATEMENT_EXECUTE|[13]
12:38:49.0 (8176683)|STATEMENT_EXECUTE|[14]
12:38:49.0 (8178908)|CONSTRUCTOR_EXIT|[33]|01p0N000007Ajm0|<init>()
12:38:49.0 (8183636)|VARIABLE_SCOPE_BEGIN|[33]|buttonObj|BlockRestService.ButtonsArray|true|false
12:38:49.0 (8195103)|VARIABLE_ASSIGNMENT|[33]|buttonObj|{}|0x56872e4a
12:38:49.0 (8200194)|STATEMENT_EXECUTE|[35]
12:38:49.0 (8202798)|HEAP_ALLOCATE|[35]|Bytes:8
12:38:49.0 (8209521)|VARIABLE_ASSIGNMENT|[35]|this.type|"postback"|0x56872e4a
12:38:49.0 (8213605)|STATEMENT_EXECUTE|[36]
12:38:49.0 (8214982)|HEAP_ALLOCATE|[36]|Bytes:15
12:38:49.0 (8219779)|VARIABLE_ASSIGNMENT|[36]|this.title|"View Exhibitors"|0x56872e4a
12:38:49.0 (8223634)|STATEMENT_EXECUTE|[37]
12:38:49.0 (8224969)|HEAP_ALLOCATE|[37]|Bytes:13
12:38:49.0 (8229464)|VARIABLE_ASSIGNMENT|[37]|this.payload|"view_contacts"|0x56872e4a
12:38:49.0 (8233703)|STATEMENT_EXECUTE|[40]
12:38:49.0 (8242124)|HEAP_ALLOCATE|[40]|Bytes:4
12:38:49.0 (8292706)|VARIABLE_SCOPE_BEGIN|[40]|buttnArray|List<BlockRestService.ButtonsArray>|true|false
12:38:49.0 (8309987)|HEAP_ALLOCATE|[EXTERNAL]|Bytes:4
12:38:49.0 (8319261)|VARIABLE_ASSIGNMENT|[40]|buttnArray|[]|0x1dc8e665
12:38:49.0 (8323826)|STATEMENT_EXECUTE|[41]
12:38:49.0 (8369723)|HEAP_ALLOCATE|[EXTERNAL]|Bytes:4
12:38:49.0 (8378259)|STATEMENT_EXECUTE|[42]
12:38:49.0 (8395061)|VARIABLE_ASSIGNMENT|[42]|this.buttons|[{"payload":"view_contacts","title":"View Exhibitors","type":"postback"}]|0x526d65ca
12:38:49.0 (8400357)|STATEMENT_EXECUTE|[44]
12:38:49.0 (8402731)|HEAP_ALLOCATE|[44]|Bytes:5
12:38:49.0 (8437688)|HEAP_ALLOCATE|[44]|Bytes:24
12:38:49.0 (8449833)|SYSTEM_METHOD_ENTRY|[1]|JSON.JSON()
12:38:49.0 (8453269)|STATEMENT_EXECUTE|[1]
12:38:49.0 (8460525)|SYSTEM_METHOD_EXIT|[1]|JSON
12:38:49.0 (8472115)|METHOD_ENTRY|[44]||System.JSON.serializePretty(Object)
12:38:49.0 (8606775)|VARIABLE_ASSIGNMENT|[EXTERNAL]|this|{"payload":"view_contacts","title":"View Exhibitors","type":"postback"}|0x56872e4a
12:38:49.0 (8703484)|HEAP_ALLOCATE|[7]|Bytes:8
12:38:49.0 (8903105)|HEAP_ALLOCATE|[7]|Bytes:218
12:38:49.0 (8912877)|METHOD_EXIT|[44]||System.JSON.serializePretty(Object)
12:38:49.0 (8922568)|HEAP_ALLOCATE|[44]|Bytes:223
12:38:49.0 (8938345)|USER_DEBUG|[44]|DEBUG|$$$$${
  "title" : "B-002",
  "subtitle" : "Would you like to view this",
  "image_url" : "www.google.com",
  "buttons" : [ {
    "type" : "postback",
    "title" : "View Exhibitors",
    "payload" : "view_contacts"
  } ]
}
12:38:49.9 (9348610)|CUMULATIVE_LIMIT_USAGE
12:38:49.9 (9348610)|LIMIT_USAGE_FOR_NS|(default)|
  Number of SOQL queries: 1 out of 100
  Number of query rows: 1 out of 50000
  Number of SOSL queries: 0 out of 20
  Number of DML statements: 0 out of 150
  Number of DML rows: 0 out of 10000
  Maximum CPU time: 0 out of 10000
  Maximum heap size: 0 out of 6000000
  Number of callouts: 0 out of 100
  Number of Email Invocations: 0 out of 10
  Number of future calls: 0 out of 50
  Number of queueable jobs added to the queue: 0 out of 50
  Number of Mobile Apex push calls: 0 out of 10

12:38:49.9 (9348610)|CUMULATIVE_LIMIT_USAGE_END

12:38:49.0 (9389052)|CODE_UNIT_FINISHED|BlockRestService.getBlockDetails
12:38:49.0 (10107183)|EXECUTION_FINISHED
