42.0 APEX_CODE,FINEST;APEX_PROFILING,INFO;CALLOUT,INFO;DB,INFO;SYSTEM,DEBUG;VALIDATION,INFO;VISUALFORCE,INFO;WAVE,INFO;WORKFLOW,INFO
11:15:24.0 (233891)|USER_INFO|[EXTERNAL]|0050N000006oSnw|bijays@creation.technology|Greenwich Mean Time|GMTZ
11:15:24.0 (266842)|EXECUTION_STARTED
11:15:24.0 (270595)|CODE_UNIT_STARTED|[EXTERNAL]|VisualForce View State
11:15:24.0 (7462029)|CODE_UNIT_FINISHED|VisualForce View State
11:15:24.0 (8298837)|EXECUTION_FINISHED
11:15:24.22 (22502150)|USER_INFO|[EXTERNAL]|0050N000006oSnw|bijays@creation.technology|Greenwich Mean Time|GMTZ
11:15:24.22 (22519823)|EXECUTION_STARTED
11:15:24.22 (22523109)|CODE_UNIT_STARTED|[EXTERNAL]|VF: /apex/editApexPage.apexp
11:15:24.22 (31964096)|CODE_UNIT_STARTED|[EXTERNAL]|VF Controller Save
11:15:24.22 (31985421)|SYSTEM_MODE_ENTER|false
11:15:24.22 (341649815)|CODE_UNIT_FINISHED|VF Controller Save
11:15:24.22 (379964139)|VF_SERIALIZE_VIEWSTATE_BEGIN|
11:15:24.22 (387851298)|VF_SERIALIZE_VIEWSTATE_END
11:15:24.394 (394264926)|CUMULATIVE_LIMIT_USAGE
11:15:24.394 (394264926)|LIMIT_USAGE_FOR_NS|(default)|
  Number of SOQL queries: 0 out of 100
  Number of query rows: 0 out of 50000
  Number of SOSL queries: 0 out of 20
  Number of DML statements: 0 out of 150
  Number of DML rows: 0 out of 10000
  Maximum CPU time: 0 out of 10000
  Maximum heap size: 0 out of 6000000
  Number of callouts: 0 out of 100
  Number of Email Invocations: 0 out of 10
  Number of future calls: 0 out of 50
  Number of queueable jobs added to the queue: 0 out of 50
  Number of Mobile Apex push calls: 0 out of 10

11:15:24.394 (394264926)|CUMULATIVE_LIMIT_USAGE_END

11:15:24.22 (394309466)|CODE_UNIT_FINISHED|VF: /apex/editApexPage.apexp
11:15:24.22 (395129901)|EXECUTION_FINISHED
