42.0 APEX_CODE,FINEST;APEX_PROFILING,INFO;CALLOUT,INFO;DB,INFO;SYSTEM,DEBUG;VALIDATION,INFO;VISUALFORCE,INFO;WAVE,INFO;WORKFLOW,INFO
11:08:15.0 (329080)|USER_INFO|[EXTERNAL]|0050N000006oSnw|bijays@creation.technology|Greenwich Mean Time|GMTZ
11:08:15.0 (361172)|EXECUTION_STARTED
11:08:15.0 (367421)|CODE_UNIT_STARTED|[EXTERNAL]|VisualForce View State
11:08:15.0 (9327986)|CODE_UNIT_FINISHED|VisualForce View State
11:08:15.0 (10245498)|EXECUTION_FINISHED
11:08:15.26 (26443848)|USER_INFO|[EXTERNAL]|0050N000006oSnw|bijays@creation.technology|Greenwich Mean Time|GMTZ
11:08:15.26 (26462345)|EXECUTION_STARTED
11:08:15.26 (26466871)|CODE_UNIT_STARTED|[EXTERNAL]|VF: /apex/editApexPage.apexp
11:08:15.26 (36214568)|CODE_UNIT_STARTED|[EXTERNAL]|VF Controller Save
11:08:15.26 (36239661)|SYSTEM_MODE_ENTER|false
11:08:15.26 (380796195)|CODE_UNIT_FINISHED|VF Controller Save
11:08:15.26 (420321078)|VF_SERIALIZE_VIEWSTATE_BEGIN|
11:08:15.26 (426134083)|VF_SERIALIZE_VIEWSTATE_END
11:08:15.432 (432507694)|CUMULATIVE_LIMIT_USAGE
11:08:15.432 (432507694)|LIMIT_USAGE_FOR_NS|(default)|
  Number of SOQL queries: 0 out of 100
  Number of query rows: 0 out of 50000
  Number of SOSL queries: 0 out of 20
  Number of DML statements: 0 out of 150
  Number of DML rows: 0 out of 10000
  Maximum CPU time: 0 out of 10000
  Maximum heap size: 0 out of 6000000
  Number of callouts: 0 out of 100
  Number of Email Invocations: 0 out of 10
  Number of future calls: 0 out of 50
  Number of queueable jobs added to the queue: 0 out of 50
  Number of Mobile Apex push calls: 0 out of 10

11:08:15.432 (432507694)|CUMULATIVE_LIMIT_USAGE_END

11:08:15.26 (432546914)|CODE_UNIT_FINISHED|VF: /apex/editApexPage.apexp
11:08:15.26 (433390991)|EXECUTION_FINISHED
