42.0 APEX_CODE,FINEST;APEX_PROFILING,INFO;CALLOUT,INFO;DB,INFO;SYSTEM,DEBUG;VALIDATION,INFO;VISUALFORCE,INFO;WAVE,INFO;WORKFLOW,INFO
15:24:02.0 (281290)|USER_INFO|[EXTERNAL]|0050N000006oSnw|bijays@creation.technology|Greenwich Mean Time|GMTZ
15:24:02.0 (312759)|EXECUTION_STARTED
15:24:02.0 (316416)|CODE_UNIT_STARTED|[EXTERNAL]|VisualForce View State
15:24:02.0 (8209864)|CODE_UNIT_FINISHED|VisualForce View State
15:24:02.0 (9052644)|EXECUTION_FINISHED
15:24:02.25 (25762535)|USER_INFO|[EXTERNAL]|0050N000006oSnw|bijays@creation.technology|Greenwich Mean Time|GMTZ
15:24:02.25 (25780688)|EXECUTION_STARTED
15:24:02.25 (25783861)|CODE_UNIT_STARTED|[EXTERNAL]|VF: /apex/editApexPage.apexp
15:24:02.25 (38477948)|CODE_UNIT_STARTED|[EXTERNAL]|VF Controller Save
15:24:02.25 (38501121)|SYSTEM_MODE_ENTER|false
15:24:02.25 (339324114)|CODE_UNIT_FINISHED|VF Controller Save
15:24:02.25 (371801559)|VF_SERIALIZE_VIEWSTATE_BEGIN|
15:24:02.25 (376936198)|VF_SERIALIZE_VIEWSTATE_END
15:24:02.383 (383851987)|CUMULATIVE_LIMIT_USAGE
15:24:02.383 (383851987)|LIMIT_USAGE_FOR_NS|(default)|
  Number of SOQL queries: 0 out of 100
  Number of query rows: 0 out of 50000
  Number of SOSL queries: 0 out of 20
  Number of DML statements: 0 out of 150
  Number of DML rows: 0 out of 10000
  Maximum CPU time: 0 out of 10000
  Maximum heap size: 0 out of 6000000
  Number of callouts: 0 out of 100
  Number of Email Invocations: 0 out of 10
  Number of future calls: 0 out of 50
  Number of queueable jobs added to the queue: 0 out of 50
  Number of Mobile Apex push calls: 0 out of 10

15:24:02.383 (383851987)|CUMULATIVE_LIMIT_USAGE_END

15:24:02.25 (383889322)|CODE_UNIT_FINISHED|VF: /apex/editApexPage.apexp
15:24:02.25 (384973262)|EXECUTION_FINISHED
