42.0 APEX_CODE,FINEST;APEX_PROFILING,INFO;CALLOUT,INFO;DB,INFO;SYSTEM,DEBUG;VALIDATION,INFO;VISUALFORCE,INFO;WAVE,INFO;WORKFLOW,INFO
10:14:54.0 (273594)|USER_INFO|[EXTERNAL]|0050N000006oSnw|bijays@creation.technology|Greenwich Mean Time|GMTZ
10:14:54.0 (305401)|EXECUTION_STARTED
10:14:54.0 (309310)|CODE_UNIT_STARTED|[EXTERNAL]|VisualForce View State
10:14:54.0 (5466083)|CODE_UNIT_FINISHED|VisualForce View State
10:14:54.0 (6286048)|EXECUTION_FINISHED
10:14:54.30 (30850797)|USER_INFO|[EXTERNAL]|0050N000006oSnw|bijays@creation.technology|Greenwich Mean Time|GMTZ
10:14:54.30 (30872222)|EXECUTION_STARTED
10:14:54.30 (30876035)|CODE_UNIT_STARTED|[EXTERNAL]|VF: /apex/viewApexPage.apexp
10:14:54.35 (35025222)|CUMULATIVE_LIMIT_USAGE
10:14:54.35 (35025222)|LIMIT_USAGE_FOR_NS|(default)|
  Number of SOQL queries: 0 out of 100
  Number of query rows: 0 out of 50000
  Number of SOSL queries: 0 out of 20
  Number of DML statements: 0 out of 150
  Number of DML rows: 0 out of 10000
  Maximum CPU time: 0 out of 10000
  Maximum heap size: 0 out of 6000000
  Number of callouts: 0 out of 100
  Number of Email Invocations: 0 out of 10
  Number of future calls: 0 out of 50
  Number of queueable jobs added to the queue: 0 out of 50
  Number of Mobile Apex push calls: 0 out of 10

10:14:54.35 (35025222)|CUMULATIVE_LIMIT_USAGE_END

10:14:54.30 (35058918)|CODE_UNIT_FINISHED|VF: /apex/viewApexPage.apexp
10:14:54.30 (35949838)|EXECUTION_FINISHED
