40.0 APEX_CODE,FINEST;APEX_PROFILING,INFO;CALLOUT,INFO;DB,INFO;SYSTEM,DEBUG;VALIDATION,INFO;VISUALFORCE,INFO;WAVE,INFO;WORKFLOW,INFO
14:53:00.0 (328729)|USER_INFO|[EXTERNAL]|0050N000006oSnw|bijays@creation.technology|Greenwich Mean Time|GMTZ
14:53:00.0 (370294)|EXECUTION_STARTED
14:53:00.0 (375005)|CODE_UNIT_STARTED|[EXTERNAL]|0660N000002qxF8|VF: /apex/XeroAddInvoice
14:53:00.0 (916726)|VF_DESERIALIZE_VIEWSTATE_BEGIN|0660N000002qxF8
14:53:00.0 (8115966)|HEAP_ALLOCATE|[72]|Bytes:3
14:53:00.0 (8146318)|HEAP_ALLOCATE|[77]|Bytes:152
14:53:00.0 (8159473)|HEAP_ALLOCATE|[342]|Bytes:408
14:53:00.0 (8174997)|HEAP_ALLOCATE|[355]|Bytes:408
14:53:00.0 (8188375)|HEAP_ALLOCATE|[467]|Bytes:48
14:53:00.0 (8213062)|HEAP_ALLOCATE|[139]|Bytes:6
14:53:00.0 (10942863)|VF_DESERIALIZE_VIEWSTATE_END
14:53:00.0 (12207625)|SYSTEM_MODE_ENTER|true
14:53:00.0 (12244072)|HEAP_ALLOCATE|[EXTERNAL]|Bytes:18
14:53:00.0 (12253813)|HEAP_ALLOCATE|[EXTERNAL]|Bytes:236
14:53:00.0 (12258307)|HEAP_ALLOCATE|[EXTERNAL]|Bytes:39
14:53:00.0 (12262422)|HEAP_ALLOCATE|[EXTERNAL]|Bytes:90
14:53:00.0 (12270750)|METHOD_ENTRY|[1]|01p0N00000BAQZL|XeroAddInvoiceExtension.XeroAddInvoiceExtension()
14:53:00.0 (12276392)|STATEMENT_EXECUTE|[1]
14:53:00.0 (12280503)|STATEMENT_EXECUTE|[1]
14:53:00.0 (12308043)|HEAP_ALLOCATE|[50]|Bytes:5
14:53:00.0 (12326909)|HEAP_ALLOCATE|[56]|Bytes:5
14:53:00.0 (12335063)|HEAP_ALLOCATE|[64]|Bytes:7
14:53:00.0 (12359650)|HEAP_ALLOCATE|[EXTERNAL]|Bytes:5
14:53:00.0 (12364771)|STATEMENT_EXECUTE|[81]
14:53:00.0 (12371000)|METHOD_EXIT|[1]|XeroAddInvoiceExtension
14:53:00.0 (12619390)|HEAP_ALLOCATE|[EXTERNAL]|Bytes:236
14:53:00.0 (12628320)|HEAP_ALLOCATE|[EXTERNAL]|Bytes:20
14:53:00.0 (19315007)|HEAP_ALLOCATE|[EXTERNAL]|Bytes:2
14:53:00.0 (19328963)|HEAP_ALLOCATE|[EXTERNAL]|Bytes:28
14:53:00.0 (19368005)|VARIABLE_ASSIGNMENT|[EXTERNAL]|this.invItemQuantity|"10"|0x12aba584
14:53:00.0 (19411110)|HEAP_ALLOCATE|[EXTERNAL]|Bytes:5
14:53:00.0 (19420496)|HEAP_ALLOCATE|[EXTERNAL]|Bytes:28
14:53:00.0 (19428318)|VARIABLE_ASSIGNMENT|[EXTERNAL]|this.inventorySalesPrice|"10.00"|0x12aba584
14:53:00.0 (19562022)|HEAP_ALLOCATE|[EXTERNAL]|Bytes:6
14:53:00.0 (19567497)|HEAP_ALLOCATE|[EXTERNAL]|Bytes:28
14:53:00.0 (19575171)|VARIABLE_ASSIGNMENT|[EXTERNAL]|this.invItemAmount|"100.00"|0x12aba584
14:53:00.0 (19771528)|HEAP_ALLOCATE|[EXTERNAL]|Bytes:2
14:53:00.0 (19776890)|HEAP_ALLOCATE|[EXTERNAL]|Bytes:28
14:53:00.0 (19784750)|VARIABLE_ASSIGNMENT|[EXTERNAL]|this.invItemQuantity|"20"|0x6f0f1097
14:53:00.0 (19815701)|HEAP_ALLOCATE|[EXTERNAL]|Bytes:5
14:53:00.0 (19819713)|HEAP_ALLOCATE|[EXTERNAL]|Bytes:28
14:53:00.0 (19826296)|VARIABLE_ASSIGNMENT|[EXTERNAL]|this.inventorySalesPrice|"20.00"|0x6f0f1097
14:53:00.0 (19937119)|HEAP_ALLOCATE|[EXTERNAL]|Bytes:6
14:53:00.0 (19942333)|HEAP_ALLOCATE|[EXTERNAL]|Bytes:28
14:53:00.0 (19949099)|VARIABLE_ASSIGNMENT|[EXTERNAL]|this.invItemAmount|"400.00"|0x6f0f1097
14:53:00.0 (20341331)|HEAP_ALLOCATE|[EXTERNAL]|Bytes:36
14:53:00.0 (20354182)|VARIABLE_SCOPE_BEGIN|[53]|this|XeroAddInvoiceExtension|true|false
14:53:00.0 (20420540)|VARIABLE_ASSIGNMENT|[53]|this|{"counter":2,"invItemAmount":"0.00","invItemWrapperList":"0x1d67f668","invObj":"0x3337b4e2","subtotal":0.00,"total":0.00,"vat":0.00}|0x47991b43
14:53:00.0 (20443244)|HEAP_ALLOCATE|[54]|Bytes:5
14:53:00.0 (20448421)|STATEMENT_EXECUTE|[53]
14:53:00.0 (20450129)|STATEMENT_EXECUTE|[54]
14:53:00.0 (20455036)|HEAP_ALLOCATE|[54]|Bytes:28
14:53:00.0 (20482469)|HEAP_ALLOCATE|[54]|Bytes:4
14:53:00.0 (20579164)|CONSTRUCTOR_ENTRY|[54]|01p0N00000BAQZL|<init>(Xero_Invoice_Line_Items__c)
14:53:00.0 (20604152)|VARIABLE_SCOPE_BEGIN|[89]|this|XeroAddInvoiceExtension.InvoiceItemWrapper|true|false
14:53:00.0 (20630220)|VARIABLE_ASSIGNMENT|[89]|this|{}|0x615371a
14:53:00.0 (20637674)|VARIABLE_SCOPE_BEGIN|[89]|invItem|Xero_Invoice_Line_Items__c|true|false
14:53:00.0 (20647381)|VARIABLE_ASSIGNMENT|[89]|invItem|{}|0x2dee2c82
14:53:00.0 (20653542)|STATEMENT_EXECUTE|[81]
14:53:00.0 (20655023)|STATEMENT_EXECUTE|[82]
14:53:00.0 (20656372)|STATEMENT_EXECUTE|[83]
14:53:00.0 (20657584)|STATEMENT_EXECUTE|[84]
14:53:00.0 (20658728)|STATEMENT_EXECUTE|[85]
14:53:00.0 (20660136)|STATEMENT_EXECUTE|[86]
14:53:00.0 (20661276)|STATEMENT_EXECUTE|[87]
14:53:00.0 (20667949)|HEAP_ALLOCATE|[90]|Bytes:6
14:53:00.0 (20691730)|STATEMENT_EXECUTE|[89]
14:53:00.0 (20693239)|STATEMENT_EXECUTE|[90]
14:53:00.0 (20748904)|VARIABLE_ASSIGNMENT|[EXTERNAL]|this|{}|0x615371a
14:53:00.0 (20758838)|VARIABLE_ASSIGNMENT|[EXTERNAL]|value|{}|0x2dee2c82
14:53:00.0 (20768820)|VARIABLE_ASSIGNMENT|[82]|this.invItem|{}|0x615371a
14:53:00.0 (20781741)|CONSTRUCTOR_EXIT|[54]|01p0N00000BAQZL|<init>(Xero_Invoice_Line_Items__c)
14:53:00.0 (20788225)|VARIABLE_SCOPE_BEGIN|[54]|invItemWrap|XeroAddInvoiceExtension.InvoiceItemWrapper|true|false
14:53:00.0 (20806621)|VARIABLE_ASSIGNMENT|[54]|invItemWrap|{"invItem":"0x2dee2c82"}|0x615371a
14:53:00.0 (20812230)|STATEMENT_EXECUTE|[56]
14:53:00.0 (20819359)|HEAP_ALLOCATE|[56]|Bytes:4
14:53:00.0 (20827323)|VARIABLE_ASSIGNMENT|[56]|this.counter|3|0x47991b43
14:53:00.0 (20831882)|STATEMENT_EXECUTE|[57]
14:53:00.0 (20865948)|VARIABLE_ASSIGNMENT|[EXTERNAL]|this|{"invItem":"0x2dee2c82"}|0x615371a
14:53:00.0 (20874904)|VARIABLE_ASSIGNMENT|[EXTERNAL]|value|3
14:53:00.0 (20882280)|VARIABLE_ASSIGNMENT|[87]|this.counterWrap|3|0x615371a
14:53:00.0 (20890099)|STATEMENT_EXECUTE|[58]
14:53:00.0 (20893588)|HEAP_ALLOCATE|[58]|Bytes:4
14:53:00.0 (20909514)|HEAP_ALLOCATE|[58]|Bytes:28
14:53:00.0 (20945216)|HEAP_ALLOCATE|[58]|Bytes:4
14:53:00.0 (20977084)|VARIABLE_ASSIGNMENT|[EXTERNAL]|this|{"counterWrap":3,"invItem":"0x2dee2c82"}|0x615371a
14:53:00.0 (20985210)|VARIABLE_ASSIGNMENT|[EXTERNAL]|value|"0.00"
14:53:00.0 (20992755)|VARIABLE_ASSIGNMENT|[83]|this.inventorySalesPrice|"0.00"|0x615371a
14:53:00.0 (21000121)|STATEMENT_EXECUTE|[59]
14:53:00.0 (21031553)|VARIABLE_ASSIGNMENT|[EXTERNAL]|this|{"counterWrap":3,"inventorySalesPrice":"0.00","invItem":"0x2dee2c82"}|0x615371a
14:53:00.0 (21040093)|VARIABLE_ASSIGNMENT|[EXTERNAL]|value|""
14:53:00.0 (21047495)|VARIABLE_ASSIGNMENT|[86]|this.inventoryNameAsDescription|""|0x615371a
14:53:00.0 (21054777)|STATEMENT_EXECUTE|[60]
14:53:00.0 (21075074)|HEAP_ALLOCATE|[60]|Bytes:1
14:53:00.0 (21105578)|VARIABLE_ASSIGNMENT|[EXTERNAL]|this|{"counterWrap":3,"inventoryNameAsDescr (6 more) ...":"","inventorySalesPrice":"0.00","invItem":"0x2dee2c82"}|0x615371a
14:53:00.0 (21113600)|VARIABLE_ASSIGNMENT|[EXTERNAL]|value|"0"
14:53:00.0 (21120678)|VARIABLE_ASSIGNMENT|[85]|this.invItemQuantity|"0"|0x615371a
14:53:00.0 (21127527)|STATEMENT_EXECUTE|[61]
14:53:00.0 (21133992)|HEAP_ALLOCATE|[61]|Bytes:28
14:53:00.0 (21151378)|HEAP_ALLOCATE|[61]|Bytes:4
14:53:00.0 (21180319)|VARIABLE_ASSIGNMENT|[EXTERNAL]|this|{"counterWrap":3,"inventoryNameAsDescr (6 more) ...":"","inventorySalesPrice":"0.00","invItem":"0x2dee2c82","invItemQuantity":"0"}|0x615371a
14:53:00.0 (21188935)|VARIABLE_ASSIGNMENT|[EXTERNAL]|value|"0.00"
14:53:00.0 (21195852)|VARIABLE_ASSIGNMENT|[84]|this.invItemAmount|"0.00"|0x615371a
14:53:00.0 (21202849)|STATEMENT_EXECUTE|[62]
14:53:00.0 (21238177)|VARIABLE_ASSIGNMENT|[EXTERNAL]|this|{"counter":3,"invItemAmount":"0.00","invItemWrapperList":"0x1d67f668","invObj":"0x3337b4e2","subtotal":0.00,"total":0.00,"vat":0.00}|0x47991b43
14:53:00.0 (21275146)|HEAP_ALLOCATE|[EXTERNAL]|Bytes:4
14:53:00.0 (21283694)|STATEMENT_EXECUTE|[63]
14:53:00.0 (21287029)|HEAP_ALLOCATE|[63]|Bytes:27
14:53:00.0 (21315487)|HEAP_ALLOCATE|[63]|Bytes:1
14:53:00.0 (21331190)|HEAP_ALLOCATE|[63]|Bytes:28
14:53:00.0 (21351155)|USER_DEBUG|[63]|DEBUG|@@@@invItemWrapperList Size3
14:53:00.0 (21362675)|STATEMENT_EXECUTE|[64]
14:53:00.0 (21365333)|HEAP_ALLOCATE|[64]|Bytes:22
14:53:00.0 (21398857)|VARIABLE_ASSIGNMENT|[EXTERNAL]|this|{"counter":3,"invItemAmount":"0.00","invItemWrapperList":"0x1d67f668","invObj":"0x3337b4e2","subtotal":0.00,"total":0.00,"vat":0.00}|0x47991b43
14:53:00.0 (21469440)|HEAP_ALLOCATE|[64]|Bytes:515
14:53:00.0 (21482833)|HEAP_ALLOCATE|[64]|Bytes:537
14:53:00.0 (21491950)|USER_DEBUG|[64]|DEBUG|@@@@invItemWrapperList(InvoiceItemWrapper:[counterWrap=1, invItem=Xero_Invoice_Line_Items__c:{}, invItemAmount=100.00, invItemQuantity=10, inventoryNameAsDescription=, inventorySalesPrice=10.00], InvoiceItemWrapper:[counterWrap=2, invItem=Xero_Invoice_Line_Items__c:{}, invItemAmount=400.00, invItemQuantity=20, inventoryNameAsDescription=, inventorySalesPrice=20.00], InvoiceItemWrapper:[counterWrap=3, invItem=Xero_Invoice_Line_Items__c:{}, invItemAmount=0.00, invItemQuantity=0, inventoryNameAsDescription=, inventorySalesPrice=0.00])
14:53:00.0 (21505494)|STATEMENT_EXECUTE|[65]
14:53:00.0 (21533972)|VARIABLE_ASSIGNMENT|[EXTERNAL]|this|{"counter":3,"invItemAmount":"0.00","invItemWrapperList":"0x1d67f668","invObj":"0x3337b4e2","subtotal":0.00,"total":0.00,"vat":0.00}|0x47991b43
14:53:00.0 (21558877)|HEAP_ALLOCATE|[65]|Bytes:1
14:53:00.0 (21568284)|HEAP_ALLOCATE|[65]|Bytes:28
14:53:00.0 (21576458)|USER_DEBUG|[65]|DEBUG|@@@@invItemWrapperList Size3
14:53:00.0 (21582491)|STATEMENT_EXECUTE|[66]
14:53:00.0 (26429175)|SYSTEM_MODE_ENTER|true
14:53:00.0 (30782443)|SYSTEM_MODE_ENTER|true
14:53:00.0 (87503792)|VF_SERIALIZE_VIEWSTATE_BEGIN|0660N000002qxF8
14:53:00.0 (90802054)|VF_SERIALIZE_VIEWSTATE_END
14:53:00.94 (94023647)|CUMULATIVE_LIMIT_USAGE
14:53:00.94 (94023647)|LIMIT_USAGE_FOR_NS|(default)|
  Number of SOQL queries: 0 out of 100
  Number of query rows: 0 out of 50000
  Number of SOSL queries: 0 out of 20
  Number of DML statements: 0 out of 150
  Number of DML rows: 0 out of 10000
  Maximum CPU time: 0 out of 10000
  Maximum heap size: 0 out of 6000000
  Number of callouts: 0 out of 100
  Number of Email Invocations: 0 out of 10
  Number of future calls: 0 out of 50
  Number of queueable jobs added to the queue: 0 out of 50
  Number of Mobile Apex push calls: 0 out of 10

14:53:00.94 (94023647)|CUMULATIVE_LIMIT_USAGE_END

14:53:00.0 (94061797)|CODE_UNIT_FINISHED|VF: /apex/XeroAddInvoice
14:53:00.0 (95153195)|EXECUTION_FINISHED
