42.0 APEX_CODE,FINEST;APEX_PROFILING,INFO;CALLOUT,INFO;DB,INFO;SYSTEM,DEBUG;VALIDATION,INFO;VISUALFORCE,INFO;WAVE,INFO;WORKFLOW,INFO
11:53:14.0 (415401)|USER_INFO|[EXTERNAL]|0050N000006oSnw|bijays@creation.technology|Greenwich Mean Time|GMTZ
11:53:14.0 (457563)|EXECUTION_STARTED
11:53:14.0 (463761)|CODE_UNIT_STARTED|[EXTERNAL]|VisualForce View State
11:53:14.0 (8163370)|CODE_UNIT_FINISHED|VisualForce View State
11:53:14.0 (9053861)|EXECUTION_FINISHED
11:53:14.23 (23686382)|USER_INFO|[EXTERNAL]|0050N000006oSnw|bijays@creation.technology|Greenwich Mean Time|GMTZ
11:53:14.23 (23704397)|EXECUTION_STARTED
11:53:14.23 (23708643)|CODE_UNIT_STARTED|[EXTERNAL]|VF: /apex/editApexPage.apexp
11:53:14.23 (33165474)|CODE_UNIT_STARTED|[EXTERNAL]|VF Controller Save
11:53:14.23 (33188561)|SYSTEM_MODE_ENTER|false
11:53:14.23 (396304195)|CODE_UNIT_FINISHED|VF Controller Save
11:53:14.23 (426747672)|VF_SERIALIZE_VIEWSTATE_BEGIN|
11:53:14.23 (431723887)|VF_SERIALIZE_VIEWSTATE_END
11:53:14.438 (438110037)|CUMULATIVE_LIMIT_USAGE
11:53:14.438 (438110037)|LIMIT_USAGE_FOR_NS|(default)|
  Number of SOQL queries: 0 out of 100
  Number of query rows: 0 out of 50000
  Number of SOSL queries: 0 out of 20
  Number of DML statements: 0 out of 150
  Number of DML rows: 0 out of 10000
  Maximum CPU time: 0 out of 10000
  Maximum heap size: 0 out of 6000000
  Number of callouts: 0 out of 100
  Number of Email Invocations: 0 out of 10
  Number of future calls: 0 out of 50
  Number of queueable jobs added to the queue: 0 out of 50
  Number of Mobile Apex push calls: 0 out of 10

11:53:14.438 (438110037)|CUMULATIVE_LIMIT_USAGE_END

11:53:14.23 (438143131)|CODE_UNIT_FINISHED|VF: /apex/editApexPage.apexp
11:53:14.23 (438884058)|EXECUTION_FINISHED
