42.0 APEX_CODE,FINEST;APEX_PROFILING,INFO;CALLOUT,INFO;DB,INFO;SYSTEM,DEBUG;VALIDATION,INFO;VISUALFORCE,INFO;WAVE,INFO;WORKFLOW,INFO
11:17:58.0 (288604)|USER_INFO|[EXTERNAL]|0050N000006oSnw|bijays@creation.technology|Greenwich Mean Time|GMTZ
11:17:58.0 (320401)|EXECUTION_STARTED
11:17:58.0 (324870)|CODE_UNIT_STARTED|[EXTERNAL]|VisualForce View State
11:17:58.0 (8985461)|CODE_UNIT_FINISHED|VisualForce View State
11:17:58.0 (10193494)|EXECUTION_FINISHED
11:17:58.28 (28013147)|USER_INFO|[EXTERNAL]|0050N000006oSnw|bijays@creation.technology|Greenwich Mean Time|GMTZ
11:17:58.28 (28033119)|EXECUTION_STARTED
11:17:58.28 (28037395)|CODE_UNIT_STARTED|[EXTERNAL]|VF: /apex/editApexPage.apexp
11:17:58.28 (38063113)|CODE_UNIT_STARTED|[EXTERNAL]|VF Controller Save
11:17:58.28 (38088462)|SYSTEM_MODE_ENTER|false
11:17:58.28 (379586903)|CODE_UNIT_FINISHED|VF Controller Save
11:17:58.28 (413571453)|VF_SERIALIZE_VIEWSTATE_BEGIN|
11:17:58.28 (418749044)|VF_SERIALIZE_VIEWSTATE_END
11:17:58.424 (424829952)|CUMULATIVE_LIMIT_USAGE
11:17:58.424 (424829952)|LIMIT_USAGE_FOR_NS|(default)|
  Number of SOQL queries: 0 out of 100
  Number of query rows: 0 out of 50000
  Number of SOSL queries: 0 out of 20
  Number of DML statements: 0 out of 150
  Number of DML rows: 0 out of 10000
  Maximum CPU time: 0 out of 10000
  Maximum heap size: 0 out of 6000000
  Number of callouts: 0 out of 100
  Number of Email Invocations: 0 out of 10
  Number of future calls: 0 out of 50
  Number of queueable jobs added to the queue: 0 out of 50
  Number of Mobile Apex push calls: 0 out of 10

11:17:58.424 (424829952)|CUMULATIVE_LIMIT_USAGE_END

11:17:58.28 (424866243)|CODE_UNIT_FINISHED|VF: /apex/editApexPage.apexp
11:17:58.28 (425614402)|EXECUTION_FINISHED
