42.0 APEX_CODE,FINEST;APEX_PROFILING,INFO;CALLOUT,INFO;DB,INFO;SYSTEM,DEBUG;VALIDATION,INFO;VISUALFORCE,INFO;WAVE,INFO;WORKFLOW,INFO
11:07:13.0 (319593)|USER_INFO|[EXTERNAL]|0050N000006oSnw|bijays@creation.technology|Greenwich Mean Time|GMTZ
11:07:13.0 (349532)|EXECUTION_STARTED
11:07:13.0 (353037)|CODE_UNIT_STARTED|[EXTERNAL]|VisualForce View State
11:07:13.0 (7957455)|CODE_UNIT_FINISHED|VisualForce View State
11:07:13.0 (8799041)|EXECUTION_FINISHED
11:07:13.24 (24434556)|USER_INFO|[EXTERNAL]|0050N000006oSnw|bijays@creation.technology|Greenwich Mean Time|GMTZ
11:07:13.24 (24465554)|EXECUTION_STARTED
11:07:13.24 (24470188)|CODE_UNIT_STARTED|[EXTERNAL]|VF: /apex/editApexPage.apexp
11:07:13.24 (34079561)|CODE_UNIT_STARTED|[EXTERNAL]|VF Controller Save
11:07:13.24 (34105903)|SYSTEM_MODE_ENTER|false
11:07:13.24 (422685239)|CODE_UNIT_FINISHED|VF Controller Save
11:07:13.24 (504446583)|VF_SERIALIZE_VIEWSTATE_BEGIN|
11:07:13.24 (509593865)|VF_SERIALIZE_VIEWSTATE_END
11:07:13.516 (516247263)|CUMULATIVE_LIMIT_USAGE
11:07:13.516 (516247263)|LIMIT_USAGE_FOR_NS|(default)|
  Number of SOQL queries: 0 out of 100
  Number of query rows: 0 out of 50000
  Number of SOSL queries: 0 out of 20
  Number of DML statements: 0 out of 150
  Number of DML rows: 0 out of 10000
  Maximum CPU time: 0 out of 10000
  Maximum heap size: 0 out of 6000000
  Number of callouts: 0 out of 100
  Number of Email Invocations: 0 out of 10
  Number of future calls: 0 out of 50
  Number of queueable jobs added to the queue: 0 out of 50
  Number of Mobile Apex push calls: 0 out of 10

11:07:13.516 (516247263)|CUMULATIVE_LIMIT_USAGE_END

11:07:13.24 (516298254)|CODE_UNIT_FINISHED|VF: /apex/editApexPage.apexp
11:07:13.24 (517173171)|EXECUTION_FINISHED
