42.0 APEX_CODE,FINEST;APEX_PROFILING,INFO;CALLOUT,INFO;DB,INFO;SYSTEM,DEBUG;VALIDATION,INFO;VISUALFORCE,INFO;WAVE,INFO;WORKFLOW,INFO
11:49:46.0 (300831)|USER_INFO|[EXTERNAL]|0050N000006oSnw|bijays@creation.technology|Greenwich Mean Time|GMTZ
11:49:46.0 (471560)|EXECUTION_STARTED
11:49:46.0 (475724)|CODE_UNIT_STARTED|[EXTERNAL]|VisualForce View State
11:49:46.0 (8928217)|CODE_UNIT_FINISHED|VisualForce View State
11:49:46.0 (9801574)|EXECUTION_FINISHED
11:49:46.24 (24875169)|USER_INFO|[EXTERNAL]|0050N000006oSnw|bijays@creation.technology|Greenwich Mean Time|GMTZ
11:49:46.24 (24894443)|EXECUTION_STARTED
11:49:46.24 (24897858)|CODE_UNIT_STARTED|[EXTERNAL]|VF: /apex/editApexPage.apexp
11:49:46.24 (34587266)|CODE_UNIT_STARTED|[EXTERNAL]|VF Controller Save
11:49:46.24 (34609519)|SYSTEM_MODE_ENTER|false
11:49:46.24 (338966490)|CODE_UNIT_FINISHED|VF Controller Save
11:49:46.24 (374091139)|VF_SERIALIZE_VIEWSTATE_BEGIN|
11:49:46.24 (379108873)|VF_SERIALIZE_VIEWSTATE_END
11:49:46.385 (385320792)|CUMULATIVE_LIMIT_USAGE
11:49:46.385 (385320792)|LIMIT_USAGE_FOR_NS|(default)|
  Number of SOQL queries: 0 out of 100
  Number of query rows: 0 out of 50000
  Number of SOSL queries: 0 out of 20
  Number of DML statements: 0 out of 150
  Number of DML rows: 0 out of 10000
  Maximum CPU time: 0 out of 10000
  Maximum heap size: 0 out of 6000000
  Number of callouts: 0 out of 100
  Number of Email Invocations: 0 out of 10
  Number of future calls: 0 out of 50
  Number of queueable jobs added to the queue: 0 out of 50
  Number of Mobile Apex push calls: 0 out of 10

11:49:46.385 (385320792)|CUMULATIVE_LIMIT_USAGE_END

11:49:46.24 (385357160)|CODE_UNIT_FINISHED|VF: /apex/editApexPage.apexp
11:49:46.24 (386084982)|EXECUTION_FINISHED
