42.0 APEX_CODE,FINEST;APEX_PROFILING,INFO;CALLOUT,INFO;DB,INFO;SYSTEM,DEBUG;VALIDATION,INFO;VISUALFORCE,INFO;WAVE,INFO;WORKFLOW,INFO
11:25:43.0 (319297)|USER_INFO|[EXTERNAL]|0050N000006oSnw|bijays@creation.technology|Greenwich Mean Time|GMTZ
11:25:43.0 (352337)|EXECUTION_STARTED
11:25:43.0 (357196)|CODE_UNIT_STARTED|[EXTERNAL]|VisualForce View State
11:25:43.0 (8693088)|CODE_UNIT_FINISHED|VisualForce View State
11:25:43.0 (9745036)|EXECUTION_FINISHED
11:25:43.25 (25916587)|USER_INFO|[EXTERNAL]|0050N000006oSnw|bijays@creation.technology|Greenwich Mean Time|GMTZ
11:25:43.25 (25937329)|EXECUTION_STARTED
11:25:43.25 (25940979)|CODE_UNIT_STARTED|[EXTERNAL]|VF: /apex/editApexPage.apexp
11:25:43.25 (35713274)|CODE_UNIT_STARTED|[EXTERNAL]|VF Controller Save
11:25:43.25 (35744408)|SYSTEM_MODE_ENTER|false
11:25:43.25 (351370482)|CODE_UNIT_FINISHED|VF Controller Save
11:25:43.25 (386425021)|VF_SERIALIZE_VIEWSTATE_BEGIN|
11:25:43.25 (391544965)|VF_SERIALIZE_VIEWSTATE_END
11:25:43.398 (398015897)|CUMULATIVE_LIMIT_USAGE
11:25:43.398 (398015897)|LIMIT_USAGE_FOR_NS|(default)|
  Number of SOQL queries: 0 out of 100
  Number of query rows: 0 out of 50000
  Number of SOSL queries: 0 out of 20
  Number of DML statements: 0 out of 150
  Number of DML rows: 0 out of 10000
  Maximum CPU time: 0 out of 10000
  Maximum heap size: 0 out of 6000000
  Number of callouts: 0 out of 100
  Number of Email Invocations: 0 out of 10
  Number of future calls: 0 out of 50
  Number of queueable jobs added to the queue: 0 out of 50
  Number of Mobile Apex push calls: 0 out of 10

11:25:43.398 (398015897)|CUMULATIVE_LIMIT_USAGE_END

11:25:43.25 (398052786)|CODE_UNIT_FINISHED|VF: /apex/editApexPage.apexp
11:25:43.25 (398825992)|EXECUTION_FINISHED
