42.0 APEX_CODE,FINEST;APEX_PROFILING,INFO;CALLOUT,INFO;DB,INFO;SYSTEM,DEBUG;VALIDATION,INFO;VISUALFORCE,INFO;WAVE,INFO;WORKFLOW,INFO
10:28:18.0 (342057)|USER_INFO|[EXTERNAL]|0050N000006oSnw|bijays@creation.technology|Greenwich Mean Time|GMTZ
10:28:18.0 (379722)|EXECUTION_STARTED
10:28:18.0 (383302)|CODE_UNIT_STARTED|[EXTERNAL]|VisualForce View State
10:28:18.0 (8917143)|CODE_UNIT_FINISHED|VisualForce View State
10:28:18.0 (9777909)|EXECUTION_FINISHED
10:28:18.24 (24435366)|USER_INFO|[EXTERNAL]|0050N000006oSnw|bijays@creation.technology|Greenwich Mean Time|GMTZ
10:28:18.24 (24454927)|EXECUTION_STARTED
10:28:18.24 (24458444)|CODE_UNIT_STARTED|[EXTERNAL]|VF: /apex/editApexPage.apexp
10:28:18.24 (35432706)|CODE_UNIT_STARTED|[EXTERNAL]|VF Controller Save
10:28:18.24 (35466403)|SYSTEM_MODE_ENTER|false
10:28:18.24 (362795319)|CODE_UNIT_FINISHED|VF Controller Save
10:28:18.24 (398153028)|VF_SERIALIZE_VIEWSTATE_BEGIN|
10:28:18.24 (403144295)|VF_SERIALIZE_VIEWSTATE_END
10:28:18.408 (408962956)|CUMULATIVE_LIMIT_USAGE
10:28:18.408 (408962956)|LIMIT_USAGE_FOR_NS|(default)|
  Number of SOQL queries: 0 out of 100
  Number of query rows: 0 out of 50000
  Number of SOSL queries: 0 out of 20
  Number of DML statements: 0 out of 150
  Number of DML rows: 0 out of 10000
  Maximum CPU time: 0 out of 10000
  Maximum heap size: 0 out of 6000000
  Number of callouts: 0 out of 100
  Number of Email Invocations: 0 out of 10
  Number of future calls: 0 out of 50
  Number of queueable jobs added to the queue: 0 out of 50
  Number of Mobile Apex push calls: 0 out of 10

10:28:18.408 (408962956)|CUMULATIVE_LIMIT_USAGE_END

10:28:18.24 (408999392)|CODE_UNIT_FINISHED|VF: /apex/editApexPage.apexp
10:28:18.24 (409759480)|EXECUTION_FINISHED
