40.0 APEX_CODE,FINEST;APEX_PROFILING,INFO;CALLOUT,INFO;DB,INFO;SYSTEM,DEBUG;VALIDATION,INFO;VISUALFORCE,INFO;WAVE,INFO;WORKFLOW,INFO
14:52:44.0 (344923)|USER_INFO|[EXTERNAL]|0050N000006oSnw|bijays@creation.technology|Greenwich Mean Time|GMTZ
14:52:44.0 (388213)|EXECUTION_STARTED
14:52:44.0 (393848)|CODE_UNIT_STARTED|[EXTERNAL]|0660N000002qxF8|VF: /apex/XeroAddInvoice
14:52:44.0 (1015523)|VF_DESERIALIZE_VIEWSTATE_BEGIN|0660N000002qxF8
14:52:44.0 (8178893)|HEAP_ALLOCATE|[72]|Bytes:3
14:52:44.0 (8250972)|HEAP_ALLOCATE|[77]|Bytes:152
14:52:44.0 (8279488)|HEAP_ALLOCATE|[342]|Bytes:408
14:52:44.0 (8305788)|HEAP_ALLOCATE|[355]|Bytes:408
14:52:44.0 (8330935)|HEAP_ALLOCATE|[467]|Bytes:48
14:52:44.0 (8367559)|HEAP_ALLOCATE|[139]|Bytes:6
14:52:44.0 (11706361)|VF_DESERIALIZE_VIEWSTATE_END
14:52:44.0 (13212174)|SYSTEM_MODE_ENTER|true
14:52:44.0 (13260985)|HEAP_ALLOCATE|[EXTERNAL]|Bytes:18
14:52:44.0 (13303280)|HEAP_ALLOCATE|[EXTERNAL]|Bytes:236
14:52:44.0 (13307684)|HEAP_ALLOCATE|[EXTERNAL]|Bytes:39
14:52:44.0 (13311709)|HEAP_ALLOCATE|[EXTERNAL]|Bytes:90
14:52:44.0 (13321673)|METHOD_ENTRY|[1]|01p0N00000BAQZL|XeroAddInvoiceExtension.XeroAddInvoiceExtension()
14:52:44.0 (13328475)|STATEMENT_EXECUTE|[1]
14:52:44.0 (13334427)|STATEMENT_EXECUTE|[1]
14:52:44.0 (13364417)|HEAP_ALLOCATE|[50]|Bytes:5
14:52:44.0 (13386549)|HEAP_ALLOCATE|[56]|Bytes:5
14:52:44.0 (13393929)|HEAP_ALLOCATE|[64]|Bytes:7
14:52:44.0 (13417819)|HEAP_ALLOCATE|[EXTERNAL]|Bytes:5
14:52:44.0 (13422409)|STATEMENT_EXECUTE|[81]
14:52:44.0 (13430793)|METHOD_EXIT|[1]|XeroAddInvoiceExtension
14:52:44.0 (13670114)|HEAP_ALLOCATE|[EXTERNAL]|Bytes:236
14:52:44.0 (13678754)|HEAP_ALLOCATE|[EXTERNAL]|Bytes:20
14:52:44.0 (21707021)|HEAP_ALLOCATE|[EXTERNAL]|Bytes:2
14:52:44.0 (21722348)|HEAP_ALLOCATE|[EXTERNAL]|Bytes:28
14:52:44.0 (21768562)|VARIABLE_ASSIGNMENT|[EXTERNAL]|this.invItemQuantity|"10"|0x6ec4e523
14:52:44.0 (21809850)|HEAP_ALLOCATE|[EXTERNAL]|Bytes:5
14:52:44.0 (21814833)|HEAP_ALLOCATE|[EXTERNAL]|Bytes:28
14:52:44.0 (21821444)|VARIABLE_ASSIGNMENT|[EXTERNAL]|this.inventorySalesPrice|"10.00"|0x6ec4e523
14:52:44.0 (21946120)|HEAP_ALLOCATE|[EXTERNAL]|Bytes:4
14:52:44.0 (21951064)|HEAP_ALLOCATE|[EXTERNAL]|Bytes:28
14:52:44.0 (21958631)|VARIABLE_ASSIGNMENT|[EXTERNAL]|this.invItemAmount|"0.00"|0x6ec4e523
14:52:44.0 (22141044)|HEAP_ALLOCATE|[EXTERNAL]|Bytes:2
14:52:44.0 (22146524)|HEAP_ALLOCATE|[EXTERNAL]|Bytes:28
14:52:44.0 (22154097)|VARIABLE_ASSIGNMENT|[EXTERNAL]|this.invItemQuantity|"20"|0x50c370e
14:52:44.0 (22185063)|HEAP_ALLOCATE|[EXTERNAL]|Bytes:5
14:52:44.0 (22188919)|HEAP_ALLOCATE|[EXTERNAL]|Bytes:28
14:52:44.0 (22195912)|VARIABLE_ASSIGNMENT|[EXTERNAL]|this.inventorySalesPrice|"20.00"|0x50c370e
14:52:44.0 (22309763)|HEAP_ALLOCATE|[EXTERNAL]|Bytes:4
14:52:44.0 (22314633)|HEAP_ALLOCATE|[EXTERNAL]|Bytes:28
14:52:44.0 (22321375)|VARIABLE_ASSIGNMENT|[EXTERNAL]|this.invItemAmount|"0.00"|0x50c370e
14:52:44.0 (22506713)|HEAP_ALLOCATE|[EXTERNAL]|Bytes:1
14:52:44.0 (22511799)|HEAP_ALLOCATE|[EXTERNAL]|Bytes:28
14:52:44.0 (22518403)|VARIABLE_ASSIGNMENT|[EXTERNAL]|this.invItemQuantity|"0"|0x185d350a
14:52:44.0 (22548424)|HEAP_ALLOCATE|[EXTERNAL]|Bytes:4
14:52:44.0 (22552290)|HEAP_ALLOCATE|[EXTERNAL]|Bytes:28
14:52:44.0 (22558153)|VARIABLE_ASSIGNMENT|[EXTERNAL]|this.inventorySalesPrice|"0.00"|0x185d350a
14:52:44.0 (22664226)|HEAP_ALLOCATE|[EXTERNAL]|Bytes:4
14:52:44.0 (22668855)|HEAP_ALLOCATE|[EXTERNAL]|Bytes:28
14:52:44.0 (22675400)|VARIABLE_ASSIGNMENT|[EXTERNAL]|this.invItemAmount|"0.00"|0x185d350a
14:52:44.0 (23082170)|HEAP_ALLOCATE|[EXTERNAL]|Bytes:36
14:52:44.0 (23094476)|VARIABLE_SCOPE_BEGIN|[68]|this|XeroAddInvoiceExtension|true|false
14:52:44.0 (23160399)|VARIABLE_ASSIGNMENT|[68]|this|{"counter":3,"invItemAmount":"0.00","invItemWrapperList":"0x773837b5","invObj":"0x7ae39dd9","subtotal":0.00,"total":0.00,"vat":0.00}|0x622f7948
14:52:44.0 (23183507)|HEAP_ALLOCATE|[70]|Bytes:5
14:52:44.0 (23189022)|STATEMENT_EXECUTE|[68]
14:52:44.0 (23190871)|STATEMENT_EXECUTE|[70]
14:52:44.0 (23246254)|HEAP_ALLOCATE|[70]|Bytes:2489
14:52:44.0 (23304931)|HEAP_ALLOCATE|[70]|Bytes:2465
14:52:44.0 (23330020)|HEAP_ALLOCATE|[70]|Bytes:8
14:52:44.0 (23380382)|VARIABLE_SCOPE_BEGIN|[70]|param|Integer|false|false
14:52:44.0 (23388770)|HEAP_ALLOCATE|[70]|Bytes:4
14:52:44.0 (23396176)|VARIABLE_ASSIGNMENT|[70]|param|3
14:52:44.0 (23400416)|STATEMENT_EXECUTE|[71]
14:52:44.0 (23403285)|HEAP_ALLOCATE|[71]|Bytes:9
14:52:44.0 (23439542)|HEAP_ALLOCATE|[71]|Bytes:1
14:52:44.0 (23454303)|HEAP_ALLOCATE|[71]|Bytes:10
14:52:44.0 (23471184)|USER_DEBUG|[71]|DEBUG|param--->3
14:52:44.0 (23479377)|STATEMENT_EXECUTE|[73]
14:52:44.0 (23483135)|VARIABLE_SCOPE_BEGIN|[73]|i|Integer|false|false
14:52:44.0 (23493533)|HEAP_ALLOCATE|[73]|Bytes:4
14:52:44.0 (23499268)|VARIABLE_ASSIGNMENT|[73]|i|0
14:52:44.0 (23551081)|VARIABLE_ASSIGNMENT|[EXTERNAL]|this|{"counter":3,"invItemAmount":"0.00","invItemWrapperList":"0x773837b5","invObj":"0x7ae39dd9","subtotal":0.00,"total":0.00,"vat":0.00}|0x622f7948
14:52:44.0 (23601152)|STATEMENT_EXECUTE|[73]
14:52:44.0 (23629755)|VARIABLE_ASSIGNMENT|[EXTERNAL]|this|{"counter":3,"invItemAmount":"0.00","invItemWrapperList":"0x773837b5","invObj":"0x7ae39dd9","subtotal":0.00,"total":0.00,"vat":0.00}|0x622f7948
14:52:44.0 (23645008)|HEAP_ALLOCATE|[74]|Bytes:28
14:52:44.0 (23680711)|VARIABLE_ASSIGNMENT|[EXTERNAL]|this|{"counterWrap":1,"inventoryNameAsDescr (6 more) ...":"","inventorySalesPrice":"10.00","invItem":"0xe8eef90","invItemAmount":"0.00","invItemQuantity":"10"}|0x6ec4e523
14:52:44.0 (23693965)|STATEMENT_EXECUTE|[74]
14:52:44.0 (23697820)|HEAP_ALLOCATE|[73]|Bytes:4
14:52:44.0 (23707072)|VARIABLE_ASSIGNMENT|[73]|i|1
14:52:44.0 (23742463)|VARIABLE_ASSIGNMENT|[EXTERNAL]|this|{"counter":3,"invItemAmount":"0.00","invItemWrapperList":"0x773837b5","invObj":"0x7ae39dd9","subtotal":0.00,"total":0.00,"vat":0.00}|0x622f7948
14:52:44.0 (23765804)|STATEMENT_EXECUTE|[73]
14:52:44.0 (23793146)|VARIABLE_ASSIGNMENT|[EXTERNAL]|this|{"counter":3,"invItemAmount":"0.00","invItemWrapperList":"0x773837b5","invObj":"0x7ae39dd9","subtotal":0.00,"total":0.00,"vat":0.00}|0x622f7948
14:52:44.0 (23810081)|HEAP_ALLOCATE|[74]|Bytes:28
14:52:44.0 (23840762)|VARIABLE_ASSIGNMENT|[EXTERNAL]|this|{"counterWrap":2,"inventoryNameAsDescr (6 more) ...":"","inventorySalesPrice":"20.00","invItem":"0x3c6b7a8f","invItemAmount":"0.00","invItemQuantity":"20"}|0x50c370e
14:52:44.0 (23854552)|STATEMENT_EXECUTE|[74]
14:52:44.0 (23857258)|HEAP_ALLOCATE|[73]|Bytes:4
14:52:44.0 (23864860)|VARIABLE_ASSIGNMENT|[73]|i|2
14:52:44.0 (23894744)|VARIABLE_ASSIGNMENT|[EXTERNAL]|this|{"counter":3,"invItemAmount":"0.00","invItemWrapperList":"0x773837b5","invObj":"0x7ae39dd9","subtotal":0.00,"total":0.00,"vat":0.00}|0x622f7948
14:52:44.0 (23914119)|STATEMENT_EXECUTE|[73]
14:52:44.0 (23938399)|VARIABLE_ASSIGNMENT|[EXTERNAL]|this|{"counter":3,"invItemAmount":"0.00","invItemWrapperList":"0x773837b5","invObj":"0x7ae39dd9","subtotal":0.00,"total":0.00,"vat":0.00}|0x622f7948
14:52:44.0 (23951949)|HEAP_ALLOCATE|[74]|Bytes:28
14:52:44.0 (23978733)|VARIABLE_ASSIGNMENT|[EXTERNAL]|this|{"counterWrap":3,"inventoryNameAsDescr (6 more) ...":"","inventorySalesPrice":"0.00","invItem":"0x1b6e2773","invItemAmount":"0.00","invItemQuantity":"0"}|0x185d350a
14:52:44.0 (23992472)|STATEMENT_EXECUTE|[74]
14:52:44.0 (23994389)|STATEMENT_EXECUTE|[75]
14:52:44.0 (24029312)|VARIABLE_ASSIGNMENT|[EXTERNAL]|this|{"counter":3,"invItemAmount":"0.00","invItemWrapperList":"0x773837b5","invObj":"0x7ae39dd9","subtotal":0.00,"total":0.00,"vat":0.00}|0x622f7948
14:52:44.0 (24053648)|HEAP_ALLOCATE|[75]|Bytes:28
14:52:44.0 (24062539)|HEAP_ALLOCATE|[73]|Bytes:4
14:52:44.0 (24069871)|VARIABLE_ASSIGNMENT|[73]|i|3
14:52:44.0 (24099827)|VARIABLE_ASSIGNMENT|[EXTERNAL]|this|{"counter":3,"invItemAmount":"0.00","invItemWrapperList":"0x773837b5","invObj":"0x7ae39dd9","subtotal":0.00,"total":0.00,"vat":0.00}|0x622f7948
14:52:44.0 (24119608)|STATEMENT_EXECUTE|[78]
14:52:44.0 (24126591)|HEAP_ALLOCATE|[78]|Bytes:4
14:52:44.0 (24137481)|VARIABLE_ASSIGNMENT|[78]|this.counter|2|0x622f7948
14:52:44.0 (30132826)|SYSTEM_MODE_ENTER|true
14:52:44.0 (35072059)|SYSTEM_MODE_ENTER|true
14:52:44.0 (42843194)|VF_SERIALIZE_VIEWSTATE_BEGIN|0660N000002qxF8
14:52:44.0 (45577779)|VF_SERIALIZE_VIEWSTATE_END
14:52:44.48 (48002347)|CUMULATIVE_LIMIT_USAGE
14:52:44.48 (48002347)|LIMIT_USAGE_FOR_NS|(default)|
  Number of SOQL queries: 0 out of 100
  Number of query rows: 0 out of 50000
  Number of SOSL queries: 0 out of 20
  Number of DML statements: 0 out of 150
  Number of DML rows: 0 out of 10000
  Maximum CPU time: 0 out of 10000
  Maximum heap size: 0 out of 6000000
  Number of callouts: 0 out of 100
  Number of Email Invocations: 0 out of 10
  Number of future calls: 0 out of 50
  Number of queueable jobs added to the queue: 0 out of 50
  Number of Mobile Apex push calls: 0 out of 10

14:52:44.48 (48002347)|CUMULATIVE_LIMIT_USAGE_END

14:52:44.0 (48044580)|CODE_UNIT_FINISHED|VF: /apex/XeroAddInvoice
14:52:44.0 (48962383)|EXECUTION_FINISHED
