36.0 APEX_CODE,FINEST;APEX_PROFILING,INFO;CALLOUT,INFO;DB,INFO;SYSTEM,DEBUG;VALIDATION,INFO;VISUALFORCE,INFO;WAVE,INFO;WORKFLOW,INFO
12:44:40.0 (291636)|USER_INFO|[EXTERNAL]|0050N000006oSnw|bijays@creation.technology|Greenwich Mean Time|GMTZ
12:44:40.0 (334897)|EXECUTION_STARTED
12:44:40.0 (338450)|CODE_UNIT_STARTED|[EXTERNAL]|01p0N000007Ajm0|BlockRestService.getBlockDetails
12:44:40.0 (608474)|HEAP_ALLOCATE|[72]|Bytes:3
12:44:40.0 (645613)|HEAP_ALLOCATE|[77]|Bytes:152
12:44:40.0 (659689)|HEAP_ALLOCATE|[342]|Bytes:408
12:44:40.0 (673289)|HEAP_ALLOCATE|[355]|Bytes:408
12:44:40.0 (686303)|HEAP_ALLOCATE|[467]|Bytes:48
12:44:40.0 (714951)|HEAP_ALLOCATE|[139]|Bytes:6
12:44:40.0 (729767)|HEAP_ALLOCATE|[EXTERNAL]|Bytes:252
12:44:40.0 (734963)|HEAP_ALLOCATE|[EXTERNAL]|Bytes:25
12:44:40.0 (747111)|SYSTEM_METHOD_ENTRY|[1]|RestRequest.RestRequest()
12:44:40.0 (752839)|STATEMENT_EXECUTE|[1]
12:44:40.0 (762181)|SYSTEM_METHOD_EXIT|[1]|RestRequest
12:44:40.0 (769552)|HEAP_ALLOCATE|[EXTERNAL]|Bytes:32
12:44:40.0 (787337)|HEAP_ALLOCATE|[EXTERNAL]|Bytes:8
12:44:40.0 (790898)|HEAP_ALLOCATE|[EXTERNAL]|Bytes:12
12:44:40.0 (798028)|VARIABLE_SCOPE_BEGIN|[16]|this|System.RestRequest|true|false
12:44:40.0 (852810)|VARIABLE_ASSIGNMENT|[16]|this|{}|0x6ee3cc84
12:44:40.0 (861371)|VARIABLE_SCOPE_BEGIN|[16]|request|java:com.force.swag.rest.RestRequest|true|false
12:44:40.0 (975820)|VARIABLE_ASSIGNMENT|[16]|request|"com.force.swag.rest.RestRequestServletImpl@6ea2d5a0"|0x6ea2d5a0
12:44:40.0 (985064)|VARIABLE_SCOPE_BEGIN|[16]|urlMapping|String|false|false
12:44:40.0 (994636)|VARIABLE_ASSIGNMENT|[16]|urlMapping|"/BlockList/*"
12:44:40.0 (1420424)|HEAP_ALLOCATE|[EXTERNAL]|Bytes:32
12:44:40.0 (1427098)|HEAP_ALLOCATE|[EXTERNAL]|Bytes:7
12:44:40.0 (1429820)|HEAP_ALLOCATE|[EXTERNAL]|Bytes:2
12:44:40.0 (1433876)|VARIABLE_SCOPE_BEGIN|[24]|this|System.RestRequest|true|false
12:44:40.0 (1465218)|VARIABLE_ASSIGNMENT|[24]|this|{"headers":"0x72520f25","httpMethod":"GET","params":"0x2256a07","remoteAddress":"80.87.30.130","requestURI":"/BlockList","resourcePath":"/services/apexrest/B (10 more) ..."}|0x6ee3cc84
12:44:40.0 (1473111)|VARIABLE_SCOPE_BEGIN|[24]|name|String|false|false
12:44:40.0 (1480004)|VARIABLE_ASSIGNMENT|[24]|name|"keyWord"
12:44:40.0 (1483543)|VARIABLE_SCOPE_BEGIN|[24]|value|String|false|false
12:44:40.0 (1492561)|VARIABLE_ASSIGNMENT|[24]|value|"hi"
12:44:40.0 (1559476)|HEAP_ALLOCATE|[EXTERNAL]|Bytes:32
12:44:40.0 (1564288)|HEAP_ALLOCATE|[EXTERNAL]|Bytes:11
12:44:40.0 (1566985)|HEAP_ALLOCATE|[EXTERNAL]|Bytes:44
12:44:40.0 (1570748)|VARIABLE_SCOPE_BEGIN|[28]|this|System.RestRequest|true|false
12:44:40.0 (1594066)|VARIABLE_ASSIGNMENT|[28]|this|{"headers":"0x72520f25","httpMethod":"GET","params":"0x2256a07","remoteAddress":"80.87.30.130","requestURI":"/BlockList","resourcePath":"/services/apexrest/B (10 more) ..."}|0x6ee3cc84
12:44:40.0 (1601641)|VARIABLE_SCOPE_BEGIN|[28]|name|String|false|false
12:44:40.0 (1608250)|VARIABLE_ASSIGNMENT|[28]|name|"CipherSuite"
12:44:40.0 (1611391)|VARIABLE_SCOPE_BEGIN|[28]|value|String|false|false
12:44:40.0 (1617950)|VARIABLE_ASSIGNMENT|[28]|value|"ECDHE-RSA-AES128-GCM (24 more) ..."
12:44:40.0 (1672687)|HEAP_ALLOCATE|[EXTERNAL]|Bytes:32
12:44:40.0 (1677106)|HEAP_ALLOCATE|[EXTERNAL]|Bytes:10
12:44:40.0 (1679579)|HEAP_ALLOCATE|[EXTERNAL]|Bytes:10
12:44:40.0 (1682966)|VARIABLE_SCOPE_BEGIN|[28]|this|System.RestRequest|true|false
12:44:40.0 (1704537)|VARIABLE_ASSIGNMENT|[28]|this|{"headers":"0x72520f25","httpMethod":"GET","params":"0x2256a07","remoteAddress":"80.87.30.130","requestURI":"/BlockList","resourcePath":"/services/apexrest/B (10 more) ..."}|0x6ee3cc84
12:44:40.0 (1710671)|VARIABLE_SCOPE_BEGIN|[28]|name|String|false|false
12:44:40.0 (1716585)|VARIABLE_ASSIGNMENT|[28]|name|"Connection"
12:44:40.0 (1719413)|VARIABLE_SCOPE_BEGIN|[28]|value|String|false|false
12:44:40.0 (1724992)|VARIABLE_ASSIGNMENT|[28]|value|"keep-alive"
12:44:40.0 (1754174)|HEAP_ALLOCATE|[EXTERNAL]|Bytes:32
12:44:40.0 (1757895)|HEAP_ALLOCATE|[EXTERNAL]|Bytes:10
12:44:40.0 (1760106)|HEAP_ALLOCATE|[EXTERNAL]|Bytes:34
12:44:40.0 (1762889)|VARIABLE_SCOPE_BEGIN|[28]|this|System.RestRequest|true|false
12:44:40.0 (1782976)|VARIABLE_ASSIGNMENT|[28]|this|{"headers":"0x72520f25","httpMethod":"GET","params":"0x2256a07","remoteAddress":"80.87.30.130","requestURI":"/BlockList","resourcePath":"/services/apexrest/B (10 more) ..."}|0x6ee3cc84
12:44:40.0 (1789936)|VARIABLE_SCOPE_BEGIN|[28]|name|String|false|false
12:44:40.0 (1795487)|VARIABLE_ASSIGNMENT|[28]|name|"User-Agent"
12:44:40.0 (1798407)|VARIABLE_SCOPE_BEGIN|[28]|value|String|false|false
12:44:40.0 (1804828)|VARIABLE_ASSIGNMENT|[28]|value|"Apache-HttpClient/4. (14 more) ..."
12:44:40.0 (1831625)|HEAP_ALLOCATE|[EXTERNAL]|Bytes:32
12:44:40.0 (1835257)|HEAP_ALLOCATE|[EXTERNAL]|Bytes:4
12:44:40.0 (1837521)|HEAP_ALLOCATE|[EXTERNAL]|Bytes:36
12:44:40.0 (1839834)|VARIABLE_SCOPE_BEGIN|[28]|this|System.RestRequest|true|false
12:44:40.0 (1859813)|VARIABLE_ASSIGNMENT|[28]|this|{"headers":"0x72520f25","httpMethod":"GET","params":"0x2256a07","remoteAddress":"80.87.30.130","requestURI":"/BlockList","resourcePath":"/services/apexrest/B (10 more) ..."}|0x6ee3cc84
12:44:40.0 (1866253)|VARIABLE_SCOPE_BEGIN|[28]|name|String|false|false
12:44:40.0 (1872680)|VARIABLE_ASSIGNMENT|[28]|name|"Host"
12:44:40.0 (1875949)|VARIABLE_SCOPE_BEGIN|[28]|value|String|false|false
12:44:40.0 (1881841)|VARIABLE_ASSIGNMENT|[28]|value|"creationbot-dev-ed.m (16 more) ..."
12:44:40.0 (1907681)|HEAP_ALLOCATE|[EXTERNAL]|Bytes:32
12:44:40.0 (1912155)|HEAP_ALLOCATE|[EXTERNAL]|Bytes:15
12:44:40.0 (1914278)|HEAP_ALLOCATE|[EXTERNAL]|Bytes:12
12:44:40.0 (1916796)|VARIABLE_SCOPE_BEGIN|[28]|this|System.RestRequest|true|false
12:44:40.0 (1952157)|VARIABLE_ASSIGNMENT|[28]|this|{"headers":"0x72520f25","httpMethod":"GET","params":"0x2256a07","remoteAddress":"80.87.30.130","requestURI":"/BlockList","resourcePath":"/services/apexrest/B (10 more) ..."}|0x6ee3cc84
12:44:40.0 (1959759)|VARIABLE_SCOPE_BEGIN|[28]|name|String|false|false
12:44:40.0 (1966440)|VARIABLE_ASSIGNMENT|[28]|name|"Accept-Encoding"
12:44:40.0 (1969592)|VARIABLE_SCOPE_BEGIN|[28]|value|String|false|false
12:44:40.0 (1975836)|VARIABLE_ASSIGNMENT|[28]|value|"gzip,deflate"
12:44:40.0 (2005030)|HEAP_ALLOCATE|[EXTERNAL]|Bytes:32
12:44:40.0 (2010565)|HEAP_ALLOCATE|[EXTERNAL]|Bytes:16
12:44:40.0 (2013363)|HEAP_ALLOCATE|[EXTERNAL]|Bytes:12
12:44:40.0 (2016330)|VARIABLE_SCOPE_BEGIN|[28]|this|System.RestRequest|true|false
12:44:40.0 (2037133)|VARIABLE_ASSIGNMENT|[28]|this|{"headers":"0x72520f25","httpMethod":"GET","params":"0x2256a07","remoteAddress":"80.87.30.130","requestURI":"/BlockList","resourcePath":"/services/apexrest/B (10 more) ..."}|0x6ee3cc84
12:44:40.0 (2047187)|VARIABLE_SCOPE_BEGIN|[28]|name|String|false|false
12:44:40.0 (2054247)|VARIABLE_ASSIGNMENT|[28]|name|"X-Salesforce-SIP"
12:44:40.0 (2057471)|VARIABLE_SCOPE_BEGIN|[28]|value|String|false|false
12:44:40.0 (2063266)|VARIABLE_ASSIGNMENT|[28]|value|"80.87.30.130"
12:44:40.0 (2108770)|HEAP_ALLOCATE|[EXTERNAL]|Bytes:4
12:44:40.0 (2113045)|HEAP_ALLOCATE|[EXTERNAL]|Bytes:32
12:44:40.0 (2150477)|VARIABLE_ASSIGNMENT|[EXTERNAL]|this.requestBody|BLOB(0 bytes)|0x6ee3cc84
12:44:40.0 (2216924)|HEAP_ALLOCATE|[EXTERNAL]|Bytes:156
12:44:40.0 (2222781)|HEAP_ALLOCATE|[EXTERNAL]|Bytes:10
12:44:40.0 (2231308)|SYSTEM_METHOD_ENTRY|[1]|RestResponse.RestResponse()
12:44:40.0 (2235245)|STATEMENT_EXECUTE|[1]
12:44:40.0 (2240963)|SYSTEM_METHOD_EXIT|[1]|RestResponse
12:44:40.0 (2246757)|HEAP_ALLOCATE|[EXTERNAL]|Bytes:16
12:44:40.0 (2251189)|VARIABLE_SCOPE_BEGIN|[7]|this|System.RestResponse|true|false
12:44:40.0 (2268833)|VARIABLE_ASSIGNMENT|[7]|this|{}|0x7ad2a036
12:44:40.0 (2374994)|VARIABLE_SCOPE_BEGIN|[4]|RestContext.request|System.RestRequest|true|true
12:44:40.0 (2384031)|VARIABLE_SCOPE_BEGIN|[5]|RestContext.response|System.RestResponse|true|true
12:44:40.0 (2392474)|HEAP_ALLOCATE|[EXTERNAL]|Bytes:112
12:44:40.0 (2396785)|HEAP_ALLOCATE|[EXTERNAL]|Bytes:5
12:44:40.0 (2403281)|SYSTEM_METHOD_ENTRY|[2]|RestContext.RestContext()
12:44:40.0 (2407024)|STATEMENT_EXECUTE|[2]
12:44:40.0 (2411739)|SYSTEM_METHOD_EXIT|[2]|RestContext
12:44:40.0 (2417746)|HEAP_ALLOCATE|[EXTERNAL]|Bytes:32
12:44:40.0 (2460110)|VARIABLE_ASSIGNMENT|[EXTERNAL]|RestContext.request|{"headers":"0x72520f25","httpMethod":"GET","params":"0x2256a07","remoteAddress":"80.87.30.130","requestBody":BLOB(0 bytes),"requestURI":"/BlockList","resourcePath":"/services/apexrest/B (10 more) ..."}|0x6ee3cc84
12:44:40.0 (2474539)|HEAP_ALLOCATE|[EXTERNAL]|Bytes:16
12:44:40.0 (2488800)|VARIABLE_ASSIGNMENT|[EXTERNAL]|RestContext.response|{"headers":"0x1819f7d3"}|0x7ad2a036
12:44:40.0 (2533498)|HEAP_ALLOCATE|[EXTERNAL]|Bytes:34
12:44:40.0 (2538526)|HEAP_ALLOCATE|[EXTERNAL]|Bytes:2
12:44:40.0 (2541219)|HEAP_ALLOCATE|[EXTERNAL]|Bytes:2
12:44:40.0 (2576935)|METHOD_ENTRY|[2]|01p0N000007Ajm0|BlockRestService.BlockRestService()
12:44:40.0 (2582309)|STATEMENT_EXECUTE|[2]
12:44:40.0 (2584583)|STATEMENT_EXECUTE|[2]
12:44:40.0 (2601098)|HEAP_ALLOCATE|[EXTERNAL]|Bytes:5
12:44:40.0 (2605922)|STATEMENT_EXECUTE|[4]
12:44:40.0 (2606967)|STATEMENT_EXECUTE|[11]
12:44:40.0 (2613728)|METHOD_EXIT|[2]|BlockRestService
12:44:40.0 (2709639)|HEAP_ALLOCATE|[21]|Bytes:5
12:44:40.0 (2714537)|STATEMENT_EXECUTE|[19]
12:44:40.0 (2715501)|STATEMENT_EXECUTE|[21]
12:44:40.0 (2771601)|HEAP_ALLOCATE|[21]|Bytes:7
12:44:40.0 (2787645)|VARIABLE_SCOPE_BEGIN|[21]|keyWord|String|false|false
12:44:40.0 (2797141)|VARIABLE_ASSIGNMENT|[21]|keyWord|"hi"
12:44:40.0 (2801184)|STATEMENT_EXECUTE|[22]
12:44:40.0 (2803361)|HEAP_ALLOCATE|[22]|Bytes:56
12:44:40.0 (2817070)|HEAP_ALLOCATE|[22]|Bytes:4
12:44:40.0 (3019746)|SOQL_EXECUTE_BEGIN|[22]|Aggregations:0|SELECT Id, Name, Title__c, Type__c FROM Block__c LIMIT 1
12:44:40.0 (6110959)|SOQL_EXECUTE_END|[22]|Rows:1
12:44:40.0 (6129595)|HEAP_ALLOCATE|[22]|Bytes:8
12:44:40.0 (6143221)|HEAP_ALLOCATE|[22]|Bytes:84
12:44:40.0 (6230361)|HEAP_ALLOCATE|[22]|Bytes:8
12:44:40.0 (6242054)|HEAP_ALLOCATE|[22]|Bytes:34
12:44:40.0 (6287598)|HEAP_ALLOCATE|[22]|Bytes:20
12:44:40.0 (6294731)|VARIABLE_SCOPE_BEGIN|[22]|block|Block__c|true|false
12:44:40.0 (6315553)|VARIABLE_ASSIGNMENT|[22]|block|{"Id":"a070N000018nNzmQAE","Name":"B-002","Title__c":"View Speakers","Type__c":"Button"}|0x3672ca76
12:44:40.0 (6321349)|STATEMENT_EXECUTE|[28]
12:44:40.0 (6561026)|HEAP_ALLOCATE|[28]|Bytes:20
12:44:40.0 (6579222)|CONSTRUCTOR_ENTRY|[28]|01p0N000007Ajm0|<init>()
12:44:40.0 (6605422)|VARIABLE_SCOPE_BEGIN|[4]|this|BlockRestService.NodeJsResponseWrapper|true|false
12:44:40.0 (6651339)|VARIABLE_ASSIGNMENT|[4]|this|{}|0x6571b091
12:44:40.0 (6668916)|STATEMENT_EXECUTE|[4]
12:44:40.0 (6670379)|STATEMENT_EXECUTE|[5]
12:44:40.0 (6671349)|STATEMENT_EXECUTE|[6]
12:44:40.0 (6672110)|STATEMENT_EXECUTE|[7]
12:44:40.0 (6672868)|STATEMENT_EXECUTE|[8]
12:44:40.0 (6675751)|CONSTRUCTOR_EXIT|[28]|01p0N000007Ajm0|<init>()
12:44:40.0 (6681069)|VARIABLE_SCOPE_BEGIN|[28]|resp|BlockRestService.NodeJsResponseWrapper|true|false
12:44:40.0 (6694611)|VARIABLE_ASSIGNMENT|[28]|resp|{}|0x6571b091
12:44:40.0 (6699439)|STATEMENT_EXECUTE|[29]
12:44:40.0 (6731062)|VARIABLE_ASSIGNMENT|[29]|this.title|"B-002"|0x6571b091
12:44:40.0 (6736758)|STATEMENT_EXECUTE|[30]
12:44:40.0 (6739743)|HEAP_ALLOCATE|[30]|Bytes:27
12:44:40.0 (6747783)|VARIABLE_ASSIGNMENT|[30]|this.subtitle|"Would you like to vi (7 more) ..."|0x6571b091
12:44:40.0 (6752971)|STATEMENT_EXECUTE|[31]
12:44:40.0 (6754693)|HEAP_ALLOCATE|[31]|Bytes:14
12:44:40.0 (6759523)|VARIABLE_ASSIGNMENT|[31]|this.image_url|"www.google.com"|0x6571b091
12:44:40.0 (6763611)|STATEMENT_EXECUTE|[33]
12:44:40.0 (6772231)|HEAP_ALLOCATE|[33]|Bytes:16
12:44:40.0 (6782999)|CONSTRUCTOR_ENTRY|[33]|01p0N000007Ajm0|<init>()
12:44:40.0 (6799329)|VARIABLE_SCOPE_BEGIN|[11]|this|BlockRestService.ButtonsArray|true|false
12:44:40.0 (6828257)|VARIABLE_ASSIGNMENT|[11]|this|{}|0x45c3922d
12:44:40.0 (6841640)|STATEMENT_EXECUTE|[11]
12:44:40.0 (6842704)|STATEMENT_EXECUTE|[12]
12:44:40.0 (6843539)|STATEMENT_EXECUTE|[13]
12:44:40.0 (6844288)|STATEMENT_EXECUTE|[14]
12:44:40.0 (6846477)|CONSTRUCTOR_EXIT|[33]|01p0N000007Ajm0|<init>()
12:44:40.0 (6850846)|VARIABLE_SCOPE_BEGIN|[33]|buttonObj|BlockRestService.ButtonsArray|true|false
12:44:40.0 (6862195)|VARIABLE_ASSIGNMENT|[33]|buttonObj|{}|0x45c3922d
12:44:40.0 (6866835)|STATEMENT_EXECUTE|[35]
12:44:40.0 (6869412)|HEAP_ALLOCATE|[35]|Bytes:8
12:44:40.0 (6877190)|VARIABLE_ASSIGNMENT|[35]|this.type|"postback"|0x45c3922d
12:44:40.0 (6881745)|STATEMENT_EXECUTE|[36]
12:44:40.0 (6900142)|VARIABLE_ASSIGNMENT|[36]|this.title|"View Speakers"|0x45c3922d
12:44:40.0 (6905154)|STATEMENT_EXECUTE|[37]
12:44:40.0 (6906987)|HEAP_ALLOCATE|[37]|Bytes:13
12:44:40.0 (6912128)|VARIABLE_ASSIGNMENT|[37]|this.payload|"view_contacts"|0x45c3922d
12:44:40.0 (6916813)|STATEMENT_EXECUTE|[40]
12:44:40.0 (6926838)|HEAP_ALLOCATE|[40]|Bytes:4
12:44:40.0 (6968840)|VARIABLE_SCOPE_BEGIN|[40]|buttnArray|List<BlockRestService.ButtonsArray>|true|false
12:44:40.0 (6987656)|HEAP_ALLOCATE|[EXTERNAL]|Bytes:4
12:44:40.0 (6998798)|VARIABLE_ASSIGNMENT|[40]|buttnArray|[]|0x301d8bbd
12:44:40.0 (7005185)|STATEMENT_EXECUTE|[41]
12:44:40.0 (7038532)|HEAP_ALLOCATE|[EXTERNAL]|Bytes:4
12:44:40.0 (7046460)|STATEMENT_EXECUTE|[42]
12:44:40.0 (7063216)|VARIABLE_ASSIGNMENT|[42]|this.buttons|[{"payload":"view_contacts","title":"View Speakers","type":"postback"}]|0x6571b091
12:44:40.0 (7068855)|STATEMENT_EXECUTE|[44]
12:44:40.0 (7071942)|HEAP_ALLOCATE|[44]|Bytes:5
12:44:40.0 (7107063)|HEAP_ALLOCATE|[44]|Bytes:24
12:44:40.0 (7118322)|SYSTEM_METHOD_ENTRY|[1]|JSON.JSON()
12:44:40.0 (7121492)|STATEMENT_EXECUTE|[1]
12:44:40.0 (7128210)|SYSTEM_METHOD_EXIT|[1]|JSON
12:44:40.0 (7139859)|METHOD_ENTRY|[44]||System.JSON.serializePretty(Object)
12:44:40.0 (7271369)|VARIABLE_ASSIGNMENT|[EXTERNAL]|this|{"payload":"view_contacts","title":"View Speakers","type":"postback"}|0x45c3922d
12:44:40.0 (7369780)|HEAP_ALLOCATE|[7]|Bytes:8
12:44:40.0 (7578032)|HEAP_ALLOCATE|[7]|Bytes:216
12:44:40.0 (7588166)|METHOD_EXIT|[44]||System.JSON.serializePretty(Object)
12:44:40.0 (7614120)|HEAP_ALLOCATE|[44]|Bytes:216
12:44:40.0 (7625283)|HEAP_ALLOCATE|[44]|Bytes:221
12:44:40.0 (7638060)|USER_DEBUG|[44]|DEBUG|$$$$${
  "title" : "B-002",
  "subtitle" : "Would you like to view this",
  "image_url" : "www.google.com",
  "buttons" : [ {
    "type" : "postback",
    "title" : "View Speakers",
    "payload" : "view_contacts"
  } ]
}
12:44:40.8 (8073347)|CUMULATIVE_LIMIT_USAGE
12:44:40.8 (8073347)|LIMIT_USAGE_FOR_NS|(default)|
  Number of SOQL queries: 1 out of 100
  Number of query rows: 1 out of 50000
  Number of SOSL queries: 0 out of 20
  Number of DML statements: 0 out of 150
  Number of DML rows: 0 out of 10000
  Maximum CPU time: 0 out of 10000
  Maximum heap size: 0 out of 6000000
  Number of callouts: 0 out of 100
  Number of Email Invocations: 0 out of 10
  Number of future calls: 0 out of 50
  Number of queueable jobs added to the queue: 0 out of 50
  Number of Mobile Apex push calls: 0 out of 10

12:44:40.8 (8073347)|CUMULATIVE_LIMIT_USAGE_END

12:44:40.0 (8113707)|CODE_UNIT_FINISHED|BlockRestService.getBlockDetails
12:44:40.0 (8909885)|EXECUTION_FINISHED
