42.0 APEX_CODE,FINEST;APEX_PROFILING,INFO;CALLOUT,INFO;DB,INFO;SYSTEM,DEBUG;VALIDATION,INFO;VISUALFORCE,INFO;WAVE,INFO;WORKFLOW,INFO
10:58:48.0 (304200)|USER_INFO|[EXTERNAL]|0050N000006oSnw|bijays@creation.technology|Greenwich Mean Time|GMTZ
10:58:48.0 (332775)|EXECUTION_STARTED
10:58:48.0 (336678)|CODE_UNIT_STARTED|[EXTERNAL]|VisualForce View State
10:58:48.0 (8139984)|CODE_UNIT_FINISHED|VisualForce View State
10:58:48.0 (9004223)|EXECUTION_FINISHED
10:58:48.24 (24027539)|USER_INFO|[EXTERNAL]|0050N000006oSnw|bijays@creation.technology|Greenwich Mean Time|GMTZ
10:58:48.24 (24045637)|EXECUTION_STARTED
10:58:48.24 (24048979)|CODE_UNIT_STARTED|[EXTERNAL]|VF: /apex/editApexPage.apexp
10:58:48.24 (34630132)|CODE_UNIT_STARTED|[EXTERNAL]|VF Controller Save
10:58:48.24 (34659420)|SYSTEM_MODE_ENTER|false
10:58:48.24 (374286967)|CODE_UNIT_FINISHED|VF Controller Save
10:58:48.386 (386542307)|CUMULATIVE_LIMIT_USAGE
10:58:48.386 (386542307)|LIMIT_USAGE_FOR_NS|(default)|
  Number of SOQL queries: 0 out of 100
  Number of query rows: 0 out of 50000
  Number of SOSL queries: 0 out of 20
  Number of DML statements: 0 out of 150
  Number of DML rows: 0 out of 10000
  Maximum CPU time: 0 out of 10000
  Maximum heap size: 0 out of 6000000
  Number of callouts: 0 out of 100
  Number of Email Invocations: 0 out of 10
  Number of future calls: 0 out of 50
  Number of queueable jobs added to the queue: 0 out of 50
  Number of Mobile Apex push calls: 0 out of 10

10:58:48.386 (386542307)|CUMULATIVE_LIMIT_USAGE_END

10:58:48.24 (386579471)|CODE_UNIT_FINISHED|VF: /apex/editApexPage.apexp
10:58:48.24 (387330899)|EXECUTION_FINISHED
