42.0 APEX_CODE,FINEST;APEX_PROFILING,INFO;CALLOUT,INFO;DB,INFO;SYSTEM,DEBUG;VALIDATION,INFO;VISUALFORCE,INFO;WAVE,INFO;WORKFLOW,INFO
11:06:59.0 (312395)|USER_INFO|[EXTERNAL]|0050N000006oSnw|bijays@creation.technology|Greenwich Mean Time|GMTZ
11:06:59.0 (472827)|EXECUTION_STARTED
11:06:59.0 (477318)|CODE_UNIT_STARTED|[EXTERNAL]|VisualForce View State
11:06:59.0 (7992688)|CODE_UNIT_FINISHED|VisualForce View State
11:06:59.0 (8968537)|EXECUTION_FINISHED
11:06:59.23 (23270011)|USER_INFO|[EXTERNAL]|0050N000006oSnw|bijays@creation.technology|Greenwich Mean Time|GMTZ
11:06:59.23 (23287709)|EXECUTION_STARTED
11:06:59.23 (23291746)|CODE_UNIT_STARTED|[EXTERNAL]|VF: /apex/editApexPage.apexp
11:06:59.23 (32836391)|CODE_UNIT_STARTED|[EXTERNAL]|VF Controller Save
11:06:59.23 (32858462)|SYSTEM_MODE_ENTER|false
11:06:59.23 (327076722)|CODE_UNIT_FINISHED|VF Controller Save
11:06:59.23 (361807593)|VF_SERIALIZE_VIEWSTATE_BEGIN|
11:06:59.23 (366892134)|VF_SERIALIZE_VIEWSTATE_END
11:06:59.373 (373422941)|CUMULATIVE_LIMIT_USAGE
11:06:59.373 (373422941)|LIMIT_USAGE_FOR_NS|(default)|
  Number of SOQL queries: 0 out of 100
  Number of query rows: 0 out of 50000
  Number of SOSL queries: 0 out of 20
  Number of DML statements: 0 out of 150
  Number of DML rows: 0 out of 10000
  Maximum CPU time: 0 out of 10000
  Maximum heap size: 0 out of 6000000
  Number of callouts: 0 out of 100
  Number of Email Invocations: 0 out of 10
  Number of future calls: 0 out of 50
  Number of queueable jobs added to the queue: 0 out of 50
  Number of Mobile Apex push calls: 0 out of 10

11:06:59.373 (373422941)|CUMULATIVE_LIMIT_USAGE_END

11:06:59.23 (373457777)|CODE_UNIT_FINISHED|VF: /apex/editApexPage.apexp
11:06:59.23 (374234848)|EXECUTION_FINISHED
