42.0 APEX_CODE,FINEST;APEX_PROFILING,INFO;CALLOUT,INFO;DB,INFO;SYSTEM,DEBUG;VALIDATION,INFO;VISUALFORCE,INFO;WAVE,INFO;WORKFLOW,INFO
11:55:59.0 (322702)|USER_INFO|[EXTERNAL]|0050N000006oSnw|bijays@creation.technology|Greenwich Mean Time|GMTZ
11:55:59.0 (360759)|EXECUTION_STARTED
11:55:59.0 (365738)|CODE_UNIT_STARTED|[EXTERNAL]|VisualForce View State
11:55:59.0 (8283349)|CODE_UNIT_FINISHED|VisualForce View State
11:55:59.0 (9326750)|EXECUTION_FINISHED
11:55:59.26 (26529920)|USER_INFO|[EXTERNAL]|0050N000006oSnw|bijays@creation.technology|Greenwich Mean Time|GMTZ
11:55:59.26 (26547612)|EXECUTION_STARTED
11:55:59.26 (26552559)|CODE_UNIT_STARTED|[EXTERNAL]|VF: /apex/editApexPage.apexp
11:55:59.26 (39028063)|CODE_UNIT_STARTED|[EXTERNAL]|VF Controller Save
11:55:59.26 (39053086)|SYSTEM_MODE_ENTER|false
11:55:59.26 (434372392)|CODE_UNIT_FINISHED|VF Controller Save
11:55:59.26 (468448895)|VF_SERIALIZE_VIEWSTATE_BEGIN|
11:55:59.26 (475224136)|VF_SERIALIZE_VIEWSTATE_END
11:55:59.481 (481774052)|CUMULATIVE_LIMIT_USAGE
11:55:59.481 (481774052)|LIMIT_USAGE_FOR_NS|(default)|
  Number of SOQL queries: 0 out of 100
  Number of query rows: 0 out of 50000
  Number of SOSL queries: 0 out of 20
  Number of DML statements: 0 out of 150
  Number of DML rows: 0 out of 10000
  Maximum CPU time: 0 out of 10000
  Maximum heap size: 0 out of 6000000
  Number of callouts: 0 out of 100
  Number of Email Invocations: 0 out of 10
  Number of future calls: 0 out of 50
  Number of queueable jobs added to the queue: 0 out of 50
  Number of Mobile Apex push calls: 0 out of 10

11:55:59.481 (481774052)|CUMULATIVE_LIMIT_USAGE_END

11:55:59.26 (481821040)|CODE_UNIT_FINISHED|VF: /apex/editApexPage.apexp
11:55:59.26 (482663099)|EXECUTION_FINISHED
