42.0 APEX_CODE,FINEST;APEX_PROFILING,INFO;CALLOUT,INFO;DB,INFO;SYSTEM,DEBUG;VALIDATION,INFO;VISUALFORCE,INFO;WAVE,INFO;WORKFLOW,INFO
15:25:01.0 (401005)|USER_INFO|[EXTERNAL]|0050N000006oSnw|bijays@creation.technology|Greenwich Mean Time|GMTZ
15:25:01.0 (448311)|EXECUTION_STARTED
15:25:01.0 (454078)|CODE_UNIT_STARTED|[EXTERNAL]|VisualForce View State
15:25:01.0 (9113561)|CODE_UNIT_FINISHED|VisualForce View State
15:25:01.0 (10146247)|EXECUTION_FINISHED
15:25:01.28 (28177302)|USER_INFO|[EXTERNAL]|0050N000006oSnw|bijays@creation.technology|Greenwich Mean Time|GMTZ
15:25:01.28 (28203748)|EXECUTION_STARTED
15:25:01.28 (28209410)|CODE_UNIT_STARTED|[EXTERNAL]|VF: /apex/editApexPage.apexp
15:25:01.28 (40920340)|CODE_UNIT_STARTED|[EXTERNAL]|VF Controller Save
15:25:01.28 (40946513)|SYSTEM_MODE_ENTER|false
15:25:01.28 (485859578)|CODE_UNIT_FINISHED|VF Controller Save
15:25:01.28 (520840840)|VF_SERIALIZE_VIEWSTATE_BEGIN|
15:25:01.28 (526114267)|VF_SERIALIZE_VIEWSTATE_END
15:25:01.532 (532460133)|CUMULATIVE_LIMIT_USAGE
15:25:01.532 (532460133)|LIMIT_USAGE_FOR_NS|(default)|
  Number of SOQL queries: 0 out of 100
  Number of query rows: 0 out of 50000
  Number of SOSL queries: 0 out of 20
  Number of DML statements: 0 out of 150
  Number of DML rows: 0 out of 10000
  Maximum CPU time: 0 out of 10000
  Maximum heap size: 0 out of 6000000
  Number of callouts: 0 out of 100
  Number of Email Invocations: 0 out of 10
  Number of future calls: 0 out of 50
  Number of queueable jobs added to the queue: 0 out of 50
  Number of Mobile Apex push calls: 0 out of 10

15:25:01.532 (532460133)|CUMULATIVE_LIMIT_USAGE_END

15:25:01.28 (532496231)|CODE_UNIT_FINISHED|VF: /apex/editApexPage.apexp
15:25:01.28 (533292512)|EXECUTION_FINISHED
