36.0 APEX_CODE,FINEST;APEX_PROFILING,INFO;CALLOUT,INFO;DB,INFO;SYSTEM,DEBUG;VALIDATION,INFO;VISUALFORCE,INFO;WAVE,INFO;WORKFLOW,INFO
12:42:30.0 (364776)|USER_INFO|[EXTERNAL]|0050N000006oSnw|bijays@creation.technology|Greenwich Mean Time|GMTZ
12:42:30.0 (415033)|EXECUTION_STARTED
12:42:30.0 (418742)|CODE_UNIT_STARTED|[EXTERNAL]|01p0N000007Ajm0|BlockRestService.getBlockDetails
12:42:30.0 (628283)|HEAP_ALLOCATE|[72]|Bytes:3
12:42:30.0 (662643)|HEAP_ALLOCATE|[77]|Bytes:152
12:42:30.0 (678199)|HEAP_ALLOCATE|[342]|Bytes:408
12:42:30.0 (695214)|HEAP_ALLOCATE|[355]|Bytes:408
12:42:30.0 (710693)|HEAP_ALLOCATE|[467]|Bytes:48
12:42:30.0 (737868)|HEAP_ALLOCATE|[139]|Bytes:6
12:42:30.0 (777604)|HEAP_ALLOCATE|[EXTERNAL]|Bytes:252
12:42:30.0 (783378)|HEAP_ALLOCATE|[EXTERNAL]|Bytes:25
12:42:30.0 (793205)|SYSTEM_METHOD_ENTRY|[1]|RestRequest.RestRequest()
12:42:30.0 (797687)|STATEMENT_EXECUTE|[1]
12:42:30.0 (805617)|SYSTEM_METHOD_EXIT|[1]|RestRequest
12:42:30.0 (811063)|HEAP_ALLOCATE|[EXTERNAL]|Bytes:32
12:42:30.0 (826922)|HEAP_ALLOCATE|[EXTERNAL]|Bytes:8
12:42:30.0 (831015)|HEAP_ALLOCATE|[EXTERNAL]|Bytes:12
12:42:30.0 (837781)|VARIABLE_SCOPE_BEGIN|[16]|this|System.RestRequest|true|false
12:42:30.0 (888500)|VARIABLE_ASSIGNMENT|[16]|this|{}|0x536a54fe
12:42:30.0 (896036)|VARIABLE_SCOPE_BEGIN|[16]|request|java:com.force.swag.rest.RestRequest|true|false
12:42:30.0 (1436348)|VARIABLE_ASSIGNMENT|[16]|request|"com.force.swag.rest.RestRequestServletImpl@786fc82d"|0x786fc82d
12:42:30.0 (1447428)|VARIABLE_SCOPE_BEGIN|[16]|urlMapping|String|false|false
12:42:30.0 (1458639)|VARIABLE_ASSIGNMENT|[16]|urlMapping|"/BlockList/*"
12:42:30.0 (1865233)|HEAP_ALLOCATE|[EXTERNAL]|Bytes:32
12:42:30.0 (1871999)|HEAP_ALLOCATE|[EXTERNAL]|Bytes:7
12:42:30.0 (1874769)|HEAP_ALLOCATE|[EXTERNAL]|Bytes:2
12:42:30.0 (1880303)|VARIABLE_SCOPE_BEGIN|[24]|this|System.RestRequest|true|false
12:42:30.0 (1916409)|VARIABLE_ASSIGNMENT|[24]|this|{"headers":"0x1857d8f1","httpMethod":"GET","params":"0x580f4300","remoteAddress":"80.87.30.130","requestURI":"/BlockList","resourcePath":"/services/apexrest/B (10 more) ..."}|0x536a54fe
12:42:30.0 (1937957)|VARIABLE_SCOPE_BEGIN|[24]|name|String|false|false
12:42:30.0 (1946646)|VARIABLE_ASSIGNMENT|[24]|name|"keyWord"
12:42:30.0 (1951981)|VARIABLE_SCOPE_BEGIN|[24]|value|String|false|false
12:42:30.0 (1958980)|VARIABLE_ASSIGNMENT|[24]|value|"hi"
12:42:30.0 (2024010)|HEAP_ALLOCATE|[EXTERNAL]|Bytes:32
12:42:30.0 (2029334)|HEAP_ALLOCATE|[EXTERNAL]|Bytes:11
12:42:30.0 (2033102)|HEAP_ALLOCATE|[EXTERNAL]|Bytes:44
12:42:30.0 (2036491)|VARIABLE_SCOPE_BEGIN|[28]|this|System.RestRequest|true|false
12:42:30.0 (2059788)|VARIABLE_ASSIGNMENT|[28]|this|{"headers":"0x1857d8f1","httpMethod":"GET","params":"0x580f4300","remoteAddress":"80.87.30.130","requestURI":"/BlockList","resourcePath":"/services/apexrest/B (10 more) ..."}|0x536a54fe
12:42:30.0 (2067722)|VARIABLE_SCOPE_BEGIN|[28]|name|String|false|false
12:42:30.0 (2074119)|VARIABLE_ASSIGNMENT|[28]|name|"CipherSuite"
12:42:30.0 (2077017)|VARIABLE_SCOPE_BEGIN|[28]|value|String|false|false
12:42:30.0 (2083296)|VARIABLE_ASSIGNMENT|[28]|value|"ECDHE-RSA-AES128-GCM (24 more) ..."
12:42:30.0 (2133553)|HEAP_ALLOCATE|[EXTERNAL]|Bytes:32
12:42:30.0 (2137949)|HEAP_ALLOCATE|[EXTERNAL]|Bytes:10
12:42:30.0 (2140650)|HEAP_ALLOCATE|[EXTERNAL]|Bytes:10
12:42:30.0 (2144015)|VARIABLE_SCOPE_BEGIN|[28]|this|System.RestRequest|true|false
12:42:30.0 (2166133)|VARIABLE_ASSIGNMENT|[28]|this|{"headers":"0x1857d8f1","httpMethod":"GET","params":"0x580f4300","remoteAddress":"80.87.30.130","requestURI":"/BlockList","resourcePath":"/services/apexrest/B (10 more) ..."}|0x536a54fe
12:42:30.0 (2175935)|VARIABLE_SCOPE_BEGIN|[28]|name|String|false|false
12:42:30.0 (2183021)|VARIABLE_ASSIGNMENT|[28]|name|"Connection"
12:42:30.0 (2186662)|VARIABLE_SCOPE_BEGIN|[28]|value|String|false|false
12:42:30.0 (2192268)|VARIABLE_ASSIGNMENT|[28]|value|"keep-alive"
12:42:30.0 (2222136)|HEAP_ALLOCATE|[EXTERNAL]|Bytes:32
12:42:30.0 (2225923)|HEAP_ALLOCATE|[EXTERNAL]|Bytes:10
12:42:30.0 (2228504)|HEAP_ALLOCATE|[EXTERNAL]|Bytes:34
12:42:30.0 (2231606)|VARIABLE_SCOPE_BEGIN|[28]|this|System.RestRequest|true|false
12:42:30.0 (2251848)|VARIABLE_ASSIGNMENT|[28]|this|{"headers":"0x1857d8f1","httpMethod":"GET","params":"0x580f4300","remoteAddress":"80.87.30.130","requestURI":"/BlockList","resourcePath":"/services/apexrest/B (10 more) ..."}|0x536a54fe
12:42:30.0 (2258144)|VARIABLE_SCOPE_BEGIN|[28]|name|String|false|false
12:42:30.0 (2264176)|VARIABLE_ASSIGNMENT|[28]|name|"User-Agent"
12:42:30.0 (2267719)|VARIABLE_SCOPE_BEGIN|[28]|value|String|false|false
12:42:30.0 (2274457)|VARIABLE_ASSIGNMENT|[28]|value|"Apache-HttpClient/4. (14 more) ..."
12:42:30.0 (2320295)|HEAP_ALLOCATE|[EXTERNAL]|Bytes:32
12:42:30.0 (2324504)|HEAP_ALLOCATE|[EXTERNAL]|Bytes:4
12:42:30.0 (2326715)|HEAP_ALLOCATE|[EXTERNAL]|Bytes:36
12:42:30.0 (2329582)|VARIABLE_SCOPE_BEGIN|[28]|this|System.RestRequest|true|false
12:42:30.0 (2350851)|VARIABLE_ASSIGNMENT|[28]|this|{"headers":"0x1857d8f1","httpMethod":"GET","params":"0x580f4300","remoteAddress":"80.87.30.130","requestURI":"/BlockList","resourcePath":"/services/apexrest/B (10 more) ..."}|0x536a54fe
12:42:30.0 (2357132)|VARIABLE_SCOPE_BEGIN|[28]|name|String|false|false
12:42:30.0 (2363309)|VARIABLE_ASSIGNMENT|[28]|name|"Host"
12:42:30.0 (2366582)|VARIABLE_SCOPE_BEGIN|[28]|value|String|false|false
12:42:30.0 (2372955)|VARIABLE_ASSIGNMENT|[28]|value|"creationbot-dev-ed.m (16 more) ..."
12:42:30.0 (2401072)|HEAP_ALLOCATE|[EXTERNAL]|Bytes:32
12:42:30.0 (2405238)|HEAP_ALLOCATE|[EXTERNAL]|Bytes:15
12:42:30.0 (2408257)|HEAP_ALLOCATE|[EXTERNAL]|Bytes:12
12:42:30.0 (2410898)|VARIABLE_SCOPE_BEGIN|[28]|this|System.RestRequest|true|false
12:42:30.0 (2430655)|VARIABLE_ASSIGNMENT|[28]|this|{"headers":"0x1857d8f1","httpMethod":"GET","params":"0x580f4300","remoteAddress":"80.87.30.130","requestURI":"/BlockList","resourcePath":"/services/apexrest/B (10 more) ..."}|0x536a54fe
12:42:30.0 (2436096)|VARIABLE_SCOPE_BEGIN|[28]|name|String|false|false
12:42:30.0 (2442625)|VARIABLE_ASSIGNMENT|[28]|name|"Accept-Encoding"
12:42:30.0 (2446439)|VARIABLE_SCOPE_BEGIN|[28]|value|String|false|false
12:42:30.0 (2452895)|VARIABLE_ASSIGNMENT|[28]|value|"gzip,deflate"
12:42:30.0 (2477748)|HEAP_ALLOCATE|[EXTERNAL]|Bytes:32
12:42:30.0 (2481399)|HEAP_ALLOCATE|[EXTERNAL]|Bytes:16
12:42:30.0 (2483949)|HEAP_ALLOCATE|[EXTERNAL]|Bytes:12
12:42:30.0 (2486288)|VARIABLE_SCOPE_BEGIN|[28]|this|System.RestRequest|true|false
12:42:30.0 (2505550)|VARIABLE_ASSIGNMENT|[28]|this|{"headers":"0x1857d8f1","httpMethod":"GET","params":"0x580f4300","remoteAddress":"80.87.30.130","requestURI":"/BlockList","resourcePath":"/services/apexrest/B (10 more) ..."}|0x536a54fe
12:42:30.0 (2511572)|VARIABLE_SCOPE_BEGIN|[28]|name|String|false|false
12:42:30.0 (2518380)|VARIABLE_ASSIGNMENT|[28]|name|"X-Salesforce-SIP"
12:42:30.0 (2521755)|VARIABLE_SCOPE_BEGIN|[28]|value|String|false|false
12:42:30.0 (2528038)|VARIABLE_ASSIGNMENT|[28]|value|"80.87.30.130"
12:42:30.0 (2573889)|HEAP_ALLOCATE|[EXTERNAL]|Bytes:4
12:42:30.0 (2577804)|HEAP_ALLOCATE|[EXTERNAL]|Bytes:32
12:42:30.0 (2591599)|VARIABLE_ASSIGNMENT|[EXTERNAL]|this.requestBody|BLOB(0 bytes)|0x536a54fe
12:42:30.0 (2650222)|HEAP_ALLOCATE|[EXTERNAL]|Bytes:156
12:42:30.0 (2656648)|HEAP_ALLOCATE|[EXTERNAL]|Bytes:10
12:42:30.0 (2663724)|SYSTEM_METHOD_ENTRY|[1]|RestResponse.RestResponse()
12:42:30.0 (2667214)|STATEMENT_EXECUTE|[1]
12:42:30.0 (2672939)|SYSTEM_METHOD_EXIT|[1]|RestResponse
12:42:30.0 (2678454)|HEAP_ALLOCATE|[EXTERNAL]|Bytes:16
12:42:30.0 (2683010)|VARIABLE_SCOPE_BEGIN|[7]|this|System.RestResponse|true|false
12:42:30.0 (2700161)|VARIABLE_ASSIGNMENT|[7]|this|{}|0x59c3315b
12:42:30.0 (2795147)|VARIABLE_SCOPE_BEGIN|[4]|RestContext.request|System.RestRequest|true|true
12:42:30.0 (2803566)|VARIABLE_SCOPE_BEGIN|[5]|RestContext.response|System.RestResponse|true|true
12:42:30.0 (2812659)|HEAP_ALLOCATE|[EXTERNAL]|Bytes:112
12:42:30.0 (2817033)|HEAP_ALLOCATE|[EXTERNAL]|Bytes:5
12:42:30.0 (2823210)|SYSTEM_METHOD_ENTRY|[2]|RestContext.RestContext()
12:42:30.0 (2825822)|STATEMENT_EXECUTE|[2]
12:42:30.0 (2829839)|SYSTEM_METHOD_EXIT|[2]|RestContext
12:42:30.0 (2835349)|HEAP_ALLOCATE|[EXTERNAL]|Bytes:32
12:42:30.0 (2862758)|VARIABLE_ASSIGNMENT|[EXTERNAL]|RestContext.request|{"headers":"0x1857d8f1","httpMethod":"GET","params":"0x580f4300","remoteAddress":"80.87.30.130","requestBody":BLOB(0 bytes),"requestURI":"/BlockList","resourcePath":"/services/apexrest/B (10 more) ..."}|0x536a54fe
12:42:30.0 (2876114)|HEAP_ALLOCATE|[EXTERNAL]|Bytes:16
12:42:30.0 (2889159)|VARIABLE_ASSIGNMENT|[EXTERNAL]|RestContext.response|{"headers":"0x5f6ba4ee"}|0x59c3315b
12:42:30.0 (2935163)|HEAP_ALLOCATE|[EXTERNAL]|Bytes:34
12:42:30.0 (2940583)|HEAP_ALLOCATE|[EXTERNAL]|Bytes:2
12:42:30.0 (2943552)|HEAP_ALLOCATE|[EXTERNAL]|Bytes:2
12:42:30.0 (2978685)|METHOD_ENTRY|[2]|01p0N000007Ajm0|BlockRestService.BlockRestService()
12:42:30.0 (2983942)|STATEMENT_EXECUTE|[2]
12:42:30.0 (2986327)|STATEMENT_EXECUTE|[2]
12:42:30.0 (3002676)|HEAP_ALLOCATE|[EXTERNAL]|Bytes:5
12:42:30.0 (3007902)|STATEMENT_EXECUTE|[4]
12:42:30.0 (3008801)|STATEMENT_EXECUTE|[11]
12:42:30.0 (3015689)|METHOD_EXIT|[2]|BlockRestService
12:42:30.0 (3113284)|HEAP_ALLOCATE|[21]|Bytes:5
12:42:30.0 (3118046)|STATEMENT_EXECUTE|[19]
12:42:30.0 (3119056)|STATEMENT_EXECUTE|[21]
12:42:30.0 (3154224)|HEAP_ALLOCATE|[21]|Bytes:7
12:42:30.0 (3169491)|VARIABLE_SCOPE_BEGIN|[21]|keyWord|String|false|false
12:42:30.0 (3180243)|VARIABLE_ASSIGNMENT|[21]|keyWord|"hi"
12:42:30.0 (3184710)|STATEMENT_EXECUTE|[22]
12:42:30.0 (3186841)|HEAP_ALLOCATE|[22]|Bytes:56
12:42:30.0 (3198898)|HEAP_ALLOCATE|[22]|Bytes:4
12:42:30.0 (3410168)|SOQL_EXECUTE_BEGIN|[22]|Aggregations:0|SELECT Id, Name, Title__c, Type__c FROM Block__c LIMIT 1
12:42:30.0 (6602666)|SOQL_EXECUTE_END|[22]|Rows:1
12:42:30.0 (6622584)|HEAP_ALLOCATE|[22]|Bytes:8
12:42:30.0 (6635995)|HEAP_ALLOCATE|[22]|Bytes:84
12:42:30.0 (6717823)|HEAP_ALLOCATE|[22]|Bytes:8
12:42:30.0 (6729261)|HEAP_ALLOCATE|[22]|Bytes:34
12:42:30.0 (6773470)|HEAP_ALLOCATE|[22]|Bytes:20
12:42:30.0 (6780442)|VARIABLE_SCOPE_BEGIN|[22]|block|Block__c|true|false
12:42:30.0 (6800300)|VARIABLE_ASSIGNMENT|[22]|block|{"Id":"a070N000018nNzmQAE","Name":"B-002","Title__c":"View Speakers","Type__c":"Button"}|0x488238a0
12:42:30.0 (6807499)|STATEMENT_EXECUTE|[28]
12:42:30.0 (7055309)|HEAP_ALLOCATE|[28]|Bytes:20
12:42:30.0 (7075322)|CONSTRUCTOR_ENTRY|[28]|01p0N000007Ajm0|<init>()
12:42:30.0 (7101943)|VARIABLE_SCOPE_BEGIN|[4]|this|BlockRestService.NodeJsResponseWrapper|true|false
12:42:30.0 (7143975)|VARIABLE_ASSIGNMENT|[4]|this|{}|0x132657b
12:42:30.0 (7162290)|STATEMENT_EXECUTE|[4]
12:42:30.0 (7163688)|STATEMENT_EXECUTE|[5]
12:42:30.0 (7164665)|STATEMENT_EXECUTE|[6]
12:42:30.0 (7165545)|STATEMENT_EXECUTE|[7]
12:42:30.0 (7166340)|STATEMENT_EXECUTE|[8]
12:42:30.0 (7170641)|CONSTRUCTOR_EXIT|[28]|01p0N000007Ajm0|<init>()
12:42:30.0 (7176643)|VARIABLE_SCOPE_BEGIN|[28]|resp|BlockRestService.NodeJsResponseWrapper|true|false
12:42:30.0 (7189715)|VARIABLE_ASSIGNMENT|[28]|resp|{}|0x132657b
12:42:30.0 (7195508)|STATEMENT_EXECUTE|[29]
12:42:30.0 (7225678)|VARIABLE_ASSIGNMENT|[29]|this.title|"B-002"|0x132657b
12:42:30.0 (7231411)|STATEMENT_EXECUTE|[30]
12:42:30.0 (7234313)|HEAP_ALLOCATE|[30]|Bytes:27
12:42:30.0 (7242188)|VARIABLE_ASSIGNMENT|[30]|this.subtitle|"Would you like to vi (7 more) ..."|0x132657b
12:42:30.0 (7246543)|STATEMENT_EXECUTE|[31]
12:42:30.0 (7248220)|HEAP_ALLOCATE|[31]|Bytes:14
12:42:30.0 (7253181)|VARIABLE_ASSIGNMENT|[31]|this.image_url|"www.google.com"|0x132657b
12:42:30.0 (7257583)|STATEMENT_EXECUTE|[33]
12:42:30.0 (7266611)|HEAP_ALLOCATE|[33]|Bytes:16
12:42:30.0 (7277301)|CONSTRUCTOR_ENTRY|[33]|01p0N000007Ajm0|<init>()
12:42:30.0 (7292654)|VARIABLE_SCOPE_BEGIN|[11]|this|BlockRestService.ButtonsArray|true|false
12:42:30.0 (7326980)|VARIABLE_ASSIGNMENT|[11]|this|{}|0x7a2ee78e
12:42:30.0 (7340900)|STATEMENT_EXECUTE|[11]
12:42:30.0 (7342070)|STATEMENT_EXECUTE|[12]
12:42:30.0 (7342944)|STATEMENT_EXECUTE|[13]
12:42:30.0 (7343773)|STATEMENT_EXECUTE|[14]
12:42:30.0 (7346441)|CONSTRUCTOR_EXIT|[33]|01p0N000007Ajm0|<init>()
12:42:30.0 (7351693)|VARIABLE_SCOPE_BEGIN|[33]|buttonObj|BlockRestService.ButtonsArray|true|false
12:42:30.0 (7363630)|VARIABLE_ASSIGNMENT|[33]|buttonObj|{}|0x7a2ee78e
12:42:30.0 (7369286)|STATEMENT_EXECUTE|[35]
12:42:30.0 (7371645)|HEAP_ALLOCATE|[35]|Bytes:8
12:42:30.0 (7379664)|VARIABLE_ASSIGNMENT|[35]|this.type|"postback"|0x7a2ee78e
12:42:30.0 (7383743)|STATEMENT_EXECUTE|[36]
12:42:30.0 (7385103)|HEAP_ALLOCATE|[36]|Bytes:15
12:42:30.0 (7389822)|VARIABLE_ASSIGNMENT|[36]|this.title|"View Exhibitors"|0x7a2ee78e
12:42:30.0 (7393872)|STATEMENT_EXECUTE|[37]
12:42:30.0 (7395192)|HEAP_ALLOCATE|[37]|Bytes:13
12:42:30.0 (7400159)|VARIABLE_ASSIGNMENT|[37]|this.payload|"view_contacts"|0x7a2ee78e
12:42:30.0 (7404373)|STATEMENT_EXECUTE|[40]
12:42:30.0 (7412614)|HEAP_ALLOCATE|[40]|Bytes:4
12:42:30.0 (7449439)|VARIABLE_SCOPE_BEGIN|[40]|buttnArray|List<BlockRestService.ButtonsArray>|true|false
12:42:30.0 (7469329)|HEAP_ALLOCATE|[EXTERNAL]|Bytes:4
12:42:30.0 (7478967)|VARIABLE_ASSIGNMENT|[40]|buttnArray|[]|0x1f377727
12:42:30.0 (7484935)|STATEMENT_EXECUTE|[41]
12:42:30.0 (7516019)|HEAP_ALLOCATE|[EXTERNAL]|Bytes:4
12:42:30.0 (7523723)|STATEMENT_EXECUTE|[42]
12:42:30.0 (7538579)|VARIABLE_ASSIGNMENT|[42]|this.buttons|[{"payload":"view_contacts","title":"View Exhibitors","type":"postback"}]|0x132657b
12:42:30.0 (7544254)|STATEMENT_EXECUTE|[44]
12:42:30.0 (7546655)|HEAP_ALLOCATE|[44]|Bytes:5
12:42:30.0 (7578184)|HEAP_ALLOCATE|[44]|Bytes:24
12:42:30.0 (7586165)|SYSTEM_METHOD_ENTRY|[1]|JSON.JSON()
12:42:30.0 (7589285)|STATEMENT_EXECUTE|[1]
12:42:30.0 (7594326)|SYSTEM_METHOD_EXIT|[1]|JSON
12:42:30.0 (7604806)|METHOD_ENTRY|[44]||System.JSON.serializePretty(Object)
12:42:30.0 (7726945)|VARIABLE_ASSIGNMENT|[EXTERNAL]|this|{"payload":"view_contacts","title":"View Exhibitors","type":"postback"}|0x7a2ee78e
12:42:30.0 (7821442)|HEAP_ALLOCATE|[7]|Bytes:8
12:42:30.0 (8013459)|HEAP_ALLOCATE|[7]|Bytes:218
12:42:30.0 (8024429)|METHOD_EXIT|[44]||System.JSON.serializePretty(Object)
12:42:30.0 (8049493)|HEAP_ALLOCATE|[44]|Bytes:218
12:42:30.0 (8061640)|HEAP_ALLOCATE|[44]|Bytes:223
12:42:30.0 (8075654)|USER_DEBUG|[44]|DEBUG|$$$$${
  "title" : "B-002",
  "subtitle" : "Would you like to view this",
  "image_url" : "www.google.com",
  "buttons" : [ {
    "type" : "postback",
    "title" : "View Exhibitors",
    "payload" : "view_contacts"
  } ]
}
12:42:30.8 (8512478)|CUMULATIVE_LIMIT_USAGE
12:42:30.8 (8512478)|LIMIT_USAGE_FOR_NS|(default)|
  Number of SOQL queries: 1 out of 100
  Number of query rows: 1 out of 50000
  Number of SOSL queries: 0 out of 20
  Number of DML statements: 0 out of 150
  Number of DML rows: 0 out of 10000
  Maximum CPU time: 0 out of 10000
  Maximum heap size: 0 out of 6000000
  Number of callouts: 0 out of 100
  Number of Email Invocations: 0 out of 10
  Number of future calls: 0 out of 50
  Number of queueable jobs added to the queue: 0 out of 50
  Number of Mobile Apex push calls: 0 out of 10

12:42:30.8 (8512478)|CUMULATIVE_LIMIT_USAGE_END

12:42:30.0 (8557429)|CODE_UNIT_FINISHED|BlockRestService.getBlockDetails
12:42:30.0 (9371040)|EXECUTION_FINISHED
