40.0 APEX_CODE,FINEST;APEX_PROFILING,INFO;CALLOUT,INFO;DB,INFO;SYSTEM,DEBUG;VALIDATION,INFO;VISUALFORCE,INFO;WAVE,INFO;WORKFLOW,INFO
14:47:30.0 (398579)|USER_INFO|[EXTERNAL]|0050N000006oSnw|bijays@creation.technology|Greenwich Mean Time|GMTZ
14:47:30.0 (456028)|EXECUTION_STARTED
14:47:30.0 (461365)|CODE_UNIT_STARTED|[EXTERNAL]|0660N000002qxF8|VF: /apex/XeroAddInvoice
14:47:30.0 (688769)|VF_DESERIALIZE_VIEWSTATE_BEGIN|0660N000002qxF8
14:47:30.0 (6084503)|HEAP_ALLOCATE|[72]|Bytes:3
14:47:30.0 (6181336)|HEAP_ALLOCATE|[77]|Bytes:152
14:47:30.0 (6199628)|HEAP_ALLOCATE|[342]|Bytes:408
14:47:30.0 (6216348)|HEAP_ALLOCATE|[355]|Bytes:408
14:47:30.0 (6230415)|HEAP_ALLOCATE|[467]|Bytes:48
14:47:30.0 (6265683)|HEAP_ALLOCATE|[139]|Bytes:6
14:47:30.0 (9671442)|VF_DESERIALIZE_VIEWSTATE_END
14:47:30.73 (73439809)|CUMULATIVE_LIMIT_USAGE
14:47:30.73 (73439809)|LIMIT_USAGE_FOR_NS|(default)|
  Number of SOQL queries: 0 out of 100
  Number of query rows: 0 out of 50000
  Number of SOSL queries: 0 out of 20
  Number of DML statements: 0 out of 150
  Number of DML rows: 0 out of 10000
  Maximum CPU time: 0 out of 10000
  Maximum heap size: 0 out of 6000000
  Number of callouts: 0 out of 100
  Number of Email Invocations: 0 out of 10
  Number of future calls: 0 out of 50
  Number of queueable jobs added to the queue: 0 out of 50
  Number of Mobile Apex push calls: 0 out of 10

14:47:30.73 (73439809)|CUMULATIVE_LIMIT_USAGE_END

14:47:30.0 (73493887)|CODE_UNIT_FINISHED|VF: /apex/XeroAddInvoice
14:47:30.0 (74389887)|EXECUTION_FINISHED
