42.0 APEX_CODE,FINEST;APEX_PROFILING,INFO;CALLOUT,INFO;DB,INFO;SYSTEM,DEBUG;VALIDATION,INFO;VISUALFORCE,INFO;WAVE,INFO;WORKFLOW,INFO
10:48:03.0 (273526)|USER_INFO|[EXTERNAL]|0050N000006oSnw|bijays@creation.technology|Greenwich Mean Time|GMTZ
10:48:03.0 (302950)|EXECUTION_STARTED
10:48:03.0 (307054)|CODE_UNIT_STARTED|[EXTERNAL]|VisualForce View State
10:48:03.0 (6955445)|CODE_UNIT_FINISHED|VisualForce View State
10:48:03.0 (8246716)|EXECUTION_FINISHED
10:48:03.38 (38011109)|USER_INFO|[EXTERNAL]|0050N000006oSnw|bijays@creation.technology|Greenwich Mean Time|GMTZ
10:48:03.38 (38032535)|EXECUTION_STARTED
10:48:03.38 (38035932)|CODE_UNIT_STARTED|[EXTERNAL]|VF: /apex/viewApexPage.apexp
10:48:03.42 (42227267)|CUMULATIVE_LIMIT_USAGE
10:48:03.42 (42227267)|LIMIT_USAGE_FOR_NS|(default)|
  Number of SOQL queries: 0 out of 100
  Number of query rows: 0 out of 50000
  Number of SOSL queries: 0 out of 20
  Number of DML statements: 0 out of 150
  Number of DML rows: 0 out of 10000
  Maximum CPU time: 0 out of 10000
  Maximum heap size: 0 out of 6000000
  Number of callouts: 0 out of 100
  Number of Email Invocations: 0 out of 10
  Number of future calls: 0 out of 50
  Number of queueable jobs added to the queue: 0 out of 50
  Number of Mobile Apex push calls: 0 out of 10

10:48:03.42 (42227267)|CUMULATIVE_LIMIT_USAGE_END

10:48:03.38 (42262749)|CODE_UNIT_FINISHED|VF: /apex/viewApexPage.apexp
10:48:03.38 (42958529)|EXECUTION_FINISHED
