36.0 APEX_CODE,FINEST;APEX_PROFILING,INFO;CALLOUT,INFO;DB,INFO;SYSTEM,DEBUG;VALIDATION,INFO;VISUALFORCE,INFO;WAVE,INFO;WORKFLOW,INFO
12:31:10.0 (275265)|USER_INFO|[EXTERNAL]|0050N000006oSnw|bijays@creation.technology|Greenwich Mean Time|GMTZ
12:31:10.0 (312885)|EXECUTION_STARTED
12:31:10.0 (317038)|CODE_UNIT_STARTED|[EXTERNAL]|01p0N000007Ajm0|BlockRestService.getBlockDetails
12:31:10.0 (496191)|HEAP_ALLOCATE|[72]|Bytes:3
12:31:10.0 (546429)|HEAP_ALLOCATE|[77]|Bytes:152
12:31:10.0 (560573)|HEAP_ALLOCATE|[342]|Bytes:408
12:31:10.0 (575443)|HEAP_ALLOCATE|[355]|Bytes:408
12:31:10.0 (588692)|HEAP_ALLOCATE|[467]|Bytes:48
12:31:10.0 (612536)|HEAP_ALLOCATE|[139]|Bytes:6
12:31:10.0 (653455)|HEAP_ALLOCATE|[EXTERNAL]|Bytes:252
12:31:10.0 (674300)|HEAP_ALLOCATE|[EXTERNAL]|Bytes:25
12:31:10.0 (693489)|SYSTEM_METHOD_ENTRY|[1]|RestRequest.RestRequest()
12:31:10.0 (698785)|STATEMENT_EXECUTE|[1]
12:31:10.0 (729531)|SYSTEM_METHOD_EXIT|[1]|RestRequest
12:31:10.0 (736323)|HEAP_ALLOCATE|[EXTERNAL]|Bytes:32
12:31:10.0 (752266)|HEAP_ALLOCATE|[EXTERNAL]|Bytes:8
12:31:10.0 (755343)|HEAP_ALLOCATE|[EXTERNAL]|Bytes:12
12:31:10.0 (760555)|VARIABLE_SCOPE_BEGIN|[16]|this|System.RestRequest|true|false
12:31:10.0 (806507)|VARIABLE_ASSIGNMENT|[16]|this|{}|0x23148cde
12:31:10.0 (812155)|VARIABLE_SCOPE_BEGIN|[16]|request|java:com.force.swag.rest.RestRequest|true|false
12:31:10.0 (912572)|VARIABLE_ASSIGNMENT|[16]|request|"com.force.swag.rest.RestRequestServletImpl@6baca31e"|0x6baca31e
12:31:10.0 (918896)|VARIABLE_SCOPE_BEGIN|[16]|urlMapping|String|false|false
12:31:10.0 (928622)|VARIABLE_ASSIGNMENT|[16]|urlMapping|"/BlockList/*"
12:31:10.0 (1270547)|HEAP_ALLOCATE|[EXTERNAL]|Bytes:32
12:31:10.0 (1277209)|HEAP_ALLOCATE|[EXTERNAL]|Bytes:7
12:31:10.0 (1279634)|HEAP_ALLOCATE|[EXTERNAL]|Bytes:2
12:31:10.0 (1284170)|VARIABLE_SCOPE_BEGIN|[24]|this|System.RestRequest|true|false
12:31:10.0 (1316108)|VARIABLE_ASSIGNMENT|[24]|this|{"headers":"0x658b2d98","httpMethod":"GET","params":"0x4c8ba43a","remoteAddress":"80.87.30.130","requestURI":"/BlockList","resourcePath":"/services/apexrest/B (10 more) ..."}|0x23148cde
12:31:10.0 (1323531)|VARIABLE_SCOPE_BEGIN|[24]|name|String|false|false
12:31:10.0 (1329585)|VARIABLE_ASSIGNMENT|[24]|name|"keyWord"
12:31:10.0 (1333126)|VARIABLE_SCOPE_BEGIN|[24]|value|String|false|false
12:31:10.0 (1339075)|VARIABLE_ASSIGNMENT|[24]|value|"hi"
12:31:10.0 (1406373)|HEAP_ALLOCATE|[EXTERNAL]|Bytes:32
12:31:10.0 (1410250)|HEAP_ALLOCATE|[EXTERNAL]|Bytes:11
12:31:10.0 (1412906)|HEAP_ALLOCATE|[EXTERNAL]|Bytes:44
12:31:10.0 (1417566)|VARIABLE_SCOPE_BEGIN|[28]|this|System.RestRequest|true|false
12:31:10.0 (1440135)|VARIABLE_ASSIGNMENT|[28]|this|{"headers":"0x658b2d98","httpMethod":"GET","params":"0x4c8ba43a","remoteAddress":"80.87.30.130","requestURI":"/BlockList","resourcePath":"/services/apexrest/B (10 more) ..."}|0x23148cde
12:31:10.0 (1445848)|VARIABLE_SCOPE_BEGIN|[28]|name|String|false|false
12:31:10.0 (1451632)|VARIABLE_ASSIGNMENT|[28]|name|"CipherSuite"
12:31:10.0 (1455478)|VARIABLE_SCOPE_BEGIN|[28]|value|String|false|false
12:31:10.0 (1461436)|VARIABLE_ASSIGNMENT|[28]|value|"ECDHE-RSA-AES128-GCM (24 more) ..."
12:31:10.0 (1513771)|HEAP_ALLOCATE|[EXTERNAL]|Bytes:32
12:31:10.0 (1517639)|HEAP_ALLOCATE|[EXTERNAL]|Bytes:10
12:31:10.0 (1519923)|HEAP_ALLOCATE|[EXTERNAL]|Bytes:10
12:31:10.0 (1522480)|VARIABLE_SCOPE_BEGIN|[28]|this|System.RestRequest|true|false
12:31:10.0 (1545384)|VARIABLE_ASSIGNMENT|[28]|this|{"headers":"0x658b2d98","httpMethod":"GET","params":"0x4c8ba43a","remoteAddress":"80.87.30.130","requestURI":"/BlockList","resourcePath":"/services/apexrest/B (10 more) ..."}|0x23148cde
12:31:10.0 (1552278)|VARIABLE_SCOPE_BEGIN|[28]|name|String|false|false
12:31:10.0 (1558220)|VARIABLE_ASSIGNMENT|[28]|name|"Connection"
12:31:10.0 (1561304)|VARIABLE_SCOPE_BEGIN|[28]|value|String|false|false
12:31:10.0 (1567010)|VARIABLE_ASSIGNMENT|[28]|value|"keep-alive"
12:31:10.0 (1599157)|HEAP_ALLOCATE|[EXTERNAL]|Bytes:32
12:31:10.0 (1602522)|HEAP_ALLOCATE|[EXTERNAL]|Bytes:10
12:31:10.0 (1604345)|HEAP_ALLOCATE|[EXTERNAL]|Bytes:34
12:31:10.0 (1606943)|VARIABLE_SCOPE_BEGIN|[28]|this|System.RestRequest|true|false
12:31:10.0 (1626141)|VARIABLE_ASSIGNMENT|[28]|this|{"headers":"0x658b2d98","httpMethod":"GET","params":"0x4c8ba43a","remoteAddress":"80.87.30.130","requestURI":"/BlockList","resourcePath":"/services/apexrest/B (10 more) ..."}|0x23148cde
12:31:10.0 (1631310)|VARIABLE_SCOPE_BEGIN|[28]|name|String|false|false
12:31:10.0 (1637357)|VARIABLE_ASSIGNMENT|[28]|name|"User-Agent"
12:31:10.0 (1643804)|VARIABLE_SCOPE_BEGIN|[28]|value|String|false|false
12:31:10.0 (1650142)|VARIABLE_ASSIGNMENT|[28]|value|"Apache-HttpClient/4. (14 more) ..."
12:31:10.0 (1676075)|HEAP_ALLOCATE|[EXTERNAL]|Bytes:32
12:31:10.0 (1680604)|HEAP_ALLOCATE|[EXTERNAL]|Bytes:4
12:31:10.0 (1683890)|HEAP_ALLOCATE|[EXTERNAL]|Bytes:36
12:31:10.0 (1686281)|VARIABLE_SCOPE_BEGIN|[28]|this|System.RestRequest|true|false
12:31:10.0 (1705555)|VARIABLE_ASSIGNMENT|[28]|this|{"headers":"0x658b2d98","httpMethod":"GET","params":"0x4c8ba43a","remoteAddress":"80.87.30.130","requestURI":"/BlockList","resourcePath":"/services/apexrest/B (10 more) ..."}|0x23148cde
12:31:10.0 (1710919)|VARIABLE_SCOPE_BEGIN|[28]|name|String|false|false
12:31:10.0 (1721928)|VARIABLE_ASSIGNMENT|[28]|name|"Host"
12:31:10.0 (1725068)|VARIABLE_SCOPE_BEGIN|[28]|value|String|false|false
12:31:10.0 (1730962)|VARIABLE_ASSIGNMENT|[28]|value|"creationbot-dev-ed.m (16 more) ..."
12:31:10.0 (1755151)|HEAP_ALLOCATE|[EXTERNAL]|Bytes:32
12:31:10.0 (1759077)|HEAP_ALLOCATE|[EXTERNAL]|Bytes:15
12:31:10.0 (1760906)|HEAP_ALLOCATE|[EXTERNAL]|Bytes:12
12:31:10.0 (1763528)|VARIABLE_SCOPE_BEGIN|[28]|this|System.RestRequest|true|false
12:31:10.0 (1781613)|VARIABLE_ASSIGNMENT|[28]|this|{"headers":"0x658b2d98","httpMethod":"GET","params":"0x4c8ba43a","remoteAddress":"80.87.30.130","requestURI":"/BlockList","resourcePath":"/services/apexrest/B (10 more) ..."}|0x23148cde
12:31:10.0 (1791755)|VARIABLE_SCOPE_BEGIN|[28]|name|String|false|false
12:31:10.0 (1797757)|VARIABLE_ASSIGNMENT|[28]|name|"Accept-Encoding"
12:31:10.0 (1800600)|VARIABLE_SCOPE_BEGIN|[28]|value|String|false|false
12:31:10.0 (1805603)|VARIABLE_ASSIGNMENT|[28]|value|"gzip,deflate"
12:31:10.0 (1831880)|HEAP_ALLOCATE|[EXTERNAL]|Bytes:32
12:31:10.0 (1835124)|HEAP_ALLOCATE|[EXTERNAL]|Bytes:16
12:31:10.0 (1837989)|HEAP_ALLOCATE|[EXTERNAL]|Bytes:12
12:31:10.0 (1840575)|VARIABLE_SCOPE_BEGIN|[28]|this|System.RestRequest|true|false
12:31:10.0 (1859243)|VARIABLE_ASSIGNMENT|[28]|this|{"headers":"0x658b2d98","httpMethod":"GET","params":"0x4c8ba43a","remoteAddress":"80.87.30.130","requestURI":"/BlockList","resourcePath":"/services/apexrest/B (10 more) ..."}|0x23148cde
12:31:10.0 (1864806)|VARIABLE_SCOPE_BEGIN|[28]|name|String|false|false
12:31:10.0 (1870282)|VARIABLE_ASSIGNMENT|[28]|name|"X-Salesforce-SIP"
12:31:10.0 (1873002)|VARIABLE_SCOPE_BEGIN|[28]|value|String|false|false
12:31:10.0 (1878155)|VARIABLE_ASSIGNMENT|[28]|value|"80.87.30.130"
12:31:10.0 (1926802)|HEAP_ALLOCATE|[EXTERNAL]|Bytes:4
12:31:10.0 (1932317)|HEAP_ALLOCATE|[EXTERNAL]|Bytes:32
12:31:10.0 (1953959)|VARIABLE_ASSIGNMENT|[EXTERNAL]|this.requestBody|BLOB(0 bytes)|0x23148cde
12:31:10.0 (2011548)|HEAP_ALLOCATE|[EXTERNAL]|Bytes:156
12:31:10.0 (2017216)|HEAP_ALLOCATE|[EXTERNAL]|Bytes:10
12:31:10.0 (2023305)|SYSTEM_METHOD_ENTRY|[1]|RestResponse.RestResponse()
12:31:10.0 (2026525)|STATEMENT_EXECUTE|[1]
12:31:10.0 (2031661)|SYSTEM_METHOD_EXIT|[1]|RestResponse
12:31:10.0 (2036600)|HEAP_ALLOCATE|[EXTERNAL]|Bytes:16
12:31:10.0 (2040766)|VARIABLE_SCOPE_BEGIN|[7]|this|System.RestResponse|true|false
12:31:10.0 (2055871)|VARIABLE_ASSIGNMENT|[7]|this|{}|0x4b7eb309
12:31:10.0 (2149394)|VARIABLE_SCOPE_BEGIN|[4]|RestContext.request|System.RestRequest|true|true
12:31:10.0 (2157549)|VARIABLE_SCOPE_BEGIN|[5]|RestContext.response|System.RestResponse|true|true
12:31:10.0 (2165458)|HEAP_ALLOCATE|[EXTERNAL]|Bytes:112
12:31:10.0 (2169672)|HEAP_ALLOCATE|[EXTERNAL]|Bytes:5
12:31:10.0 (2175104)|SYSTEM_METHOD_ENTRY|[2]|RestContext.RestContext()
12:31:10.0 (2178068)|STATEMENT_EXECUTE|[2]
12:31:10.0 (2181708)|SYSTEM_METHOD_EXIT|[2]|RestContext
12:31:10.0 (2186151)|HEAP_ALLOCATE|[EXTERNAL]|Bytes:32
12:31:10.0 (2224370)|VARIABLE_ASSIGNMENT|[EXTERNAL]|RestContext.request|{"headers":"0x658b2d98","httpMethod":"GET","params":"0x4c8ba43a","remoteAddress":"80.87.30.130","requestBody":BLOB(0 bytes),"requestURI":"/BlockList","resourcePath":"/services/apexrest/B (10 more) ..."}|0x23148cde
12:31:10.0 (2236958)|HEAP_ALLOCATE|[EXTERNAL]|Bytes:16
12:31:10.0 (2250053)|VARIABLE_ASSIGNMENT|[EXTERNAL]|RestContext.response|{"headers":"0x45445d2b"}|0x4b7eb309
12:31:10.0 (2298382)|HEAP_ALLOCATE|[EXTERNAL]|Bytes:34
12:31:10.0 (2303072)|HEAP_ALLOCATE|[EXTERNAL]|Bytes:2
12:31:10.0 (2306158)|HEAP_ALLOCATE|[EXTERNAL]|Bytes:2
12:31:10.0 (2330291)|METHOD_ENTRY|[2]|01p0N000007Ajm0|BlockRestService.BlockRestService()
12:31:10.0 (2334569)|STATEMENT_EXECUTE|[2]
12:31:10.0 (2336555)|STATEMENT_EXECUTE|[2]
12:31:10.0 (2349923)|HEAP_ALLOCATE|[EXTERNAL]|Bytes:5
12:31:10.0 (2354590)|STATEMENT_EXECUTE|[4]
12:31:10.0 (2355443)|STATEMENT_EXECUTE|[11]
12:31:10.0 (2360049)|METHOD_EXIT|[2]|BlockRestService
12:31:10.0 (2434866)|HEAP_ALLOCATE|[21]|Bytes:5
12:31:10.0 (2439909)|STATEMENT_EXECUTE|[19]
12:31:10.0 (2440930)|STATEMENT_EXECUTE|[21]
12:31:10.0 (2472579)|HEAP_ALLOCATE|[21]|Bytes:7
12:31:10.0 (2485823)|VARIABLE_SCOPE_BEGIN|[21]|keyWord|String|false|false
12:31:10.0 (2494836)|VARIABLE_ASSIGNMENT|[21]|keyWord|"hi"
12:31:10.0 (2498468)|STATEMENT_EXECUTE|[22]
12:31:10.0 (2500200)|HEAP_ALLOCATE|[22]|Bytes:56
12:31:10.0 (2512067)|HEAP_ALLOCATE|[22]|Bytes:4
12:31:10.0 (2691380)|SOQL_EXECUTE_BEGIN|[22]|Aggregations:0|SELECT Id, Name, Title__c, Type__c FROM Block__c LIMIT 1
12:31:10.0 (17269179)|SOQL_EXECUTE_END|[22]|Rows:1
12:31:10.0 (17299843)|HEAP_ALLOCATE|[22]|Bytes:8
12:31:10.0 (17316764)|HEAP_ALLOCATE|[22]|Bytes:84
12:31:10.0 (17415364)|HEAP_ALLOCATE|[22]|Bytes:8
12:31:10.0 (17431726)|HEAP_ALLOCATE|[22]|Bytes:34
12:31:10.0 (17459554)|HEAP_ALLOCATE|[22]|Bytes:20
12:31:10.0 (17468510)|VARIABLE_SCOPE_BEGIN|[22]|block|Block__c|true|false
12:31:10.0 (17496978)|VARIABLE_ASSIGNMENT|[22]|block|{"Id":"a070N000018nNzmQAE","Name":"B-002","Title__c":"View Speakers","Type__c":"Button"}|0x1704e116
12:31:10.0 (17504191)|STATEMENT_EXECUTE|[28]
12:31:10.0 (17725416)|HEAP_ALLOCATE|[28]|Bytes:20
12:31:10.0 (17746421)|CONSTRUCTOR_ENTRY|[28]|01p0N000007Ajm0|<init>()
12:31:10.0 (17776567)|VARIABLE_SCOPE_BEGIN|[4]|this|BlockRestService.NodeJsResponseWrapper|true|false
12:31:10.0 (17834143)|VARIABLE_ASSIGNMENT|[4]|this|{}|0x5ea0560c
12:31:10.0 (17853410)|STATEMENT_EXECUTE|[4]
12:31:10.0 (17854697)|STATEMENT_EXECUTE|[5]
12:31:10.0 (17855594)|STATEMENT_EXECUTE|[6]
12:31:10.0 (17856394)|STATEMENT_EXECUTE|[7]
12:31:10.0 (17857192)|STATEMENT_EXECUTE|[8]
12:31:10.0 (17860474)|CONSTRUCTOR_EXIT|[28]|01p0N000007Ajm0|<init>()
12:31:10.0 (17865817)|VARIABLE_SCOPE_BEGIN|[28]|resp|BlockRestService.NodeJsResponseWrapper|true|false
12:31:10.0 (17878741)|VARIABLE_ASSIGNMENT|[28]|resp|{}|0x5ea0560c
12:31:10.0 (17883708)|STATEMENT_EXECUTE|[29]
12:31:10.0 (17915438)|VARIABLE_ASSIGNMENT|[29]|this.title|"B-002"|0x5ea0560c
12:31:10.0 (17920430)|STATEMENT_EXECUTE|[30]
12:31:10.0 (17923431)|HEAP_ALLOCATE|[30]|Bytes:27
12:31:10.0 (17932027)|VARIABLE_ASSIGNMENT|[30]|this.subtitle|"Would you like to vi (7 more) ..."|0x5ea0560c
12:31:10.0 (17936064)|STATEMENT_EXECUTE|[31]
12:31:10.0 (17937794)|HEAP_ALLOCATE|[31]|Bytes:14
12:31:10.0 (17942665)|VARIABLE_ASSIGNMENT|[31]|this.image_url|"www.google.com"|0x5ea0560c
12:31:10.0 (17947078)|STATEMENT_EXECUTE|[33]
12:31:10.0 (17955886)|HEAP_ALLOCATE|[33]|Bytes:16
12:31:10.0 (17966452)|CONSTRUCTOR_ENTRY|[33]|01p0N000007Ajm0|<init>()
12:31:10.0 (17981840)|VARIABLE_SCOPE_BEGIN|[11]|this|BlockRestService.ButtonsArray|true|false
12:31:10.0 (18010218)|VARIABLE_ASSIGNMENT|[11]|this|{}|0x6c2ecca1
12:31:10.0 (18023257)|STATEMENT_EXECUTE|[11]
12:31:10.0 (18024197)|STATEMENT_EXECUTE|[12]
12:31:10.0 (18025046)|STATEMENT_EXECUTE|[13]
12:31:10.0 (18025820)|STATEMENT_EXECUTE|[14]
12:31:10.0 (18028202)|CONSTRUCTOR_EXIT|[33]|01p0N000007Ajm0|<init>()
12:31:10.0 (18032561)|VARIABLE_SCOPE_BEGIN|[33]|buttonObj|BlockRestService.ButtonsArray|true|false
12:31:10.0 (18043388)|VARIABLE_ASSIGNMENT|[33]|buttonObj|{}|0x6c2ecca1
12:31:10.0 (18047736)|STATEMENT_EXECUTE|[35]
12:31:10.0 (18049832)|HEAP_ALLOCATE|[35]|Bytes:8
12:31:10.0 (18057058)|VARIABLE_ASSIGNMENT|[35]|this.type|"postback"|0x6c2ecca1
12:31:10.0 (18061238)|STATEMENT_EXECUTE|[36]
12:31:10.0 (18062698)|HEAP_ALLOCATE|[36]|Bytes:15
12:31:10.0 (18068645)|VARIABLE_ASSIGNMENT|[36]|this.title|"View Exhibitors"|0x6c2ecca1
12:31:10.0 (18072935)|STATEMENT_EXECUTE|[37]
12:31:10.0 (18074284)|HEAP_ALLOCATE|[37]|Bytes:13
12:31:10.0 (18078747)|VARIABLE_ASSIGNMENT|[37]|this.payload|"view_contacts"|0x6c2ecca1
12:31:10.0 (18082845)|STATEMENT_EXECUTE|[39]
12:31:10.0 (18129517)|HEAP_ALLOCATE|[39]|Bytes:41
12:31:10.0 (18240055)|FATAL_ERROR|System.NullPointerException: Attempt to de-reference a null object

Class.BlockRestService.getBlockDetails: line 39, column 1
12:31:10.0 (18250851)|FATAL_ERROR|System.NullPointerException: Attempt to de-reference a null object

Class.BlockRestService.getBlockDetails: line 39, column 1
12:31:10.18 (18880554)|CUMULATIVE_LIMIT_USAGE
12:31:10.18 (18880554)|LIMIT_USAGE_FOR_NS|(default)|
  Number of SOQL queries: 1 out of 100
  Number of query rows: 1 out of 50000
  Number of SOSL queries: 0 out of 20
  Number of DML statements: 0 out of 150
  Number of DML rows: 0 out of 10000
  Maximum CPU time: 0 out of 10000
  Maximum heap size: 0 out of 6000000
  Number of callouts: 0 out of 100
  Number of Email Invocations: 0 out of 10
  Number of future calls: 0 out of 50
  Number of queueable jobs added to the queue: 0 out of 50
  Number of Mobile Apex push calls: 0 out of 10

12:31:10.18 (18880554)|CUMULATIVE_LIMIT_USAGE_END

12:31:10.0 (18926211)|CODE_UNIT_FINISHED|BlockRestService.getBlockDetails
12:31:10.0 (20073198)|EXECUTION_FINISHED
