40.0 APEX_CODE,FINEST;APEX_PROFILING,INFO;CALLOUT,INFO;DB,INFO;SYSTEM,DEBUG;VALIDATION,INFO;VISUALFORCE,INFO;WAVE,INFO;WORKFLOW,INFO
14:55:57.0 (374318)|USER_INFO|[EXTERNAL]|0050N000006oSnw|bijays@creation.technology|Greenwich Mean Time|GMTZ
14:55:57.0 (423897)|EXECUTION_STARTED
14:55:57.0 (428275)|CODE_UNIT_STARTED|[EXTERNAL]|0660N000002qxF8|VF: /apex/XeroAddInvoice
14:55:57.0 (973194)|VF_DESERIALIZE_VIEWSTATE_BEGIN|0660N000002qxF8
14:55:57.0 (18618299)|HEAP_ALLOCATE|[72]|Bytes:3
14:55:57.0 (18660176)|HEAP_ALLOCATE|[77]|Bytes:152
14:55:57.0 (18678998)|HEAP_ALLOCATE|[342]|Bytes:408
14:55:57.0 (18702712)|HEAP_ALLOCATE|[355]|Bytes:408
14:55:57.0 (18725368)|HEAP_ALLOCATE|[467]|Bytes:48
14:55:57.0 (18755511)|HEAP_ALLOCATE|[139]|Bytes:6
14:55:57.0 (21894010)|VF_DESERIALIZE_VIEWSTATE_END
14:55:57.0 (22716023)|SYSTEM_MODE_ENTER|true
14:55:57.0 (22767649)|HEAP_ALLOCATE|[EXTERNAL]|Bytes:18
14:55:57.0 (22783342)|HEAP_ALLOCATE|[EXTERNAL]|Bytes:236
14:55:57.0 (22789466)|HEAP_ALLOCATE|[EXTERNAL]|Bytes:39
14:55:57.0 (22796843)|HEAP_ALLOCATE|[EXTERNAL]|Bytes:90
14:55:57.0 (22810277)|METHOD_ENTRY|[1]|01p0N00000BAQZL|XeroAddInvoiceExtension.XeroAddInvoiceExtension()
14:55:57.0 (22818626)|STATEMENT_EXECUTE|[1]
14:55:57.0 (22824200)|STATEMENT_EXECUTE|[1]
14:55:57.0 (22863388)|HEAP_ALLOCATE|[50]|Bytes:5
14:55:57.0 (22887435)|HEAP_ALLOCATE|[56]|Bytes:5
14:55:57.0 (22897688)|HEAP_ALLOCATE|[64]|Bytes:7
14:55:57.0 (22926313)|HEAP_ALLOCATE|[EXTERNAL]|Bytes:5
14:55:57.0 (22932890)|STATEMENT_EXECUTE|[81]
14:55:57.0 (22941932)|METHOD_EXIT|[1]|XeroAddInvoiceExtension
14:55:57.0 (23497732)|HEAP_ALLOCATE|[EXTERNAL]|Bytes:236
14:55:57.0 (23514522)|HEAP_ALLOCATE|[EXTERNAL]|Bytes:20
14:55:57.0 (39035174)|HEAP_ALLOCATE|[EXTERNAL]|Bytes:2
14:55:57.0 (39066037)|HEAP_ALLOCATE|[EXTERNAL]|Bytes:28
14:55:57.0 (39101959)|VARIABLE_ASSIGNMENT|[EXTERNAL]|this.invItemQuantity|"10"|0x9aaec03
14:55:57.0 (39166872)|HEAP_ALLOCATE|[EXTERNAL]|Bytes:5
14:55:57.0 (39173944)|HEAP_ALLOCATE|[EXTERNAL]|Bytes:28
14:55:57.0 (39185228)|VARIABLE_ASSIGNMENT|[EXTERNAL]|this.inventorySalesPrice|"10.00"|0x9aaec03
14:55:57.0 (39399795)|HEAP_ALLOCATE|[EXTERNAL]|Bytes:6
14:55:57.0 (39408045)|HEAP_ALLOCATE|[EXTERNAL]|Bytes:28
14:55:57.0 (39419567)|VARIABLE_ASSIGNMENT|[EXTERNAL]|this.invItemAmount|"100.00"|0x9aaec03
14:55:57.0 (39813360)|HEAP_ALLOCATE|[EXTERNAL]|Bytes:2
14:55:57.0 (39823739)|HEAP_ALLOCATE|[EXTERNAL]|Bytes:28
14:55:57.0 (39838449)|VARIABLE_ASSIGNMENT|[EXTERNAL]|this.invItemQuantity|"20"|0x49b13697
14:55:57.0 (39921936)|HEAP_ALLOCATE|[EXTERNAL]|Bytes:5
14:55:57.0 (39931646)|HEAP_ALLOCATE|[EXTERNAL]|Bytes:28
14:55:57.0 (39945830)|VARIABLE_ASSIGNMENT|[EXTERNAL]|this.inventorySalesPrice|"20.00"|0x49b13697
14:55:57.0 (40168497)|HEAP_ALLOCATE|[EXTERNAL]|Bytes:6
14:55:57.0 (40177724)|HEAP_ALLOCATE|[EXTERNAL]|Bytes:28
14:55:57.0 (40190110)|VARIABLE_ASSIGNMENT|[EXTERNAL]|this.invItemAmount|"400.00"|0x49b13697
14:55:57.0 (40554369)|HEAP_ALLOCATE|[EXTERNAL]|Bytes:2
14:55:57.0 (40566254)|HEAP_ALLOCATE|[EXTERNAL]|Bytes:28
14:55:57.0 (40580349)|VARIABLE_ASSIGNMENT|[EXTERNAL]|this.invItemQuantity|"40"|0x7381cad4
14:55:57.0 (40640533)|HEAP_ALLOCATE|[EXTERNAL]|Bytes:5
14:55:57.0 (40650574)|HEAP_ALLOCATE|[EXTERNAL]|Bytes:28
14:55:57.0 (40661057)|VARIABLE_ASSIGNMENT|[EXTERNAL]|this.inventorySalesPrice|"60.00"|0x7381cad4
14:55:57.0 (40894105)|HEAP_ALLOCATE|[EXTERNAL]|Bytes:4
14:55:57.0 (40906757)|HEAP_ALLOCATE|[EXTERNAL]|Bytes:28
14:55:57.0 (40918881)|VARIABLE_ASSIGNMENT|[EXTERNAL]|this.invItemAmount|"0.00"|0x7381cad4
14:55:57.0 (41723874)|HEAP_ALLOCATE|[EXTERNAL]|Bytes:36
14:55:57.0 (41743202)|VARIABLE_SCOPE_BEGIN|[53]|this|XeroAddInvoiceExtension|true|false
14:55:57.0 (41856014)|VARIABLE_ASSIGNMENT|[53]|this|{"counter":3,"invItemAmount":"0.00","invItemWrapperList":"0x4eb07da2","invObj":"0x618b366a","subtotal":0.00,"total":0.00,"vat":0.00}|0x45f055b2
14:55:57.0 (42705363)|HEAP_ALLOCATE|[54]|Bytes:5
14:55:57.0 (42720732)|STATEMENT_EXECUTE|[53]
14:55:57.0 (42726475)|STATEMENT_EXECUTE|[54]
14:55:57.0 (42733825)|HEAP_ALLOCATE|[54]|Bytes:28
14:55:57.0 (52300652)|HEAP_ALLOCATE|[54]|Bytes:4
14:55:57.0 (52479662)|CONSTRUCTOR_ENTRY|[54]|01p0N00000BAQZL|<init>(Xero_Invoice_Line_Items__c)
14:55:57.0 (52539477)|VARIABLE_SCOPE_BEGIN|[89]|this|XeroAddInvoiceExtension.InvoiceItemWrapper|true|false
14:55:57.0 (52611501)|VARIABLE_ASSIGNMENT|[89]|this|{}|0x2aeabe44
14:55:57.0 (52623850)|VARIABLE_SCOPE_BEGIN|[89]|invItem|Xero_Invoice_Line_Items__c|true|false
14:55:57.0 (52638948)|VARIABLE_ASSIGNMENT|[89]|invItem|{}|0x8441a37
14:55:57.0 (52650201)|STATEMENT_EXECUTE|[81]
14:55:57.0 (52653229)|STATEMENT_EXECUTE|[82]
14:55:57.0 (52655470)|STATEMENT_EXECUTE|[83]
14:55:57.0 (52657364)|STATEMENT_EXECUTE|[84]
14:55:57.0 (52659073)|STATEMENT_EXECUTE|[85]
14:55:57.0 (52661721)|STATEMENT_EXECUTE|[86]
14:55:57.0 (52663448)|STATEMENT_EXECUTE|[87]
14:55:57.0 (52673589)|HEAP_ALLOCATE|[90]|Bytes:6
14:55:57.0 (52708775)|STATEMENT_EXECUTE|[89]
14:55:57.0 (52711311)|STATEMENT_EXECUTE|[90]
14:55:57.0 (52821141)|VARIABLE_ASSIGNMENT|[EXTERNAL]|this|{}|0x2aeabe44
14:55:57.0 (52838377)|VARIABLE_ASSIGNMENT|[EXTERNAL]|value|{}|0x8441a37
14:55:57.0 (52856823)|VARIABLE_ASSIGNMENT|[82]|this.invItem|{}|0x2aeabe44
14:55:57.0 (52882472)|CONSTRUCTOR_EXIT|[54]|01p0N00000BAQZL|<init>(Xero_Invoice_Line_Items__c)
14:55:57.0 (52891598)|VARIABLE_SCOPE_BEGIN|[54]|invItemWrap|XeroAddInvoiceExtension.InvoiceItemWrapper|true|false
14:55:57.0 (52925306)|VARIABLE_ASSIGNMENT|[54]|invItemWrap|{"invItem":"0x8441a37"}|0x2aeabe44
14:55:57.0 (52935253)|STATEMENT_EXECUTE|[56]
14:55:57.0 (52948090)|HEAP_ALLOCATE|[56]|Bytes:4
14:55:57.0 (52961883)|VARIABLE_ASSIGNMENT|[56]|this.counter|4|0x45f055b2
14:55:57.0 (52969054)|STATEMENT_EXECUTE|[57]
14:55:57.0 (53030743)|VARIABLE_ASSIGNMENT|[EXTERNAL]|this|{"invItem":"0x8441a37"}|0x2aeabe44
14:55:57.0 (53045608)|VARIABLE_ASSIGNMENT|[EXTERNAL]|value|4
14:55:57.0 (53061065)|VARIABLE_ASSIGNMENT|[87]|this.counterWrap|4|0x2aeabe44
14:55:57.0 (53074959)|STATEMENT_EXECUTE|[58]
14:55:57.0 (53081113)|HEAP_ALLOCATE|[58]|Bytes:4
14:55:57.0 (53110828)|HEAP_ALLOCATE|[58]|Bytes:28
14:55:57.0 (53164975)|HEAP_ALLOCATE|[58]|Bytes:4
14:55:57.0 (53219676)|VARIABLE_ASSIGNMENT|[EXTERNAL]|this|{"counterWrap":4,"invItem":"0x8441a37"}|0x2aeabe44
14:55:57.0 (53235149)|VARIABLE_ASSIGNMENT|[EXTERNAL]|value|"0.00"
14:55:57.0 (53248797)|VARIABLE_ASSIGNMENT|[83]|this.inventorySalesPrice|"0.00"|0x2aeabe44
14:55:57.0 (53262334)|STATEMENT_EXECUTE|[59]
14:55:57.0 (53321473)|VARIABLE_ASSIGNMENT|[EXTERNAL]|this|{"counterWrap":4,"inventorySalesPrice":"0.00","invItem":"0x8441a37"}|0x2aeabe44
14:55:57.0 (53335721)|VARIABLE_ASSIGNMENT|[EXTERNAL]|value|""
14:55:57.0 (53350321)|VARIABLE_ASSIGNMENT|[86]|this.inventoryNameAsDescription|""|0x2aeabe44
14:55:57.0 (53365104)|STATEMENT_EXECUTE|[60]
14:55:57.0 (53400900)|HEAP_ALLOCATE|[60]|Bytes:1
14:55:57.0 (53463181)|VARIABLE_ASSIGNMENT|[EXTERNAL]|this|{"counterWrap":4,"inventoryNameAsDescr (6 more) ...":"","inventorySalesPrice":"0.00","invItem":"0x8441a37"}|0x2aeabe44
14:55:57.0 (53478708)|VARIABLE_ASSIGNMENT|[EXTERNAL]|value|"0"
14:55:57.0 (53493619)|VARIABLE_ASSIGNMENT|[85]|this.invItemQuantity|"0"|0x2aeabe44
14:55:57.0 (53511237)|STATEMENT_EXECUTE|[61]
14:55:57.0 (53522589)|HEAP_ALLOCATE|[61]|Bytes:28
14:55:57.0 (53557856)|HEAP_ALLOCATE|[61]|Bytes:4
14:55:57.0 (53622084)|VARIABLE_ASSIGNMENT|[EXTERNAL]|this|{"counterWrap":4,"inventoryNameAsDescr (6 more) ...":"","inventorySalesPrice":"0.00","invItem":"0x8441a37","invItemQuantity":"0"}|0x2aeabe44
14:55:57.0 (53639744)|VARIABLE_ASSIGNMENT|[EXTERNAL]|value|"0.00"
14:55:57.0 (53654271)|VARIABLE_ASSIGNMENT|[84]|this.invItemAmount|"0.00"|0x2aeabe44
14:55:57.0 (53668867)|STATEMENT_EXECUTE|[62]
14:55:57.0 (53739433)|VARIABLE_ASSIGNMENT|[EXTERNAL]|this|{"counter":4,"invItemAmount":"0.00","invItemWrapperList":"0x4eb07da2","invObj":"0x618b366a","subtotal":0.00,"total":0.00,"vat":0.00}|0x45f055b2
14:55:57.0 (53790719)|HEAP_ALLOCATE|[EXTERNAL]|Bytes:4
14:55:57.0 (53804572)|STATEMENT_EXECUTE|[63]
14:55:57.0 (53810553)|HEAP_ALLOCATE|[63]|Bytes:27
14:55:57.0 (53860319)|HEAP_ALLOCATE|[63]|Bytes:1
14:55:57.0 (53887393)|HEAP_ALLOCATE|[63]|Bytes:28
14:55:57.0 (53917401)|USER_DEBUG|[63]|DEBUG|@@@@invItemWrapperList Size4
14:55:57.0 (53930527)|STATEMENT_EXECUTE|[64]
14:55:57.0 (53935454)|HEAP_ALLOCATE|[64]|Bytes:22
14:55:57.0 (53993125)|VARIABLE_ASSIGNMENT|[EXTERNAL]|this|{"counter":4,"invItemAmount":"0.00","invItemWrapperList":"0x4eb07da2","invObj":"0x618b366a","subtotal":0.00,"total":0.00,"vat":0.00}|0x45f055b2
14:55:57.0 (54125933)|HEAP_ALLOCATE|[64]|Bytes:686
14:55:57.0 (54154391)|HEAP_ALLOCATE|[64]|Bytes:708
14:55:57.0 (54176342)|USER_DEBUG|[64]|DEBUG|@@@@invItemWrapperList(InvoiceItemWrapper:[counterWrap=1, invItem=Xero_Invoice_Line_Items__c:{}, invItemAmount=100.00, invItemQuantity=10, inventoryNameAsDescription=, inventorySalesPrice=10.00], InvoiceItemWrapper:[counterWrap=2, invItem=Xero_Invoice_Line_Items__c:{}, invItemAmount=400.00, invItemQuantity=20, inventoryNameAsDescription=, inventorySalesPrice=20.00], InvoiceItemWrapper:[counterWrap=3, invItem=Xero_Invoice_Line_Items__c:{}, invItemAmount=0.00, invItemQuantity=40, inventoryNameAsDescription=, inventorySalesPrice=60.00], InvoiceItemWrapper:[counterWrap=4, invItem=Xero_Invoice_Line_Items__c:{}, invItemAmount=0.00, invItemQuantity=0, inventoryNameAsDescription=, inventorySalesPrice=0.00])
14:55:57.0 (54206642)|STATEMENT_EXECUTE|[65]
14:55:57.0 (54263117)|VARIABLE_ASSIGNMENT|[EXTERNAL]|this|{"counter":4,"invItemAmount":"0.00","invItemWrapperList":"0x4eb07da2","invObj":"0x618b366a","subtotal":0.00,"total":0.00,"vat":0.00}|0x45f055b2
14:55:57.0 (54307437)|HEAP_ALLOCATE|[65]|Bytes:1
14:55:57.0 (54324350)|HEAP_ALLOCATE|[65]|Bytes:28
14:55:57.0 (54337034)|USER_DEBUG|[65]|DEBUG|@@@@invItemWrapperList Size4
14:55:57.0 (54348411)|STATEMENT_EXECUTE|[66]
14:55:57.0 (62219236)|SYSTEM_MODE_ENTER|true
14:55:57.0 (77078952)|SYSTEM_MODE_ENTER|true
14:55:57.0 (110922451)|VF_SERIALIZE_VIEWSTATE_BEGIN|0660N000002qxF8
14:55:57.0 (115151431)|VF_SERIALIZE_VIEWSTATE_END
14:55:57.118 (118369980)|CUMULATIVE_LIMIT_USAGE
14:55:57.118 (118369980)|LIMIT_USAGE_FOR_NS|(default)|
  Number of SOQL queries: 0 out of 100
  Number of query rows: 0 out of 50000
  Number of SOSL queries: 0 out of 20
  Number of DML statements: 0 out of 150
  Number of DML rows: 0 out of 10000
  Maximum CPU time: 0 out of 10000
  Maximum heap size: 0 out of 6000000
  Number of callouts: 0 out of 100
  Number of Email Invocations: 0 out of 10
  Number of future calls: 0 out of 50
  Number of queueable jobs added to the queue: 0 out of 50
  Number of Mobile Apex push calls: 0 out of 10

14:55:57.118 (118369980)|CUMULATIVE_LIMIT_USAGE_END

14:55:57.0 (118426290)|CODE_UNIT_FINISHED|VF: /apex/XeroAddInvoice
14:55:57.0 (120541588)|EXECUTION_FINISHED
