42.0 APEX_CODE,FINEST;APEX_PROFILING,INFO;CALLOUT,INFO;DB,INFO;SYSTEM,DEBUG;VALIDATION,INFO;VISUALFORCE,INFO;WAVE,INFO;WORKFLOW,INFO
11:27:45.0 (306174)|USER_INFO|[EXTERNAL]|0050N000006oSnw|bijays@creation.technology|Greenwich Mean Time|GMTZ
11:27:45.0 (341277)|EXECUTION_STARTED
11:27:45.0 (345336)|CODE_UNIT_STARTED|[EXTERNAL]|VisualForce View State
11:27:45.0 (7693354)|CODE_UNIT_FINISHED|VisualForce View State
11:27:45.0 (8530147)|EXECUTION_FINISHED
11:27:45.22 (22739611)|USER_INFO|[EXTERNAL]|0050N000006oSnw|bijays@creation.technology|Greenwich Mean Time|GMTZ
11:27:45.22 (22757327)|EXECUTION_STARTED
11:27:45.22 (22761080)|CODE_UNIT_STARTED|[EXTERNAL]|VF: /apex/editApexPage.apexp
11:27:45.22 (31891380)|CODE_UNIT_STARTED|[EXTERNAL]|VF Controller Save
11:27:45.22 (31937509)|SYSTEM_MODE_ENTER|false
11:27:45.22 (402270424)|CODE_UNIT_FINISHED|VF Controller Save
11:27:45.22 (431592615)|VF_SERIALIZE_VIEWSTATE_BEGIN|
11:27:45.22 (436527230)|VF_SERIALIZE_VIEWSTATE_END
11:27:45.442 (442569505)|CUMULATIVE_LIMIT_USAGE
11:27:45.442 (442569505)|LIMIT_USAGE_FOR_NS|(default)|
  Number of SOQL queries: 0 out of 100
  Number of query rows: 0 out of 50000
  Number of SOSL queries: 0 out of 20
  Number of DML statements: 0 out of 150
  Number of DML rows: 0 out of 10000
  Maximum CPU time: 0 out of 10000
  Maximum heap size: 0 out of 6000000
  Number of callouts: 0 out of 100
  Number of Email Invocations: 0 out of 10
  Number of future calls: 0 out of 50
  Number of queueable jobs added to the queue: 0 out of 50
  Number of Mobile Apex push calls: 0 out of 10

11:27:45.442 (442569505)|CUMULATIVE_LIMIT_USAGE_END

11:27:45.22 (442604906)|CODE_UNIT_FINISHED|VF: /apex/editApexPage.apexp
11:27:45.22 (443349729)|EXECUTION_FINISHED
