40.0 APEX_CODE,FINEST;APEX_PROFILING,INFO;CALLOUT,INFO;DB,INFO;SYSTEM,DEBUG;VALIDATION,INFO;VISUALFORCE,INFO;WAVE,INFO;WORKFLOW,INFO
14:47:58.0 (304888)|USER_INFO|[EXTERNAL]|0050N000006oSnw|bijays@creation.technology|Greenwich Mean Time|GMTZ
14:47:58.0 (336955)|EXECUTION_STARTED
14:47:58.0 (343102)|CODE_UNIT_STARTED|[EXTERNAL]|0660N000002qxF8|VF: /apex/XeroAddInvoice
14:47:58.0 (871280)|VF_DESERIALIZE_VIEWSTATE_BEGIN|0660N000002qxF8
14:47:58.0 (7004569)|HEAP_ALLOCATE|[72]|Bytes:3
14:47:58.0 (7061696)|HEAP_ALLOCATE|[77]|Bytes:152
14:47:58.0 (7075462)|HEAP_ALLOCATE|[342]|Bytes:408
14:47:58.0 (7089935)|HEAP_ALLOCATE|[355]|Bytes:408
14:47:58.0 (7103544)|HEAP_ALLOCATE|[467]|Bytes:48
14:47:58.0 (7127841)|HEAP_ALLOCATE|[139]|Bytes:6
14:47:58.0 (9389627)|VF_DESERIALIZE_VIEWSTATE_END
14:47:58.0 (10598663)|SYSTEM_MODE_ENTER|true
14:47:58.0 (10749109)|HEAP_ALLOCATE|[EXTERNAL]|Bytes:18
14:47:58.0 (10773879)|HEAP_ALLOCATE|[EXTERNAL]|Bytes:236
14:47:58.0 (10777903)|HEAP_ALLOCATE|[EXTERNAL]|Bytes:39
14:47:58.0 (10781453)|HEAP_ALLOCATE|[EXTERNAL]|Bytes:90
14:47:58.0 (10790137)|METHOD_ENTRY|[1]|01p0N00000BAQZL|XeroAddInvoiceExtension.XeroAddInvoiceExtension()
14:47:58.0 (10796225)|STATEMENT_EXECUTE|[1]
14:47:58.0 (10800457)|STATEMENT_EXECUTE|[1]
14:47:58.0 (10827894)|HEAP_ALLOCATE|[50]|Bytes:5
14:47:58.0 (10849182)|HEAP_ALLOCATE|[56]|Bytes:5
14:47:58.0 (10856633)|HEAP_ALLOCATE|[64]|Bytes:7
14:47:58.0 (10882070)|HEAP_ALLOCATE|[EXTERNAL]|Bytes:5
14:47:58.0 (10886803)|STATEMENT_EXECUTE|[81]
14:47:58.0 (10892893)|METHOD_EXIT|[1]|XeroAddInvoiceExtension
14:47:58.0 (11123714)|HEAP_ALLOCATE|[EXTERNAL]|Bytes:236
14:47:58.0 (11132513)|HEAP_ALLOCATE|[EXTERNAL]|Bytes:20
14:47:58.0 (17083048)|HEAP_ALLOCATE|[EXTERNAL]|Bytes:1
14:47:58.0 (17096232)|HEAP_ALLOCATE|[EXTERNAL]|Bytes:28
14:47:58.0 (17131414)|VARIABLE_ASSIGNMENT|[EXTERNAL]|this.invItemQuantity|"0"|0x25db41b8
14:47:58.0 (17171551)|HEAP_ALLOCATE|[EXTERNAL]|Bytes:4
14:47:58.0 (17175976)|HEAP_ALLOCATE|[EXTERNAL]|Bytes:28
14:47:58.0 (17183233)|VARIABLE_ASSIGNMENT|[EXTERNAL]|this.inventorySalesPrice|"0.00"|0x25db41b8
14:47:58.0 (17311517)|HEAP_ALLOCATE|[EXTERNAL]|Bytes:4
14:47:58.0 (17317234)|HEAP_ALLOCATE|[EXTERNAL]|Bytes:28
14:47:58.0 (17324177)|VARIABLE_ASSIGNMENT|[EXTERNAL]|this.invItemAmount|"0.00"|0x25db41b8
14:47:58.0 (17560609)|HEAP_ALLOCATE|[EXTERNAL]|Bytes:1
14:47:58.0 (17566821)|HEAP_ALLOCATE|[EXTERNAL]|Bytes:28
14:47:58.0 (17575554)|VARIABLE_ASSIGNMENT|[EXTERNAL]|this.invItemQuantity|"0"|0x4cc3bac2
14:47:58.0 (17609628)|HEAP_ALLOCATE|[EXTERNAL]|Bytes:4
14:47:58.0 (17614289)|HEAP_ALLOCATE|[EXTERNAL]|Bytes:28
14:47:58.0 (17621236)|VARIABLE_ASSIGNMENT|[EXTERNAL]|this.inventorySalesPrice|"0.00"|0x4cc3bac2
14:47:58.0 (17734236)|HEAP_ALLOCATE|[EXTERNAL]|Bytes:4
14:47:58.0 (17739416)|HEAP_ALLOCATE|[EXTERNAL]|Bytes:28
14:47:58.0 (17746388)|VARIABLE_ASSIGNMENT|[EXTERNAL]|this.invItemAmount|"0.00"|0x4cc3bac2
14:47:58.0 (18088320)|HEAP_ALLOCATE|[EXTERNAL]|Bytes:36
14:47:58.0 (18100465)|VARIABLE_SCOPE_BEGIN|[53]|this|XeroAddInvoiceExtension|true|false
14:47:58.0 (18166388)|VARIABLE_ASSIGNMENT|[53]|this|{"counter":2,"invItemAmount":"0.00","invItemWrapperList":"0x5beb1faf","invObj":"0x7ccbe53c","subtotal":0.00,"total":0.00,"vat":0.00}|0x52d59371
14:47:58.0 (18187625)|HEAP_ALLOCATE|[54]|Bytes:5
14:47:58.0 (18192814)|STATEMENT_EXECUTE|[53]
14:47:58.0 (18194602)|STATEMENT_EXECUTE|[54]
14:47:58.0 (18199553)|HEAP_ALLOCATE|[54]|Bytes:28
14:47:58.0 (18225026)|HEAP_ALLOCATE|[54]|Bytes:4
14:47:58.0 (18305652)|CONSTRUCTOR_ENTRY|[54]|01p0N00000BAQZL|<init>(Xero_Invoice_Line_Items__c)
14:47:58.0 (18332198)|VARIABLE_SCOPE_BEGIN|[89]|this|XeroAddInvoiceExtension.InvoiceItemWrapper|true|false
14:47:58.0 (18357421)|VARIABLE_ASSIGNMENT|[89]|this|{}|0x2ee19e2c
14:47:58.0 (18365226)|VARIABLE_SCOPE_BEGIN|[89]|invItem|Xero_Invoice_Line_Items__c|true|false
14:47:58.0 (18374685)|VARIABLE_ASSIGNMENT|[89]|invItem|{}|0x28d9156b
14:47:58.0 (18380699)|STATEMENT_EXECUTE|[81]
14:47:58.0 (18382360)|STATEMENT_EXECUTE|[82]
14:47:58.0 (18383845)|STATEMENT_EXECUTE|[83]
14:47:58.0 (18385093)|STATEMENT_EXECUTE|[84]
14:47:58.0 (18386244)|STATEMENT_EXECUTE|[85]
14:47:58.0 (18387411)|STATEMENT_EXECUTE|[86]
14:47:58.0 (18388590)|STATEMENT_EXECUTE|[87]
14:47:58.0 (18395486)|HEAP_ALLOCATE|[90]|Bytes:6
14:47:58.0 (18416102)|STATEMENT_EXECUTE|[89]
14:47:58.0 (18417623)|STATEMENT_EXECUTE|[90]
14:47:58.0 (18470832)|VARIABLE_ASSIGNMENT|[EXTERNAL]|this|{}|0x2ee19e2c
14:47:58.0 (18481286)|VARIABLE_ASSIGNMENT|[EXTERNAL]|value|{}|0x28d9156b
14:47:58.0 (18507418)|VARIABLE_ASSIGNMENT|[82]|this.invItem|{}|0x2ee19e2c
14:47:58.0 (18523818)|CONSTRUCTOR_EXIT|[54]|01p0N00000BAQZL|<init>(Xero_Invoice_Line_Items__c)
14:47:58.0 (18529459)|VARIABLE_SCOPE_BEGIN|[54]|invItemWrap|XeroAddInvoiceExtension.InvoiceItemWrapper|true|false
14:47:58.0 (18548128)|VARIABLE_ASSIGNMENT|[54]|invItemWrap|{"invItem":"0x28d9156b"}|0x2ee19e2c
14:47:58.0 (18553989)|STATEMENT_EXECUTE|[56]
14:47:58.0 (18561810)|HEAP_ALLOCATE|[56]|Bytes:4
14:47:58.0 (18569234)|VARIABLE_ASSIGNMENT|[56]|this.counter|3|0x52d59371
14:47:58.0 (18574069)|STATEMENT_EXECUTE|[57]
14:47:58.0 (18611168)|VARIABLE_ASSIGNMENT|[EXTERNAL]|this|{"invItem":"0x28d9156b"}|0x2ee19e2c
14:47:58.0 (18620348)|VARIABLE_ASSIGNMENT|[EXTERNAL]|value|3
14:47:58.0 (18628176)|VARIABLE_ASSIGNMENT|[87]|this.counterWrap|3|0x2ee19e2c
14:47:58.0 (18636246)|STATEMENT_EXECUTE|[58]
14:47:58.0 (18639847)|HEAP_ALLOCATE|[58]|Bytes:4
14:47:58.0 (18658695)|HEAP_ALLOCATE|[58]|Bytes:28
14:47:58.0 (18692162)|HEAP_ALLOCATE|[58]|Bytes:4
14:47:58.0 (18724802)|VARIABLE_ASSIGNMENT|[EXTERNAL]|this|{"counterWrap":3,"invItem":"0x28d9156b"}|0x2ee19e2c
14:47:58.0 (18733339)|VARIABLE_ASSIGNMENT|[EXTERNAL]|value|"0.00"
14:47:58.0 (18741382)|VARIABLE_ASSIGNMENT|[83]|this.inventorySalesPrice|"0.00"|0x2ee19e2c
14:47:58.0 (18749852)|STATEMENT_EXECUTE|[59]
14:47:58.0 (18781920)|VARIABLE_ASSIGNMENT|[EXTERNAL]|this|{"counterWrap":3,"inventorySalesPrice":"0.00","invItem":"0x28d9156b"}|0x2ee19e2c
14:47:58.0 (18790983)|VARIABLE_ASSIGNMENT|[EXTERNAL]|value|""
14:47:58.0 (18798199)|VARIABLE_ASSIGNMENT|[86]|this.inventoryNameAsDescription|""|0x2ee19e2c
14:47:58.0 (18806028)|STATEMENT_EXECUTE|[60]
14:47:58.0 (18826257)|HEAP_ALLOCATE|[60]|Bytes:1
14:47:58.0 (18856690)|VARIABLE_ASSIGNMENT|[EXTERNAL]|this|{"counterWrap":3,"inventoryNameAsDescr (6 more) ...":"","inventorySalesPrice":"0.00","invItem":"0x28d9156b"}|0x2ee19e2c
14:47:58.0 (18864768)|VARIABLE_ASSIGNMENT|[EXTERNAL]|value|"0"
14:47:58.0 (18871901)|VARIABLE_ASSIGNMENT|[85]|this.invItemQuantity|"0"|0x2ee19e2c
14:47:58.0 (18879027)|STATEMENT_EXECUTE|[61]
14:47:58.0 (18885420)|HEAP_ALLOCATE|[61]|Bytes:28
14:47:58.0 (18902132)|HEAP_ALLOCATE|[61]|Bytes:4
14:47:58.0 (18930760)|VARIABLE_ASSIGNMENT|[EXTERNAL]|this|{"counterWrap":3,"inventoryNameAsDescr (6 more) ...":"","inventorySalesPrice":"0.00","invItem":"0x28d9156b","invItemQuantity":"0"}|0x2ee19e2c
14:47:58.0 (18939481)|VARIABLE_ASSIGNMENT|[EXTERNAL]|value|"0.00"
14:47:58.0 (18946607)|VARIABLE_ASSIGNMENT|[84]|this.invItemAmount|"0.00"|0x2ee19e2c
14:47:58.0 (18954782)|STATEMENT_EXECUTE|[62]
14:47:58.0 (18989017)|VARIABLE_ASSIGNMENT|[EXTERNAL]|this|{"counter":3,"invItemAmount":"0.00","invItemWrapperList":"0x5beb1faf","invObj":"0x7ccbe53c","subtotal":0.00,"total":0.00,"vat":0.00}|0x52d59371
14:47:58.0 (19027839)|HEAP_ALLOCATE|[EXTERNAL]|Bytes:4
14:47:58.0 (19036136)|STATEMENT_EXECUTE|[63]
14:47:58.0 (19039139)|HEAP_ALLOCATE|[63]|Bytes:27
14:47:58.0 (19066534)|HEAP_ALLOCATE|[63]|Bytes:1
14:47:58.0 (19079834)|HEAP_ALLOCATE|[63]|Bytes:28
14:47:58.0 (19097076)|USER_DEBUG|[63]|DEBUG|@@@@invItemWrapperList Size3
14:47:58.0 (19104995)|STATEMENT_EXECUTE|[64]
14:47:58.0 (19107477)|HEAP_ALLOCATE|[64]|Bytes:22
14:47:58.0 (19138459)|VARIABLE_ASSIGNMENT|[EXTERNAL]|this|{"counter":3,"invItemAmount":"0.00","invItemWrapperList":"0x5beb1faf","invObj":"0x7ccbe53c","subtotal":0.00,"total":0.00,"vat":0.00}|0x52d59371
14:47:58.0 (19198184)|HEAP_ALLOCATE|[64]|Bytes:507
14:47:58.0 (19211319)|HEAP_ALLOCATE|[64]|Bytes:529
14:47:58.0 (19220103)|USER_DEBUG|[64]|DEBUG|@@@@invItemWrapperList(InvoiceItemWrapper:[counterWrap=1, invItem=Xero_Invoice_Line_Items__c:{}, invItemAmount=0.00, invItemQuantity=0, inventoryNameAsDescription=, inventorySalesPrice=0.00], InvoiceItemWrapper:[counterWrap=2, invItem=Xero_Invoice_Line_Items__c:{}, invItemAmount=0.00, invItemQuantity=0, inventoryNameAsDescription=, inventorySalesPrice=0.00], InvoiceItemWrapper:[counterWrap=3, invItem=Xero_Invoice_Line_Items__c:{}, invItemAmount=0.00, invItemQuantity=0, inventoryNameAsDescription=, inventorySalesPrice=0.00])
14:47:58.0 (19235566)|STATEMENT_EXECUTE|[65]
14:47:58.0 (19264648)|VARIABLE_ASSIGNMENT|[EXTERNAL]|this|{"counter":3,"invItemAmount":"0.00","invItemWrapperList":"0x5beb1faf","invObj":"0x7ccbe53c","subtotal":0.00,"total":0.00,"vat":0.00}|0x52d59371
14:47:58.0 (19289633)|HEAP_ALLOCATE|[65]|Bytes:1
14:47:58.0 (19304676)|HEAP_ALLOCATE|[65]|Bytes:28
14:47:58.0 (19312606)|USER_DEBUG|[65]|DEBUG|@@@@invItemWrapperList Size3
14:47:58.0 (19318854)|STATEMENT_EXECUTE|[66]
14:47:58.0 (23634552)|SYSTEM_MODE_ENTER|true
14:47:58.0 (27598137)|SYSTEM_MODE_ENTER|true
14:47:58.0 (80846744)|VF_SERIALIZE_VIEWSTATE_BEGIN|0660N000002qxF8
14:47:58.0 (83114216)|VF_SERIALIZE_VIEWSTATE_END
14:47:58.85 (85191576)|CUMULATIVE_LIMIT_USAGE
14:47:58.85 (85191576)|LIMIT_USAGE_FOR_NS|(default)|
  Number of SOQL queries: 0 out of 100
  Number of query rows: 0 out of 50000
  Number of SOSL queries: 0 out of 20
  Number of DML statements: 0 out of 150
  Number of DML rows: 0 out of 10000
  Maximum CPU time: 0 out of 10000
  Maximum heap size: 0 out of 6000000
  Number of callouts: 0 out of 100
  Number of Email Invocations: 0 out of 10
  Number of future calls: 0 out of 50
  Number of queueable jobs added to the queue: 0 out of 50
  Number of Mobile Apex push calls: 0 out of 10

14:47:58.85 (85191576)|CUMULATIVE_LIMIT_USAGE_END

14:47:58.0 (85229343)|CODE_UNIT_FINISHED|VF: /apex/XeroAddInvoice
14:47:58.0 (85933314)|EXECUTION_FINISHED
