42.0 APEX_CODE,FINEST;APEX_PROFILING,INFO;CALLOUT,INFO;DB,INFO;SYSTEM,DEBUG;VALIDATION,INFO;VISUALFORCE,INFO;WAVE,INFO;WORKFLOW,INFO
10:27:20.0 (313022)|USER_INFO|[EXTERNAL]|0050N000006oSnw|bijays@creation.technology|Greenwich Mean Time|GMTZ
10:27:20.0 (346939)|EXECUTION_STARTED
10:27:20.0 (351125)|CODE_UNIT_STARTED|[EXTERNAL]|VisualForce View State
10:27:20.0 (7978822)|CODE_UNIT_FINISHED|VisualForce View State
10:27:20.0 (8816382)|EXECUTION_FINISHED
10:27:20.25 (25439625)|USER_INFO|[EXTERNAL]|0050N000006oSnw|bijays@creation.technology|Greenwich Mean Time|GMTZ
10:27:20.25 (25459849)|EXECUTION_STARTED
10:27:20.25 (25464209)|CODE_UNIT_STARTED|[EXTERNAL]|VF: /apex/editApexPage.apexp
10:27:20.25 (36241707)|CODE_UNIT_STARTED|[EXTERNAL]|VF Controller Save
10:27:20.25 (36262434)|SYSTEM_MODE_ENTER|false
10:27:20.25 (276076725)|CODE_UNIT_FINISHED|VF Controller Save
10:27:20.25 (315310475)|VF_SERIALIZE_VIEWSTATE_BEGIN|
10:27:20.25 (320255815)|VF_SERIALIZE_VIEWSTATE_END
10:27:20.326 (326936793)|CUMULATIVE_LIMIT_USAGE
10:27:20.326 (326936793)|LIMIT_USAGE_FOR_NS|(default)|
  Number of SOQL queries: 0 out of 100
  Number of query rows: 0 out of 50000
  Number of SOSL queries: 0 out of 20
  Number of DML statements: 0 out of 150
  Number of DML rows: 0 out of 10000
  Maximum CPU time: 0 out of 10000
  Maximum heap size: 0 out of 6000000
  Number of callouts: 0 out of 100
  Number of Email Invocations: 0 out of 10
  Number of future calls: 0 out of 50
  Number of queueable jobs added to the queue: 0 out of 50
  Number of Mobile Apex push calls: 0 out of 10

10:27:20.326 (326936793)|CUMULATIVE_LIMIT_USAGE_END

10:27:20.25 (326972347)|CODE_UNIT_FINISHED|VF: /apex/editApexPage.apexp
10:27:20.25 (327934814)|EXECUTION_FINISHED
