42.0 APEX_CODE,FINEST;APEX_PROFILING,INFO;CALLOUT,INFO;DB,INFO;SYSTEM,DEBUG;VALIDATION,INFO;VISUALFORCE,INFO;WAVE,INFO;WORKFLOW,INFO
11:49:41.0 (294248)|USER_INFO|[EXTERNAL]|0050N000006oSnw|bijays@creation.technology|Greenwich Mean Time|GMTZ
11:49:41.0 (328588)|EXECUTION_STARTED
11:49:41.0 (332488)|CODE_UNIT_STARTED|[EXTERNAL]|VisualForce View State
11:49:41.0 (7567675)|CODE_UNIT_FINISHED|VisualForce View State
11:49:41.0 (8356491)|EXECUTION_FINISHED
11:49:41.23 (23434033)|USER_INFO|[EXTERNAL]|0050N000006oSnw|bijays@creation.technology|Greenwich Mean Time|GMTZ
11:49:41.23 (23453602)|EXECUTION_STARTED
11:49:41.23 (23457964)|CODE_UNIT_STARTED|[EXTERNAL]|VF: /apex/editApexPage.apexp
11:49:41.23 (32755143)|CODE_UNIT_STARTED|[EXTERNAL]|VF Controller Save
11:49:41.23 (32791994)|SYSTEM_MODE_ENTER|false
11:49:41.23 (380516081)|CODE_UNIT_FINISHED|VF Controller Save
11:49:41.23 (416455777)|VF_SERIALIZE_VIEWSTATE_BEGIN|
11:49:41.23 (421560291)|VF_SERIALIZE_VIEWSTATE_END
11:49:41.427 (427719129)|CUMULATIVE_LIMIT_USAGE
11:49:41.427 (427719129)|LIMIT_USAGE_FOR_NS|(default)|
  Number of SOQL queries: 0 out of 100
  Number of query rows: 0 out of 50000
  Number of SOSL queries: 0 out of 20
  Number of DML statements: 0 out of 150
  Number of DML rows: 0 out of 10000
  Maximum CPU time: 0 out of 10000
  Maximum heap size: 0 out of 6000000
  Number of callouts: 0 out of 100
  Number of Email Invocations: 0 out of 10
  Number of future calls: 0 out of 50
  Number of queueable jobs added to the queue: 0 out of 50
  Number of Mobile Apex push calls: 0 out of 10

11:49:41.427 (427719129)|CUMULATIVE_LIMIT_USAGE_END

11:49:41.23 (427768079)|CODE_UNIT_FINISHED|VF: /apex/editApexPage.apexp
11:49:41.23 (428518657)|EXECUTION_FINISHED
