42.0 APEX_CODE,FINEST;APEX_PROFILING,INFO;CALLOUT,INFO;DB,INFO;SYSTEM,DEBUG;VALIDATION,INFO;VISUALFORCE,INFO;WAVE,INFO;WORKFLOW,INFO
11:04:46.0 (276756)|EXECUTION_STARTED
11:04:46.0 (301545)|CODE_UNIT_STARTED|[EXTERNAL]|VisualForce View State
11:04:46.0 (6522041)|CODE_UNIT_FINISHED|VisualForce View State
11:04:46.0 (7494874)|EXECUTION_FINISHED
11:04:47.27 (1027295995)|CUMULATIVE_LIMIT_USAGE
11:04:47.27 (1027295995)|LIMIT_USAGE_FOR_NS|(default)|
  Number of SOQL queries: 0 out of 100
  Number of query rows: 0 out of 50000
  Number of SOSL queries: 0 out of 20
  Number of DML statements: 0 out of 150
  Number of DML rows: 0 out of 10000
  Maximum CPU time: 0 out of 10000
  Maximum heap size: 0 out of 6000000
  Number of callouts: 0 out of 100
  Number of Email Invocations: 0 out of 10
  Number of future calls: 0 out of 50
  Number of queueable jobs added to the queue: 0 out of 50
  Number of Mobile Apex push calls: 0 out of 10

11:04:47.27 (1027295995)|CUMULATIVE_LIMIT_USAGE_END

