42.0 APEX_CODE,FINEST;APEX_PROFILING,INFO;CALLOUT,INFO;DB,INFO;SYSTEM,DEBUG;VALIDATION,INFO;VISUALFORCE,INFO;WAVE,INFO;WORKFLOW,INFO
11:08:13.0 (301035)|USER_INFO|[EXTERNAL]|0050N000006oSnw|bijays@creation.technology|Greenwich Mean Time|GMTZ
11:08:13.0 (331821)|EXECUTION_STARTED
11:08:13.0 (335366)|CODE_UNIT_STARTED|[EXTERNAL]|VisualForce View State
11:08:13.0 (7630053)|CODE_UNIT_FINISHED|VisualForce View State
11:08:13.0 (8491704)|EXECUTION_FINISHED
11:08:13.22 (22984634)|USER_INFO|[EXTERNAL]|0050N000006oSnw|bijays@creation.technology|Greenwich Mean Time|GMTZ
11:08:13.22 (23002488)|EXECUTION_STARTED
11:08:13.22 (23005906)|CODE_UNIT_STARTED|[EXTERNAL]|VF: /apex/editApexPage.apexp
11:08:13.22 (32601259)|CODE_UNIT_STARTED|[EXTERNAL]|VF Controller Save
11:08:13.22 (32625085)|SYSTEM_MODE_ENTER|false
11:08:13.22 (361845951)|CODE_UNIT_FINISHED|VF Controller Save
11:08:13.22 (399034845)|VF_SERIALIZE_VIEWSTATE_BEGIN|
11:08:13.22 (404046081)|VF_SERIALIZE_VIEWSTATE_END
11:08:13.411 (411437326)|CUMULATIVE_LIMIT_USAGE
11:08:13.411 (411437326)|LIMIT_USAGE_FOR_NS|(default)|
  Number of SOQL queries: 0 out of 100
  Number of query rows: 0 out of 50000
  Number of SOSL queries: 0 out of 20
  Number of DML statements: 0 out of 150
  Number of DML rows: 0 out of 10000
  Maximum CPU time: 0 out of 10000
  Maximum heap size: 0 out of 6000000
  Number of callouts: 0 out of 100
  Number of Email Invocations: 0 out of 10
  Number of future calls: 0 out of 50
  Number of queueable jobs added to the queue: 0 out of 50
  Number of Mobile Apex push calls: 0 out of 10

11:08:13.411 (411437326)|CUMULATIVE_LIMIT_USAGE_END

11:08:13.22 (411473162)|CODE_UNIT_FINISHED|VF: /apex/editApexPage.apexp
11:08:13.22 (412271794)|EXECUTION_FINISHED
