42.0 APEX_CODE,FINEST;APEX_PROFILING,INFO;CALLOUT,INFO;DB,INFO;SYSTEM,DEBUG;VALIDATION,INFO;VISUALFORCE,INFO;WAVE,INFO;WORKFLOW,INFO
11:25:48.0 (283536)|USER_INFO|[EXTERNAL]|0050N000006oSnw|bijays@creation.technology|Greenwich Mean Time|GMTZ
11:25:48.0 (315889)|EXECUTION_STARTED
11:25:48.0 (319966)|CODE_UNIT_STARTED|[EXTERNAL]|VisualForce View State
11:25:48.0 (8092711)|CODE_UNIT_FINISHED|VisualForce View State
11:25:48.0 (9261210)|EXECUTION_FINISHED
11:25:48.25 (25619526)|USER_INFO|[EXTERNAL]|0050N000006oSnw|bijays@creation.technology|Greenwich Mean Time|GMTZ
11:25:48.25 (25636098)|EXECUTION_STARTED
11:25:48.25 (25639948)|CODE_UNIT_STARTED|[EXTERNAL]|VF: /apex/editApexPage.apexp
11:25:48.25 (35730492)|CODE_UNIT_STARTED|[EXTERNAL]|VF Controller Save
11:25:48.25 (35752431)|SYSTEM_MODE_ENTER|false
11:25:48.25 (384341717)|CODE_UNIT_FINISHED|VF Controller Save
11:25:48.25 (420988792)|VF_SERIALIZE_VIEWSTATE_BEGIN|
11:25:48.25 (426280076)|VF_SERIALIZE_VIEWSTATE_END
11:25:48.432 (432579020)|CUMULATIVE_LIMIT_USAGE
11:25:48.432 (432579020)|LIMIT_USAGE_FOR_NS|(default)|
  Number of SOQL queries: 0 out of 100
  Number of query rows: 0 out of 50000
  Number of SOSL queries: 0 out of 20
  Number of DML statements: 0 out of 150
  Number of DML rows: 0 out of 10000
  Maximum CPU time: 0 out of 10000
  Maximum heap size: 0 out of 6000000
  Number of callouts: 0 out of 100
  Number of Email Invocations: 0 out of 10
  Number of future calls: 0 out of 50
  Number of queueable jobs added to the queue: 0 out of 50
  Number of Mobile Apex push calls: 0 out of 10

11:25:48.432 (432579020)|CUMULATIVE_LIMIT_USAGE_END

11:25:48.25 (432613794)|CODE_UNIT_FINISHED|VF: /apex/editApexPage.apexp
11:25:48.25 (434189450)|EXECUTION_FINISHED
