42.0 APEX_CODE,FINEST;APEX_PROFILING,INFO;CALLOUT,INFO;DB,INFO;SYSTEM,DEBUG;VALIDATION,INFO;VISUALFORCE,INFO;WAVE,INFO;WORKFLOW,INFO
15:24:05.0 (325015)|USER_INFO|[EXTERNAL]|0050N000006oSnw|bijays@creation.technology|Greenwich Mean Time|GMTZ
15:24:05.0 (358976)|EXECUTION_STARTED
15:24:05.0 (362645)|CODE_UNIT_STARTED|[EXTERNAL]|VisualForce View State
15:24:05.0 (9255786)|CODE_UNIT_FINISHED|VisualForce View State
15:24:05.0 (10182800)|EXECUTION_FINISHED
15:24:05.27 (27721954)|USER_INFO|[EXTERNAL]|0050N000006oSnw|bijays@creation.technology|Greenwich Mean Time|GMTZ
15:24:05.27 (27748569)|EXECUTION_STARTED
15:24:05.27 (27754790)|CODE_UNIT_STARTED|[EXTERNAL]|VF: /apex/editApexPage.apexp
15:24:05.27 (38900845)|CODE_UNIT_STARTED|[EXTERNAL]|VF Controller Save
15:24:05.27 (38923682)|SYSTEM_MODE_ENTER|false
15:24:05.27 (427099540)|CODE_UNIT_FINISHED|VF Controller Save
15:24:05.27 (462867541)|VF_SERIALIZE_VIEWSTATE_BEGIN|
15:24:05.27 (467940659)|VF_SERIALIZE_VIEWSTATE_END
15:24:05.474 (474491709)|CUMULATIVE_LIMIT_USAGE
15:24:05.474 (474491709)|LIMIT_USAGE_FOR_NS|(default)|
  Number of SOQL queries: 0 out of 100
  Number of query rows: 0 out of 50000
  Number of SOSL queries: 0 out of 20
  Number of DML statements: 0 out of 150
  Number of DML rows: 0 out of 10000
  Maximum CPU time: 0 out of 10000
  Maximum heap size: 0 out of 6000000
  Number of callouts: 0 out of 100
  Number of Email Invocations: 0 out of 10
  Number of future calls: 0 out of 50
  Number of queueable jobs added to the queue: 0 out of 50
  Number of Mobile Apex push calls: 0 out of 10

15:24:05.474 (474491709)|CUMULATIVE_LIMIT_USAGE_END

15:24:05.27 (474529333)|CODE_UNIT_FINISHED|VF: /apex/editApexPage.apexp
15:24:05.27 (475311472)|EXECUTION_FINISHED
